https://launchpad.net/~koifresh/+snap/snapcraft-dieklingel-core-6c6f6b04f7583fd50650b0deab434ba4/+build/2046795
RUN: /usr/share/launchpad-buildd/bin/builder-prep 
Kernel version: Linux lcy02-amd64-096 5.4.0-139-generic #156-Ubuntu SMP Fri Jan 20 17:27:18 UTC 2023 x86_64
Buildd toolchain package versions: launchpad-buildd_230~623~ubuntu20.04.1 python3-lpbuildd_230~623~ubuntu20.04.1 sbuild_0.79.0-1ubuntu1 git-build-recipe_0.3.6 git_1:2.25.1-1ubuntu3.10 dpkg-dev_1.19.7ubuntu3.2 python3-debian_0.1.36ubuntu1.
Syncing the system clock with the buildd NTP service...
10 Mar 13:58:47 ntpdate[1850]: adjust time server 10.131.248.1 offset 0.000388 sec
RUN: /usr/share/launchpad-buildd/bin/in-target unpack-chroot --backend=lxd --series=jammy --arch=amd64 SNAPBUILD-2046795 --image-type lxd /home/buildd/filecache-default/a5cea9b5b487c27ef223c5de9108e78eb53b0070
Creating target for build SNAPBUILD-2046795
To start your first container, try: lxc launch ubuntu:20.04
Or for a virtual machine: lxc launch ubuntu:20.04 --vm

/usr/lib/python3/dist-packages/pylxd/models/operation.py:76: UserWarning: Attempted to set unknown attribute "location" on instance of "Operation"
  warnings.warn(
RUN: /usr/share/launchpad-buildd/bin/in-target mount-chroot --backend=lxd --series=jammy --arch=amd64 SNAPBUILD-2046795
Starting target for build SNAPBUILD-2046795
/usr/lib/python3/dist-packages/pylxd/models/operation.py:76: UserWarning: Attempted to set unknown attribute "location" on instance of "Operation"
  warnings.warn(
Error: Instance is not running
/usr/lib/python3/dist-packages/pylxd/models/_model.py:134: UserWarning: Attempted to set unknown attribute "type" on instance of "Container"
  warnings.warn(
/usr/lib/python3/dist-packages/pylxd/models/_model.py:134: UserWarning: Attempted to set unknown attribute "project" on instance of "Container"
  warnings.warn(
Error: Instance is not running
Error: Instance is not running
Error: Instance is not running
RUN: /usr/share/launchpad-buildd/bin/in-target override-sources-list --backend=lxd --series=jammy --arch=amd64 SNAPBUILD-2046795 'deb http://ftpmaster.internal/ubuntu jammy main restricted universe multiverse' 'deb http://ftpmaster.internal/ubuntu jammy-security main restricted universe multiverse' 'deb http://ftpmaster.internal/ubuntu jammy-updates main restricted universe multiverse'
Overriding sources.list in build-SNAPBUILD-2046795
/usr/lib/python3/dist-packages/pylxd/models/_model.py:134: UserWarning: Attempted to set unknown attribute "type" on instance of "Container"
  warnings.warn(
/usr/lib/python3/dist-packages/pylxd/models/_model.py:134: UserWarning: Attempted to set unknown attribute "project" on instance of "Container"
  warnings.warn(
RUN: /usr/share/launchpad-buildd/bin/in-target update-debian-chroot --backend=lxd --series=jammy --arch=amd64 SNAPBUILD-2046795
Updating target for build SNAPBUILD-2046795
Get:1 http://ftpmaster.internal/ubuntu jammy InRelease [270 kB]
Get:2 http://ftpmaster.internal/ubuntu jammy-security InRelease [110 kB]
Get:3 http://ftpmaster.internal/ubuntu jammy-updates InRelease [119 kB]
Get:4 http://ftpmaster.internal/ubuntu jammy/main amd64 Packages [1395 kB]
Get:5 http://ftpmaster.internal/ubuntu jammy/main Translation-en [510 kB]
Get:6 http://ftpmaster.internal/ubuntu jammy/restricted amd64 Packages [129 kB]
Get:7 http://ftpmaster.internal/ubuntu jammy/restricted Translation-en [18.6 kB]
Get:8 http://ftpmaster.internal/ubuntu jammy/universe amd64 Packages [14.1 MB]
Get:9 http://ftpmaster.internal/ubuntu jammy/universe Translation-en [5652 kB]
Get:10 http://ftpmaster.internal/ubuntu jammy/multiverse amd64 Packages [217 kB]
Get:11 http://ftpmaster.internal/ubuntu jammy/multiverse Translation-en [112 kB]
Get:12 http://ftpmaster.internal/ubuntu jammy-security/main amd64 Packages [687 kB]
Get:13 http://ftpmaster.internal/ubuntu jammy-security/main Translation-en [141 kB]
Get:14 http://ftpmaster.internal/ubuntu jammy-security/restricted amd64 Packages [637 kB]
Get:15 http://ftpmaster.internal/ubuntu jammy-security/restricted Translation-en [99.7 kB]
Get:16 http://ftpmaster.internal/ubuntu jammy-security/universe amd64 Packages [702 kB]
Get:17 http://ftpmaster.internal/ubuntu jammy-security/universe Translation-en [112 kB]
Get:18 http://ftpmaster.internal/ubuntu jammy-security/multiverse amd64 Packages [4960 B]
Get:19 http://ftpmaster.internal/ubuntu jammy-security/multiverse Translation-en [996 B]
Get:20 http://ftpmaster.internal/ubuntu jammy-updates/main amd64 Packages [943 kB]
Get:21 http://ftpmaster.internal/ubuntu jammy-updates/main Translation-en [204 kB]
Get:22 http://ftpmaster.internal/ubuntu jammy-updates/restricted amd64 Packages [679 kB]
Get:23 http://ftpmaster.internal/ubuntu jammy-updates/restricted Translation-en [106 kB]
Get:24 http://ftpmaster.internal/ubuntu jammy-updates/universe amd64 Packages [883 kB]
Get:25 http://ftpmaster.internal/ubuntu jammy-updates/universe Translation-en [174 kB]
Get:26 http://ftpmaster.internal/ubuntu jammy-updates/multiverse amd64 Packages [9652 B]
Get:27 http://ftpmaster.internal/ubuntu jammy-updates/multiverse Translation-en [3260 B]
Fetched 28.0 MB in 3s (8440 kB/s)
Reading package lists...
Reading package lists...
Building dependency tree...
Reading state information...
Calculating upgrade...
The following packages were automatically installed and are no longer required:
  libperl5.32 perl-modules-5.32
Use 'apt autoremove' to remove them.
The following packages will be REMOVED:
  libsemanage1*
The following NEW packages will be installed:
  gcc-12-base libperl5.34 libsemanage2 libsepol2 libssl3 perl-modules-5.34
The following packages will be upgraded:
  advancecomp apt base-files base-passwd bash binutils binutils-common
  binutils-x86-64-linux-gnu bsdutils build-essential bzip2 ca-certificates
  coreutils cpp-11 dash debconf debianutils diffutils dpkg dpkg-dev e2fsprogs
  fakeroot findutils g++-11 gcc-11 gcc-11-base gpg gpg-agent gpgconf gpgv grep
  gzip hostname init init-system-helpers libacl1 libapparmor1 libapt-pkg6.0
  libargon2-1 libasan6 libassuan0 libatomic1 libattr1 libaudit-common
  libaudit1 libbinutils libblkid1 libbz2-1.0 libc-bin libc-dev-bin libc6
  libc6-dev libcap-ng0 libcap2 libcc1-0 libcom-err2 libcrypt-dev libcrypt1
  libcryptsetup12 libctf-nobfd0 libctf0 libdb5.3 libdebconfclient0
  libdevmapper1.02.1 libdpkg-perl libext2fs2 libfakeroot libffi8 libgcc-11-dev
  libgcc-s1 libgcrypt20 libgdbm-compat4 libgdbm6 libgmp10 libgnutls30 libgomp1
  libgpg-error0 libgssapi-krb5-2 libhogweed6 libidn2-0 libip4tc2 libisl23
  libitm1 libjson-c5 libk5crypto3 libkeyutils1 libkmod2 libkrb5-3
  libkrb5support0 liblockfile-bin liblockfile1 liblsan0 liblz4-1 liblzma5
  libmount1 libmpc3 libmpfr6 libncurses6 libncursesw6 libnettle8 libnpth0
  libnsl-dev libnsl2 libp11-kit0 libpam-modules libpam-modules-bin
  libpam-runtime libpam0g libpcre2-8-0 libpcre3 libpng16-16 libprocps8
  libquadmath0 libreadline8 libseccomp2 libselinux1 libsemanage-common
  libsmartcols1 libsqlite3-0 libss2 libstdc++-11-dev libstdc++6 libsystemd0
  libtasn1-6 libtinfo6 libtirpc-common libtirpc-dev libtirpc3 libtsan0
  libubsan1 libudev1 libunistring2 libuuid1 libxxhash0 libzstd1 linux-libc-dev
  lockfile-progs login logsave lsb-base lto-disabled-list make mawk mount
  ncurses-base ncurses-bin openssl optipng passwd patch perl perl-base
  pinentry-curses pkgbinarymangler procps readline-common rpcsvc-proto sed
  sensible-utils systemd systemd-sysv systemd-timesyncd sysvinit-utils tar
  tzdata usrmerge util-linux xz-utils zlib1g
169 upgraded, 6 newly installed, 1 to remove and 0 not upgraded.
Need to get 109 MB of archives.
After this operation, 304 MB disk space will be freed.
Get:1 http://ftpmaster.internal/ubuntu jammy/main amd64 rpcsvc-proto amd64 1.4.2-0ubuntu6 [68.5 kB]
Get:2 http://ftpmaster.internal/ubuntu jammy/main amd64 libnsl-dev amd64 1.3.0-2build2 [71.3 kB]
Get:3 http://ftpmaster.internal/ubuntu jammy/main amd64 libcrypt-dev amd64 1:4.4.27-1 [112 kB]
Get:4 http://ftpmaster.internal/ubuntu jammy-updates/main amd64 libc6-dev amd64 2.35-0ubuntu3.1 [2099 kB]
Get:5 http://ftpmaster.internal/ubuntu jammy-updates/main amd64 libc-dev-bin amd64 2.35-0ubuntu3.1 [20.4 kB]
Get:6 http://ftpmaster.internal/ubuntu jammy-security/main amd64 libtirpc-common all 1.3.2-2ubuntu0.1 [7766 B]
Get:7 http://ftpmaster.internal/ubuntu jammy-security/main amd64 libtirpc-dev amd64 1.3.2-2ubuntu0.1 [192 kB]
Get:8 http://ftpmaster.internal/ubuntu jammy-security/main amd64 libssl3 amd64 3.0.2-0ubuntu1.8 [1902 kB]
Get:9 http://ftpmaster.internal/ubuntu jammy-security/main amd64 libk5crypto3 amd64 1.19.2-2ubuntu0.1 [86.3 kB]
Get:10 http://ftpmaster.internal/ubuntu jammy-security/main amd64 libkrb5support0 amd64 1.19.2-2ubuntu0.1 [32.2 kB]
Get:11 http://ftpmaster.internal/ubuntu jammy-security/main amd64 libkrb5-3 amd64 1.19.2-2ubuntu0.1 [357 kB]
Get:12 http://ftpmaster.internal/ubuntu jammy-security/main amd64 libgssapi-krb5-2 amd64 1.19.2-2ubuntu0.1 [144 kB]
Get:13 http://ftpmaster.internal/ubuntu jammy-updates/main amd64 libc6 amd64 2.35-0ubuntu3.1 [3235 kB]
Get:14 http://ftpmaster.internal/ubuntu jammy-updates/main amd64 libc-bin amd64 2.35-0ubuntu3.1 [706 kB]
Get:15 http://ftpmaster.internal/ubuntu jammy-security/main amd64 perl-modules-5.34 all 5.34.0-3ubuntu1.1 [2976 kB]
Get:16 http://ftpmaster.internal/ubuntu jammy-security/main amd64 libperl5.34 amd64 5.34.0-3ubuntu1.1 [4819 kB]
Get:17 http://ftpmaster.internal/ubuntu jammy-security/main amd64 perl amd64 5.34.0-3ubuntu1.1 [232 kB]
Get:18 http://ftpmaster.internal/ubuntu jammy-security/main amd64 perl-base amd64 5.34.0-3ubuntu1.1 [1758 kB]
Get:19 http://ftpmaster.internal/ubuntu jammy/main amd64 bzip2 amd64 1.0.8-5build1 [34.8 kB]
Get:20 http://ftpmaster.internal/ubuntu jammy/main amd64 libbz2-1.0 amd64 1.0.8-5build1 [34.4 kB]
Get:21 http://ftpmaster.internal/ubuntu jammy/main amd64 libaudit-common all 1:3.0.7-1build1 [4726 B]
Get:22 http://ftpmaster.internal/ubuntu jammy/main amd64 libcap-ng0 amd64 0.7.9-2.2build3 [11.6 kB]
Get:23 http://ftpmaster.internal/ubuntu jammy/main amd64 libaudit1 amd64 1:3.0.7-1build1 [46.9 kB]
Get:24 http://ftpmaster.internal/ubuntu jammy-security/main amd64 libpam0g amd64 1.4.0-11ubuntu2.3 [60.3 kB]
Get:25 http://ftpmaster.internal/ubuntu jammy/main amd64 libcrypt1 amd64 1:4.4.27-1 [82.0 kB]
Get:26 http://ftpmaster.internal/ubuntu jammy/main amd64 libdb5.3 amd64 5.3.28+dfsg1-0.8ubuntu3 [722 kB]
Get:27 http://ftpmaster.internal/ubuntu jammy/main amd64 libgdbm6 amd64 1.23-1 [33.9 kB]
Get:28 http://ftpmaster.internal/ubuntu jammy/main amd64 libgdbm-compat4 amd64 1.23-1 [6606 B]
Get:29 http://ftpmaster.internal/ubuntu jammy-security/main amd64 zlib1g amd64 1:1.2.11.dfsg-2ubuntu9.2 [58.4 kB]
Get:30 http://ftpmaster.internal/ubuntu jammy/main amd64 debconf all 1.5.79ubuntu1 [126 kB]
Get:31 http://ftpmaster.internal/ubuntu jammy-security/main amd64 libcom-err2 amd64 1.46.5-2ubuntu1.1 [9158 B]
Get:32 http://ftpmaster.internal/ubuntu jammy/main amd64 libkeyutils1 amd64 1.6.1-2ubuntu3 [10.4 kB]
Get:33 http://ftpmaster.internal/ubuntu jammy-security/main amd64 libtirpc3 amd64 1.3.2-2ubuntu0.1 [82.3 kB]
Get:34 http://ftpmaster.internal/ubuntu jammy/main amd64 libnsl2 amd64 1.3.0-2build2 [42.3 kB]
Get:35 http://ftpmaster.internal/ubuntu jammy-security/main amd64 linux-libc-dev amd64 5.15.0-67.74 [1329 kB]
Get:36 http://ftpmaster.internal/ubuntu jammy-security/main amd64 gcc-12-base amd64 12.1.0-2ubuntu1~22.04 [19.0 kB]
Get:37 http://ftpmaster.internal/ubuntu jammy-security/main amd64 libgcc-s1 amd64 12.1.0-2ubuntu1~22.04 [54.3 kB]
Get:38 http://ftpmaster.internal/ubuntu jammy-updates/main amd64 base-files amd64 12ubuntu4.3 [62.6 kB]
Get:39 http://ftpmaster.internal/ubuntu jammy/main amd64 debianutils amd64 5.5-1ubuntu2 [107 kB]
Get:40 http://ftpmaster.internal/ubuntu jammy/main amd64 bash amd64 5.1-6ubuntu1 [769 kB]
Get:41 http://ftpmaster.internal/ubuntu jammy/main amd64 bsdutils amd64 1:2.37.2-4ubuntu3 [81.5 kB]
Get:42 http://ftpmaster.internal/ubuntu jammy/main amd64 coreutils amd64 8.32-4.1ubuntu1 [1438 kB]
Get:43 http://ftpmaster.internal/ubuntu jammy/main amd64 libgpg-error0 amd64 1.43-3 [69.7 kB]
Get:44 http://ftpmaster.internal/ubuntu jammy/main amd64 libgcrypt20 amd64 1.9.4-3ubuntu3 [515 kB]
Get:45 http://ftpmaster.internal/ubuntu jammy/main amd64 liblz4-1 amd64 1.9.3-2build2 [56.9 kB]
Get:46 http://ftpmaster.internal/ubuntu jammy/main amd64 liblzma5 amd64 5.2.5-2ubuntu1 [99.5 kB]
Get:47 http://ftpmaster.internal/ubuntu jammy-security/main amd64 libstdc++6 amd64 12.1.0-2ubuntu1~22.04 [696 kB]
Get:48 http://ftpmaster.internal/ubuntu jammy/main amd64 libargon2-1 amd64 0~20171227-0.3 [19.5 kB]
Get:49 http://ftpmaster.internal/ubuntu jammy/main amd64 libblkid1 amd64 2.37.2-4ubuntu3 [104 kB]
Get:50 http://ftpmaster.internal/ubuntu jammy-security/main amd64 libpcre2-8-0 amd64 10.39-3ubuntu0.1 [221 kB]
Get:51 http://ftpmaster.internal/ubuntu jammy/main amd64 libselinux1 amd64 3.3-1build2 [74.6 kB]
Get:52 http://ftpmaster.internal/ubuntu jammy-security/main amd64 libudev1 amd64 249.11-0ubuntu3.7 [76.9 kB]
Get:53 http://ftpmaster.internal/ubuntu jammy/main amd64 libdevmapper1.02.1 amd64 2:1.02.175-2.1ubuntu4 [139 kB]
Get:54 http://ftpmaster.internal/ubuntu jammy-updates/main amd64 libjson-c5 amd64 0.15-3~ubuntu1.22.04.1 [33.5 kB]
Get:55 http://ftpmaster.internal/ubuntu jammy/main amd64 libuuid1 amd64 2.37.2-4ubuntu3 [24.2 kB]
Get:56 http://ftpmaster.internal/ubuntu jammy-updates/main amd64 libcryptsetup12 amd64 2:2.4.3-1ubuntu1.1 [211 kB]
Get:57 http://ftpmaster.internal/ubuntu jammy/main amd64 libgmp10 amd64 2:6.2.1+dfsg-3ubuntu1 [250 kB]
Get:58 http://ftpmaster.internal/ubuntu jammy/main amd64 libnettle8 amd64 3.7.3-1build2 [159 kB]
Get:59 http://ftpmaster.internal/ubuntu jammy/main amd64 libhogweed6 amd64 3.7.3-1build2 [199 kB]
Get:60 http://ftpmaster.internal/ubuntu jammy/main amd64 libunistring2 amd64 1.0-1 [554 kB]
Get:61 http://ftpmaster.internal/ubuntu jammy/main amd64 libidn2-0 amd64 2.3.2-2build1 [66.4 kB]
Get:62 http://ftpmaster.internal/ubuntu jammy/main amd64 libffi8 amd64 3.4.2-4 [22.3 kB]
Get:63 http://ftpmaster.internal/ubuntu jammy/main amd64 libp11-kit0 amd64 0.24.0-6build1 [252 kB]
Get:64 http://ftpmaster.internal/ubuntu jammy/main amd64 libtasn1-6 amd64 4.18.0-4build1 [42.9 kB]
Get:65 http://ftpmaster.internal/ubuntu jammy-security/main amd64 libgnutls30 amd64 3.7.3-4ubuntu1.2 [968 kB]
Get:66 http://ftpmaster.internal/ubuntu jammy-security/main amd64 systemd-sysv amd64 249.11-0ubuntu3.7 [10.5 kB]
Get:67 http://ftpmaster.internal/ubuntu jammy-security/main amd64 systemd-timesyncd amd64 249.11-0ubuntu3.7 [31.2 kB]
Get:68 http://ftpmaster.internal/ubuntu jammy/main amd64 libacl1 amd64 2.3.1-1 [16.2 kB]
Get:69 http://ftpmaster.internal/ubuntu jammy-updates/main amd64 libapparmor1 amd64 3.0.4-2ubuntu2.1 [38.7 kB]
Get:70 http://ftpmaster.internal/ubuntu jammy/main amd64 libip4tc2 amd64 1.8.7-1ubuntu5 [19.7 kB]
Get:71 http://ftpmaster.internal/ubuntu jammy/main amd64 libzstd1 amd64 1.4.8+dfsg-3build1 [324 kB]
Get:72 http://ftpmaster.internal/ubuntu jammy/main amd64 libkmod2 amd64 29-1ubuntu1 [48.0 kB]
Get:73 http://ftpmaster.internal/ubuntu jammy/main amd64 libmount1 amd64 2.37.2-4ubuntu3 [122 kB]
Get:74 http://ftpmaster.internal/ubuntu jammy/main amd64 libseccomp2 amd64 2.5.3-2ubuntu2 [47.4 kB]
Get:75 http://ftpmaster.internal/ubuntu jammy-security/main amd64 login amd64 1:4.8.1-2ubuntu2.1 [188 kB]
Get:76 http://ftpmaster.internal/ubuntu jammy/main amd64 util-linux amd64 2.37.2-4ubuntu3 [1064 kB]
Get:77 http://ftpmaster.internal/ubuntu jammy/main amd64 mount amd64 2.37.2-4ubuntu3 [114 kB]
Get:78 http://ftpmaster.internal/ubuntu jammy-security/main amd64 systemd amd64 249.11-0ubuntu3.7 [4580 kB]
Get:79 http://ftpmaster.internal/ubuntu jammy-security/main amd64 libsystemd0 amd64 249.11-0ubuntu3.7 [317 kB]
Get:80 http://ftpmaster.internal/ubuntu jammy/main amd64 libxxhash0 amd64 0.8.1-1 [27.3 kB]
Get:81 http://ftpmaster.internal/ubuntu jammy-updates/main amd64 libapt-pkg6.0 amd64 2.4.8 [907 kB]
Get:82 http://ftpmaster.internal/ubuntu jammy-security/main amd64 tar amd64 1.34+dfsg-1ubuntu0.1.22.04.1 [295 kB]
Get:83 http://ftpmaster.internal/ubuntu jammy-security/main amd64 dpkg amd64 1.21.1ubuntu2.1 [1239 kB]
Get:84 http://ftpmaster.internal/ubuntu jammy/main amd64 dash amd64 0.5.11+git20210903+057cd650a4ed-3build1 [92.0 kB]
Get:85 http://ftpmaster.internal/ubuntu jammy/main amd64 diffutils amd64 1:3.8-0ubuntu2 [172 kB]
Get:86 http://ftpmaster.internal/ubuntu jammy/main amd64 findutils amd64 4.8.0-1ubuntu3 [332 kB]
Get:87 http://ftpmaster.internal/ubuntu jammy/main amd64 grep amd64 3.7-1build1 [156 kB]
Get:88 http://ftpmaster.internal/ubuntu jammy-updates/main amd64 gzip amd64 1.10-4ubuntu4.1 [96.0 kB]
Get:89 http://ftpmaster.internal/ubuntu jammy/main amd64 hostname amd64 3.23ubuntu2 [11.4 kB]
Get:90 http://ftpmaster.internal/ubuntu jammy/main amd64 libncurses6 amd64 6.3-2 [111 kB]
Get:91 http://ftpmaster.internal/ubuntu jammy/main amd64 libncursesw6 amd64 6.3-2 [149 kB]
Get:92 http://ftpmaster.internal/ubuntu jammy/main amd64 libtinfo6 amd64 6.3-2 [104 kB]
Get:93 http://ftpmaster.internal/ubuntu jammy/main amd64 ncurses-bin amd64 6.3-2 [184 kB]
Get:94 http://ftpmaster.internal/ubuntu jammy/main amd64 sed amd64 4.8-1ubuntu2 [188 kB]
Get:95 http://ftpmaster.internal/ubuntu jammy/main amd64 libdebconfclient0 amd64 0.261ubuntu1 [7198 B]
Get:96 http://ftpmaster.internal/ubuntu jammy/main amd64 base-passwd amd64 3.5.52build1 [49.1 kB]
Get:97 http://ftpmaster.internal/ubuntu jammy/main amd64 init-system-helpers all 1.62 [38.5 kB]
Get:98 http://ftpmaster.internal/ubuntu jammy/main amd64 ncurses-base all 6.3-2 [20.1 kB]
Get:99 http://ftpmaster.internal/ubuntu jammy/main amd64 lsb-base all 11.1.0ubuntu4 [12.3 kB]
Get:100 http://ftpmaster.internal/ubuntu jammy/main amd64 sysvinit-utils amd64 3.01-1ubuntu1 [20.6 kB]
Get:101 http://ftpmaster.internal/ubuntu jammy-security/main amd64 gpgv amd64 2.2.27-3ubuntu2.1 [137 kB]
Get:102 http://ftpmaster.internal/ubuntu jammy-updates/main amd64 apt amd64 2.4.8 [1379 kB]
Get:103 http://ftpmaster.internal/ubuntu jammy/main amd64 libsepol2 amd64 3.3-1build1 [282 kB]
Get:104 http://ftpmaster.internal/ubuntu jammy/main amd64 libsemanage-common all 3.3-1build2 [9874 B]
Get:105 http://ftpmaster.internal/ubuntu jammy/main amd64 libsemanage2 amd64 3.3-1build2 [92.6 kB]
Get:106 http://ftpmaster.internal/ubuntu jammy-security/main amd64 passwd amd64 1:4.8.1-2ubuntu2.1 [768 kB]
Get:107 http://ftpmaster.internal/ubuntu jammy-security/main amd64 libpam-modules-bin amd64 1.4.0-11ubuntu2.3 [37.6 kB]
Get:108 http://ftpmaster.internal/ubuntu jammy-security/main amd64 libpam-modules amd64 1.4.0-11ubuntu2.3 [280 kB]
Get:109 http://ftpmaster.internal/ubuntu jammy-security/main amd64 logsave amd64 1.46.5-2ubuntu1.1 [9932 B]
Get:110 http://ftpmaster.internal/ubuntu jammy-security/main amd64 libext2fs2 amd64 1.46.5-2ubuntu1.1 [208 kB]
Get:111 http://ftpmaster.internal/ubuntu jammy-security/main amd64 e2fsprogs amd64 1.46.5-2ubuntu1.1 [591 kB]
Get:112 http://ftpmaster.internal/ubuntu jammy/main amd64 init amd64 1.62 [5412 B]
Get:113 http://ftpmaster.internal/ubuntu jammy/main amd64 libattr1 amd64 1:2.5.1-1build1 [13.3 kB]
Get:114 http://ftpmaster.internal/ubuntu jammy/main amd64 libcap2 amd64 1:2.44-1build3 [18.1 kB]
Get:115 http://ftpmaster.internal/ubuntu jammy-security/main amd64 libpam-runtime all 1.4.0-11ubuntu2.3 [40.2 kB]
Get:116 http://ftpmaster.internal/ubuntu jammy-security/main amd64 libpcre3 amd64 2:8.39-13ubuntu0.22.04.1 [246 kB]
Get:117 http://ftpmaster.internal/ubuntu jammy/main amd64 libsmartcols1 amd64 2.37.2-4ubuntu3 [51.2 kB]
Get:118 http://ftpmaster.internal/ubuntu jammy/main amd64 libprocps8 amd64 2:3.3.17-6ubuntu2 [36.0 kB]
Get:119 http://ftpmaster.internal/ubuntu jammy-security/main amd64 libss2 amd64 1.46.5-2ubuntu1.1 [12.3 kB]
Get:120 http://ftpmaster.internal/ubuntu jammy/main amd64 mawk amd64 1.3.4.20200120-3 [104 kB]
Get:121 http://ftpmaster.internal/ubuntu jammy/main amd64 procps amd64 2:3.3.17-6ubuntu2 [377 kB]
Get:122 http://ftpmaster.internal/ubuntu jammy/main amd64 sensible-utils all 0.0.17 [20.1 kB]
Get:123 http://ftpmaster.internal/ubuntu jammy/main amd64 usrmerge all 25ubuntu2 [54.7 kB]
Get:124 http://ftpmaster.internal/ubuntu jammy-security/main amd64 openssl amd64 3.0.2-0ubuntu1.8 [1184 kB]
Get:125 http://ftpmaster.internal/ubuntu jammy-security/main amd64 ca-certificates all 20211016ubuntu0.22.04.1 [144 kB]
Get:126 http://ftpmaster.internal/ubuntu jammy/main amd64 readline-common all 8.1.2-1 [53.5 kB]
Get:127 http://ftpmaster.internal/ubuntu jammy/main amd64 libreadline8 amd64 8.1.2-1 [153 kB]
Get:128 http://ftpmaster.internal/ubuntu jammy-security/main amd64 libsqlite3-0 amd64 3.37.2-2ubuntu0.1 [641 kB]
Get:129 http://ftpmaster.internal/ubuntu jammy-security/main amd64 tzdata all 2022g-0ubuntu0.22.04.1 [333 kB]
Get:130 http://ftpmaster.internal/ubuntu jammy/main amd64 libpng16-16 amd64 1.6.37-3build5 [191 kB]
Get:131 http://ftpmaster.internal/ubuntu jammy/main amd64 xz-utils amd64 5.2.5-2ubuntu1 [84.8 kB]
Get:132 http://ftpmaster.internal/ubuntu jammy-security/main amd64 advancecomp amd64 2.1-2.1ubuntu2.1 [171 kB]
Get:133 http://ftpmaster.internal/ubuntu jammy-security/main amd64 libctf0 amd64 2.38-4ubuntu2.1 [103 kB]
Get:134 http://ftpmaster.internal/ubuntu jammy-security/main amd64 libctf-nobfd0 amd64 2.38-4ubuntu2.1 [107 kB]
Get:135 http://ftpmaster.internal/ubuntu jammy-security/main amd64 binutils-x86-64-linux-gnu amd64 2.38-4ubuntu2.1 [2328 kB]
Get:136 http://ftpmaster.internal/ubuntu jammy-security/main amd64 libbinutils amd64 2.38-4ubuntu2.1 [661 kB]
Get:137 http://ftpmaster.internal/ubuntu jammy-security/main amd64 binutils amd64 2.38-4ubuntu2.1 [3198 B]
Get:138 http://ftpmaster.internal/ubuntu jammy-security/main amd64 binutils-common amd64 2.38-4ubuntu2.1 [221 kB]
Get:139 http://ftpmaster.internal/ubuntu jammy/main amd64 make amd64 4.3-4.1build1 [180 kB]
Get:140 http://ftpmaster.internal/ubuntu jammy-security/main amd64 dpkg-dev all 1.21.1ubuntu2.1 [922 kB]
Get:141 http://ftpmaster.internal/ubuntu jammy-security/main amd64 libdpkg-perl all 1.21.1ubuntu2.1 [237 kB]
Get:142 http://ftpmaster.internal/ubuntu jammy/main amd64 patch amd64 2.7.6-7build2 [109 kB]
Get:143 http://ftpmaster.internal/ubuntu jammy/main amd64 lto-disabled-list all 24 [12.5 kB]
Get:144 http://ftpmaster.internal/ubuntu jammy/main amd64 build-essential amd64 12.9ubuntu3 [4744 B]
Get:145 http://ftpmaster.internal/ubuntu jammy-security/main amd64 libubsan1 amd64 12.1.0-2ubuntu1~22.04 [976 kB]
Get:146 http://ftpmaster.internal/ubuntu jammy-security/main amd64 libtsan0 amd64 11.3.0-1ubuntu1~22.04 [2262 kB]
Get:147 http://ftpmaster.internal/ubuntu jammy-security/main amd64 libgomp1 amd64 12.1.0-2ubuntu1~22.04 [126 kB]
Get:148 http://ftpmaster.internal/ubuntu jammy-security/main amd64 libitm1 amd64 12.1.0-2ubuntu1~22.04 [30.2 kB]
Get:149 http://ftpmaster.internal/ubuntu jammy-security/main amd64 libatomic1 amd64 12.1.0-2ubuntu1~22.04 [10.4 kB]
Get:150 http://ftpmaster.internal/ubuntu jammy-security/main amd64 libasan6 amd64 11.3.0-1ubuntu1~22.04 [2284 kB]
Get:151 http://ftpmaster.internal/ubuntu jammy-security/main amd64 liblsan0 amd64 12.1.0-2ubuntu1~22.04 [1069 kB]
Get:152 http://ftpmaster.internal/ubuntu jammy-security/main amd64 libquadmath0 amd64 12.1.0-2ubuntu1~22.04 [154 kB]
Get:153 http://ftpmaster.internal/ubuntu jammy-security/main amd64 g++-11 amd64 11.3.0-1ubuntu1~22.04 [11.4 MB]
Get:154 http://ftpmaster.internal/ubuntu jammy-security/main amd64 gcc-11 amd64 11.3.0-1ubuntu1~22.04 [20.1 MB]
Get:155 http://ftpmaster.internal/ubuntu jammy-security/main amd64 libstdc++-11-dev amd64 11.3.0-1ubuntu1~22.04 [2087 kB]
Get:156 http://ftpmaster.internal/ubuntu jammy-security/main amd64 libgcc-11-dev amd64 11.3.0-1ubuntu1~22.04 [2517 kB]
Get:157 http://ftpmaster.internal/ubuntu jammy-security/main amd64 libcc1-0 amd64 12.1.0-2ubuntu1~22.04 [47.4 kB]
Get:158 http://ftpmaster.internal/ubuntu jammy-security/main amd64 cpp-11 amd64 11.3.0-1ubuntu1~22.04 [9967 kB]
Get:159 http://ftpmaster.internal/ubuntu jammy-security/main amd64 gcc-11-base amd64 11.3.0-1ubuntu1~22.04 [20.8 kB]
Get:160 http://ftpmaster.internal/ubuntu jammy/main amd64 libisl23 amd64 0.24-2build1 [727 kB]
Get:161 http://ftpmaster.internal/ubuntu jammy/main amd64 libmpfr6 amd64 4.1.0-3build3 [1425 kB]
Get:162 http://ftpmaster.internal/ubuntu jammy/main amd64 libmpc3 amd64 1.2.1-2build1 [46.9 kB]
Get:163 http://ftpmaster.internal/ubuntu jammy/main amd64 libfakeroot amd64 1.28-1ubuntu1 [31.5 kB]
Get:164 http://ftpmaster.internal/ubuntu jammy/main amd64 fakeroot amd64 1.28-1ubuntu1 [60.4 kB]
Get:165 http://ftpmaster.internal/ubuntu jammy/main amd64 libassuan0 amd64 2.5.5-1build1 [38.2 kB]
Get:166 http://ftpmaster.internal/ubuntu jammy/main amd64 pinentry-curses amd64 1.1.1-1build2 [34.4 kB]
Get:167 http://ftpmaster.internal/ubuntu jammy/main amd64 libnpth0 amd64 1.6-3build2 [8664 B]
Get:168 http://ftpmaster.internal/ubuntu jammy-security/main amd64 gpg amd64 2.2.27-3ubuntu2.1 [519 kB]
Get:169 http://ftpmaster.internal/ubuntu jammy-security/main amd64 gpgconf amd64 2.2.27-3ubuntu2.1 [94.2 kB]
Get:170 http://ftpmaster.internal/ubuntu jammy-security/main amd64 gpg-agent amd64 2.2.27-3ubuntu2.1 [209 kB]
Get:171 http://ftpmaster.internal/ubuntu jammy/main amd64 liblockfile-bin amd64 1.17-1build2 [11.7 kB]
Get:172 http://ftpmaster.internal/ubuntu jammy/main amd64 liblockfile1 amd64 1.17-1build2 [7058 B]
Get:173 http://ftpmaster.internal/ubuntu jammy/main amd64 lockfile-progs amd64 0.1.19build1 [9974 B]
Get:174 http://ftpmaster.internal/ubuntu jammy/main amd64 optipng amd64 0.7.7-2build1 [84.8 kB]
Get:175 http://ftpmaster.internal/ubuntu jammy/main amd64 pkgbinarymangler all 149 [32.4 kB]
debconf: delaying package configuration, since apt-utils is not installed
Fetched 109 MB in 1s (108 MB/s)
(Reading database ... 13258 files and directories currently installed.)
Preparing to unpack .../0-rpcsvc-proto_1.4.2-0ubuntu6_amd64.deb ...
Unpacking rpcsvc-proto (1.4.2-0ubuntu6) over (1.4.2-0ubuntu5) ...
Preparing to unpack .../1-libnsl-dev_1.3.0-2build2_amd64.deb ...
Unpacking libnsl-dev:amd64 (1.3.0-2build2) over (1.3.0-2build1) ...
Preparing to unpack .../2-libcrypt-dev_1%3a4.4.27-1_amd64.deb ...
Unpacking libcrypt-dev:amd64 (1:4.4.27-1) over (1:4.4.18-4ubuntu2) ...
Preparing to unpack .../3-libc6-dev_2.35-0ubuntu3.1_amd64.deb ...
Unpacking libc6-dev:amd64 (2.35-0ubuntu3.1) over (2.34-0ubuntu3) ...
Preparing to unpack .../4-libc-dev-bin_2.35-0ubuntu3.1_amd64.deb ...
Unpacking libc-dev-bin (2.35-0ubuntu3.1) over (2.34-0ubuntu3) ...
Preparing to unpack .../5-libtirpc-common_1.3.2-2ubuntu0.1_all.deb ...
Unpacking libtirpc-common (1.3.2-2ubuntu0.1) over (1.3.2-2) ...
Setting up libtirpc-common (1.3.2-2ubuntu0.1) ...
(Reading database ... 13263 files and directories currently installed.)
Preparing to unpack .../libtirpc-dev_1.3.2-2ubuntu0.1_amd64.deb ...
Unpacking libtirpc-dev:amd64 (1.3.2-2ubuntu0.1) over (1.3.2-2) ...
Selecting previously unselected package libssl3:amd64.
Preparing to unpack .../libssl3_3.0.2-0ubuntu1.8_amd64.deb ...
Unpacking libssl3:amd64 (3.0.2-0ubuntu1.8) ...
Setting up libssl3:amd64 (3.0.2-0ubuntu1.8) ...
(Reading database ... 13274 files and directories currently installed.)
Preparing to unpack .../libk5crypto3_1.19.2-2ubuntu0.1_amd64.deb ...
Unpacking libk5crypto3:amd64 (1.19.2-2ubuntu0.1) over (1.18.3-6) ...
Setting up libk5crypto3:amd64 (1.19.2-2ubuntu0.1) ...
(Reading database ... 13274 files and directories currently installed.)
Preparing to unpack .../libkrb5support0_1.19.2-2ubuntu0.1_amd64.deb ...
Unpacking libkrb5support0:amd64 (1.19.2-2ubuntu0.1) over (1.18.3-6) ...
Setting up libkrb5support0:amd64 (1.19.2-2ubuntu0.1) ...
(Reading database ... 13274 files and directories currently installed.)
Preparing to unpack .../libkrb5-3_1.19.2-2ubuntu0.1_amd64.deb ...
Unpacking libkrb5-3:amd64 (1.19.2-2ubuntu0.1) over (1.18.3-6) ...
Setting up libkrb5-3:amd64 (1.19.2-2ubuntu0.1) ...
(Reading database ... 13274 files and directories currently installed.)
Preparing to unpack .../libgssapi-krb5-2_1.19.2-2ubuntu0.1_amd64.deb ...
Unpacking libgssapi-krb5-2:amd64 (1.19.2-2ubuntu0.1) over (1.18.3-6) ...
Setting up libgssapi-krb5-2:amd64 (1.19.2-2ubuntu0.1) ...
(Reading database ... 13274 files and directories currently installed.)
Preparing to unpack .../libc6_2.35-0ubuntu3.1_amd64.deb ...
Checking for services that may need to be restarted...
Checking init scripts...
Checking for services that may need to be restarted...
Checking init scripts...
Nothing to restart.
Unpacking libc6:amd64 (2.35-0ubuntu3.1) over (2.34-0ubuntu3) ...
Setting up libc6:amd64 (2.35-0ubuntu3.1) ...
Checking for services that may need to be restarted...
Checking init scripts...
Nothing to restart.
(Reading database ... 13273 files and directories currently installed.)
Preparing to unpack .../libc-bin_2.35-0ubuntu3.1_amd64.deb ...
Unpacking libc-bin (2.35-0ubuntu3.1) over (2.34-0ubuntu3) ...
Setting up libc-bin (2.35-0ubuntu3.1) ...
(Reading database ... 13271 files and directories currently installed.)
Preparing to unpack .../perl_5.34.0-3ubuntu1.1_amd64.deb ...
Unpacking perl (5.34.0-3ubuntu1.1) over (5.32.1-3ubuntu3) ...
Selecting previously unselected package perl-modules-5.34.
Preparing to unpack .../perl-modules-5.34_5.34.0-3ubuntu1.1_all.deb ...
Unpacking perl-modules-5.34 (5.34.0-3ubuntu1.1) ...
Selecting previously unselected package libperl5.34:amd64.
Preparing to unpack .../libperl5.34_5.34.0-3ubuntu1.1_amd64.deb ...
Unpacking libperl5.34:amd64 (5.34.0-3ubuntu1.1) ...
Preparing to unpack .../perl-base_5.34.0-3ubuntu1.1_amd64.deb ...
Unpacking perl-base (5.34.0-3ubuntu1.1) over (5.32.1-3ubuntu3) ...
Setting up perl-base (5.34.0-3ubuntu1.1) ...
(Reading database ... 15182 files and directories currently installed.)
Preparing to unpack .../bzip2_1.0.8-5build1_amd64.deb ...
Unpacking bzip2 (1.0.8-5build1) over (1.0.8-4ubuntu4) ...
Preparing to unpack .../libbz2-1.0_1.0.8-5build1_amd64.deb ...
Unpacking libbz2-1.0:amd64 (1.0.8-5build1) over (1.0.8-4ubuntu4) ...
Setting up libbz2-1.0:amd64 (1.0.8-5build1) ...
(Reading database ... 15182 files and directories currently installed.)
Preparing to unpack .../libaudit-common_1%3a3.0.7-1build1_all.deb ...
Unpacking libaudit-common (1:3.0.7-1build1) over (1:3.0-2ubuntu3) ...
Setting up libaudit-common (1:3.0.7-1build1) ...
(Reading database ... 15182 files and directories currently installed.)
Preparing to unpack .../libcap-ng0_0.7.9-2.2build3_amd64.deb ...
Unpacking libcap-ng0:amd64 (0.7.9-2.2build3) over (0.7.9-2.2build2) ...
Setting up libcap-ng0:amd64 (0.7.9-2.2build3) ...
(Reading database ... 15182 files and directories currently installed.)
Preparing to unpack .../libaudit1_1%3a3.0.7-1build1_amd64.deb ...
Unpacking libaudit1:amd64 (1:3.0.7-1build1) over (1:3.0-2ubuntu3) ...
Setting up libaudit1:amd64 (1:3.0.7-1build1) ...
(Reading database ... 15182 files and directories currently installed.)
Preparing to unpack .../libpam0g_1.4.0-11ubuntu2.3_amd64.deb ...
Unpacking libpam0g:amd64 (1.4.0-11ubuntu2.3) over (1.3.1-5ubuntu11) ...
Setting up libpam0g:amd64 (1.4.0-11ubuntu2.3) ...
Checking for services that may need to be restarted...Checking init scripts...
Nothing to restart.
(Reading database ... 15182 files and directories currently installed.)
Preparing to unpack .../libcrypt1_1%3a4.4.27-1_amd64.deb ...
Unpacking libcrypt1:amd64 (1:4.4.27-1) over (1:4.4.18-4ubuntu2) ...
Setting up libcrypt1:amd64 (1:4.4.27-1) ...
(Reading database ... 15182 files and directories currently installed.)
Preparing to unpack .../libdb5.3_5.3.28+dfsg1-0.8ubuntu3_amd64.deb ...
Unpacking libdb5.3:amd64 (5.3.28+dfsg1-0.8ubuntu3) over (5.3.28+dfsg1-0.8ubuntu2) ...
Setting up libdb5.3:amd64 (5.3.28+dfsg1-0.8ubuntu3) ...
(Reading database ... 15182 files and directories currently installed.)
Preparing to unpack .../libgdbm6_1.23-1_amd64.deb ...
Unpacking libgdbm6:amd64 (1.23-1) over (1.19-2build1) ...
Preparing to unpack .../libgdbm-compat4_1.23-1_amd64.deb ...
Unpacking libgdbm-compat4:amd64 (1.23-1) over (1.19-2build1) ...
Preparing to unpack .../zlib1g_1%3a1.2.11.dfsg-2ubuntu9.2_amd64.deb ...
Unpacking zlib1g:amd64 (1:1.2.11.dfsg-2ubuntu9.2) over (1:1.2.11.dfsg-2ubuntu7) ...
Setting up zlib1g:amd64 (1:1.2.11.dfsg-2ubuntu9.2) ...
(Reading database ... 15182 files and directories currently installed.)
Preparing to unpack .../debconf_1.5.79ubuntu1_all.deb ...
Unpacking debconf (1.5.79ubuntu1) over (1.5.77) ...
Setting up debconf (1.5.79ubuntu1) ...
(Reading database ... 15181 files and directories currently installed.)
Preparing to unpack .../libcom-err2_1.46.5-2ubuntu1.1_amd64.deb ...
Unpacking libcom-err2:amd64 (1.46.5-2ubuntu1.1) over (1.46.3-1ubuntu3) ...
Setting up libcom-err2:amd64 (1.46.5-2ubuntu1.1) ...
(Reading database ... 15181 files and directories currently installed.)
Preparing to unpack .../libkeyutils1_1.6.1-2ubuntu3_amd64.deb ...
Unpacking libkeyutils1:amd64 (1.6.1-2ubuntu3) over (1.6.1-2ubuntu2) ...
Setting up libkeyutils1:amd64 (1.6.1-2ubuntu3) ...
(Reading database ... 15181 files and directories currently installed.)
Preparing to unpack .../libtirpc3_1.3.2-2ubuntu0.1_amd64.deb ...
Unpacking libtirpc3:amd64 (1.3.2-2ubuntu0.1) over (1.3.2-2) ...
Setting up libtirpc3:amd64 (1.3.2-2ubuntu0.1) ...
(Reading database ... 15181 files and directories currently installed.)
Preparing to unpack .../libnsl2_1.3.0-2build2_amd64.deb ...
Unpacking libnsl2:amd64 (1.3.0-2build2) over (1.3.0-2build1) ...
Setting up libnsl2:amd64 (1.3.0-2build2) ...
(Reading database ... 15181 files and directories currently installed.)
Preparing to unpack .../linux-libc-dev_5.15.0-67.74_amd64.deb ...
Unpacking linux-libc-dev:amd64 (5.15.0-67.74) over (5.13.0-19.19) ...
Selecting previously unselected package gcc-12-base:amd64.
Preparing to unpack .../gcc-12-base_12.1.0-2ubuntu1~22.04_amd64.deb ...
Unpacking gcc-12-base:amd64 (12.1.0-2ubuntu1~22.04) ...
Setting up gcc-12-base:amd64 (12.1.0-2ubuntu1~22.04) ...
(Reading database ... 15199 files and directories currently installed.)
Preparing to unpack .../libgcc-s1_12.1.0-2ubuntu1~22.04_amd64.deb ...
Unpacking libgcc-s1:amd64 (12.1.0-2ubuntu1~22.04) over (11.2.0-7ubuntu2) ...
Setting up libgcc-s1:amd64 (12.1.0-2ubuntu1~22.04) ...
(Reading database ... 15199 files and directories currently installed.)
Preparing to unpack .../base-files_12ubuntu4.3_amd64.deb ...
Unpacking base-files (12ubuntu4.3) over (12ubuntu1) ...
Setting up base-files (12ubuntu4.3) ...
Installing new version of config file /etc/issue ...
Installing new version of config file /etc/issue.net ...
Installing new version of config file /etc/lsb-release ...
/usr/sbin/policy-rc.d returned 101, not running 'restart motd-news.timer'
/usr/sbin/policy-rc.d returned 101, not running 'restart motd-news.service'
(Reading database ... 15199 files and directories currently installed.)
Preparing to unpack .../debianutils_5.5-1ubuntu2_amd64.deb ...
Unpacking debianutils (5.5-1ubuntu2) over (4.11.2build1) ...
Setting up debianutils (5.5-1ubuntu2) ...
update-alternatives: using /usr/bin/which.debianutils to provide /usr/bin/which (which) in auto mode
(Reading database ... 15203 files and directories currently installed.)
Preparing to unpack .../bash_5.1-6ubuntu1_amd64.deb ...
Unpacking bash (5.1-6ubuntu1) over (5.1-3ubuntu2) ...
Setting up bash (5.1-6ubuntu1) ...
update-alternatives: using /usr/share/man/man7/bash-builtins.7.gz to provide /usr/share/man/man7/builtins.7.gz (builtins.7.gz) in auto mode
(Reading database ... 15203 files and directories currently installed.)
Preparing to unpack .../bsdutils_1%3a2.37.2-4ubuntu3_amd64.deb ...
Unpacking bsdutils (1:2.37.2-4ubuntu3) over (1:2.36.1-8ubuntu1) ...
Setting up bsdutils (1:2.37.2-4ubuntu3) ...
(Reading database ... 15203 files and directories currently installed.)
Preparing to unpack .../coreutils_8.32-4.1ubuntu1_amd64.deb ...
Unpacking coreutils (8.32-4.1ubuntu1) over (8.32-4ubuntu3) ...
Setting up coreutils (8.32-4.1ubuntu1) ...
(Reading database ... 15203 files and directories currently installed.)
Preparing to unpack .../libgpg-error0_1.43-3_amd64.deb ...
Unpacking libgpg-error0:amd64 (1.43-3) over (1.38-2build2) ...
Setting up libgpg-error0:amd64 (1.43-3) ...
(Reading database ... 15203 files and directories currently installed.)
Preparing to unpack .../libgcrypt20_1.9.4-3ubuntu3_amd64.deb ...
Unpacking libgcrypt20:amd64 (1.9.4-3ubuntu3) over (1.8.7-5ubuntu2) ...
Setting up libgcrypt20:amd64 (1.9.4-3ubuntu3) ...
(Reading database ... 15203 files and directories currently installed.)
Preparing to unpack .../liblz4-1_1.9.3-2build2_amd64.deb ...
Unpacking liblz4-1:amd64 (1.9.3-2build2) over (1.9.3-2build1) ...
Setting up liblz4-1:amd64 (1.9.3-2build2) ...
(Reading database ... 15203 files and directories currently installed.)
Preparing to unpack .../liblzma5_5.2.5-2ubuntu1_amd64.deb ...
Unpacking liblzma5:amd64 (5.2.5-2ubuntu1) over (5.2.5-2build1) ...
Setting up liblzma5:amd64 (5.2.5-2ubuntu1) ...
(Reading database ... 15203 files and directories currently installed.)
Preparing to unpack .../libstdc++6_12.1.0-2ubuntu1~22.04_amd64.deb ...
Unpacking libstdc++6:amd64 (12.1.0-2ubuntu1~22.04) over (11.2.0-7ubuntu2) ...
Setting up libstdc++6:amd64 (12.1.0-2ubuntu1~22.04) ...
(Reading database ... 15203 files and directories currently installed.)
Preparing to unpack .../libargon2-1_0~20171227-0.3_amd64.deb ...
Unpacking libargon2-1:amd64 (0~20171227-0.3) over (0~20171227-0.2build22) ...
Preparing to unpack .../libblkid1_2.37.2-4ubuntu3_amd64.deb ...
Unpacking libblkid1:amd64 (2.37.2-4ubuntu3) over (2.36.1-8ubuntu1) ...
Setting up libblkid1:amd64 (2.37.2-4ubuntu3) ...
(Reading database ... 15203 files and directories currently installed.)
Preparing to unpack .../libpcre2-8-0_10.39-3ubuntu0.1_amd64.deb ...
Unpacking libpcre2-8-0:amd64 (10.39-3ubuntu0.1) over (10.37-0ubuntu2) ...
Setting up libpcre2-8-0:amd64 (10.39-3ubuntu0.1) ...
(Reading database ... 15203 files and directories currently installed.)
Preparing to unpack .../libselinux1_3.3-1build2_amd64.deb ...
Unpacking libselinux1:amd64 (3.3-1build2) over (3.1-3build2) ...
Setting up libselinux1:amd64 (3.3-1build2) ...
(Reading database ... 15203 files and directories currently installed.)
Preparing to unpack .../libudev1_249.11-0ubuntu3.7_amd64.deb ...
Unpacking libudev1:amd64 (249.11-0ubuntu3.7) over (248.3-1ubuntu8) ...
Setting up libudev1:amd64 (249.11-0ubuntu3.7) ...
(Reading database ... 15203 files and directories currently installed.)
Preparing to unpack .../libdevmapper1.02.1_2%3a1.02.175-2.1ubuntu4_amd64.deb ...
Unpacking libdevmapper1.02.1:amd64 (2:1.02.175-2.1ubuntu4) over (2:1.02.175-2.1ubuntu3) ...
Preparing to unpack .../libjson-c5_0.15-3~ubuntu1.22.04.1_amd64.deb ...
Unpacking libjson-c5:amd64 (0.15-3~ubuntu1.22.04.1) over (0.15-2build3) ...
Preparing to unpack .../libuuid1_2.37.2-4ubuntu3_amd64.deb ...
Unpacking libuuid1:amd64 (2.37.2-4ubuntu3) over (2.36.1-8ubuntu1) ...
Setting up libuuid1:amd64 (2.37.2-4ubuntu3) ...
(Reading database ... 15203 files and directories currently installed.)
Preparing to unpack .../libcryptsetup12_2%3a2.4.3-1ubuntu1.1_amd64.deb ...
Unpacking libcryptsetup12:amd64 (2:2.4.3-1ubuntu1.1) over (2:2.3.6-0ubuntu1) ...
Preparing to unpack .../libgmp10_2%3a6.2.1+dfsg-3ubuntu1_amd64.deb ...
Unpacking libgmp10:amd64 (2:6.2.1+dfsg-3ubuntu1) over (2:6.2.1+dfsg-1ubuntu3) ...
Setting up libgmp10:amd64 (2:6.2.1+dfsg-3ubuntu1) ...
(Reading database ... 15205 files and directories currently installed.)
Preparing to unpack .../libnettle8_3.7.3-1build2_amd64.deb ...
Unpacking libnettle8:amd64 (3.7.3-1build2) over (3.7.3-1build1) ...
Setting up libnettle8:amd64 (3.7.3-1build2) ...
(Reading database ... 15205 files and directories currently installed.)
Preparing to unpack .../libhogweed6_3.7.3-1build2_amd64.deb ...
Unpacking libhogweed6:amd64 (3.7.3-1build2) over (3.7.3-1build1) ...
Setting up libhogweed6:amd64 (3.7.3-1build2) ...
(Reading database ... 15205 files and directories currently installed.)
Preparing to unpack .../libunistring2_1.0-1_amd64.deb ...
Unpacking libunistring2:amd64 (1.0-1) over (0.9.10-6) ...
Setting up libunistring2:amd64 (1.0-1) ...
(Reading database ... 15205 files and directories currently installed.)
Preparing to unpack .../libidn2-0_2.3.2-2build1_amd64.deb ...
Unpacking libidn2-0:amd64 (2.3.2-2build1) over (2.3.1-1build1) ...
Setting up libidn2-0:amd64 (2.3.2-2build1) ...
(Reading database ... 15205 files and directories currently installed.)
Preparing to unpack .../libffi8_3.4.2-4_amd64.deb ...
Unpacking libffi8:amd64 (3.4.2-4) over (3.4.2-1ubuntu5) ...
Setting up libffi8:amd64 (3.4.2-4) ...
(Reading database ... 15205 files and directories currently installed.)
Preparing to unpack .../libp11-kit0_0.24.0-6build1_amd64.deb ...
Unpacking libp11-kit0:amd64 (0.24.0-6build1) over (0.23.22-1build1) ...
Setting up libp11-kit0:amd64 (0.24.0-6build1) ...
(Reading database ... 15205 files and directories currently installed.)
Preparing to unpack .../libtasn1-6_4.18.0-4build1_amd64.deb ...
Unpacking libtasn1-6:amd64 (4.18.0-4build1) over (4.16.0-2build1) ...
Setting up libtasn1-6:amd64 (4.18.0-4build1) ...
(Reading database ... 15205 files and directories currently installed.)
Preparing to unpack .../libgnutls30_3.7.3-4ubuntu1.2_amd64.deb ...
Unpacking libgnutls30:amd64 (3.7.3-4ubuntu1.2) over (3.7.1-5ubuntu1) ...
Setting up libgnutls30:amd64 (3.7.3-4ubuntu1.2) ...
(Reading database ... 15205 files and directories currently installed.)
Preparing to unpack .../systemd-sysv_249.11-0ubuntu3.7_amd64.deb ...
Unpacking systemd-sysv (249.11-0ubuntu3.7) over (248.3-1ubuntu8) ...
Preparing to unpack .../systemd-timesyncd_249.11-0ubuntu3.7_amd64.deb ...
Unpacking systemd-timesyncd (249.11-0ubuntu3.7) over (248.3-1ubuntu8) ...
Preparing to unpack .../libacl1_2.3.1-1_amd64.deb ...
Unpacking libacl1:amd64 (2.3.1-1) over (2.2.53-10ubuntu2) ...
Setting up libacl1:amd64 (2.3.1-1) ...
(Reading database ... 15206 files and directories currently installed.)
Preparing to unpack .../libapparmor1_3.0.4-2ubuntu2.1_amd64.deb ...
Unpacking libapparmor1:amd64 (3.0.4-2ubuntu2.1) over (3.0.3-0ubuntu1) ...
Preparing to unpack .../libip4tc2_1.8.7-1ubuntu5_amd64.deb ...
Unpacking libip4tc2:amd64 (1.8.7-1ubuntu5) over (1.8.7-1ubuntu3) ...
Preparing to unpack .../libzstd1_1.4.8+dfsg-3build1_amd64.deb ...
Unpacking libzstd1:amd64 (1.4.8+dfsg-3build1) over (1.4.8+dfsg-2.1build1) ...
Setting up libzstd1:amd64 (1.4.8+dfsg-3build1) ...
(Reading database ... 15205 files and directories currently installed.)
Preparing to unpack .../libkmod2_29-1ubuntu1_amd64.deb ...
Unpacking libkmod2:amd64 (29-1ubuntu1) over (28-1ubuntu4) ...
Preparing to unpack .../libmount1_2.37.2-4ubuntu3_amd64.deb ...
Unpacking libmount1:amd64 (2.37.2-4ubuntu3) over (2.36.1-8ubuntu1) ...
Setting up libmount1:amd64 (2.37.2-4ubuntu3) ...
(Reading database ... 15205 files and directories currently installed.)
Preparing to unpack .../libseccomp2_2.5.3-2ubuntu2_amd64.deb ...
Unpacking libseccomp2:amd64 (2.5.3-2ubuntu2) over (2.5.1-1ubuntu1) ...
Setting up libseccomp2:amd64 (2.5.3-2ubuntu2) ...
(Reading database ... 15205 files and directories currently installed.)
Preparing to unpack .../login_1%3a4.8.1-2ubuntu2.1_amd64.deb ...
Unpacking login (1:4.8.1-2ubuntu2.1) over (1:4.8.1-1ubuntu9) ...
Setting up login (1:4.8.1-2ubuntu2.1) ...
(Reading database ... 15205 files and directories currently installed.)
Preparing to unpack .../util-linux_2.37.2-4ubuntu3_amd64.deb ...
Unpacking util-linux (2.37.2-4ubuntu3) over (2.36.1-8ubuntu1) ...
Setting up util-linux (2.37.2-4ubuntu3) ...
/usr/sbin/policy-rc.d returned 101, not running 'restart fstrim.timer'
/usr/sbin/policy-rc.d returned 101, not running 'restart fstrim.service'
(Reading database ... 15200 files and directories currently installed.)
Preparing to unpack .../mount_2.37.2-4ubuntu3_amd64.deb ...
Unpacking mount (2.37.2-4ubuntu3) over (2.36.1-8ubuntu1) ...
Preparing to unpack .../systemd_249.11-0ubuntu3.7_amd64.deb ...
Unpacking systemd (249.11-0ubuntu3.7) over (248.3-1ubuntu8) ...
Preparing to unpack .../libsystemd0_249.11-0ubuntu3.7_amd64.deb ...
Unpacking libsystemd0:amd64 (249.11-0ubuntu3.7) over (248.3-1ubuntu8) ...
Setting up libsystemd0:amd64 (249.11-0ubuntu3.7) ...
(Reading database ... 15204 files and directories currently installed.)
Preparing to unpack .../libxxhash0_0.8.1-1_amd64.deb ...
Unpacking libxxhash0:amd64 (0.8.1-1) over (0.8.0-2build1) ...
Setting up libxxhash0:amd64 (0.8.1-1) ...
(Reading database ... 15204 files and directories currently installed.)
Preparing to unpack .../libapt-pkg6.0_2.4.8_amd64.deb ...
Unpacking libapt-pkg6.0:amd64 (2.4.8) over (2.3.9) ...
Setting up libapt-pkg6.0:amd64 (2.4.8) ...
(Reading database ... 15204 files and directories currently installed.)
Preparing to unpack .../tar_1.34+dfsg-1ubuntu0.1.22.04.1_amd64.deb ...
Unpacking tar (1.34+dfsg-1ubuntu0.1.22.04.1) over (1.34+dfsg-1build2) ...
Setting up tar (1.34+dfsg-1ubuntu0.1.22.04.1) ...
(Reading database ... 15204 files and directories currently installed.)
Preparing to unpack .../dpkg_1.21.1ubuntu2.1_amd64.deb ...
Unpacking dpkg (1.21.1ubuntu2.1) over (1.20.9ubuntu2) ...
Setting up dpkg (1.21.1ubuntu2.1) ...
Installing new version of config file /etc/cron.daily/dpkg ...
Created symlink /etc/systemd/system/timers.target.wants/dpkg-db-backup.timer -> /lib/systemd/system/dpkg-db-backup.timer.
/usr/sbin/policy-rc.d returned 101, not running 'restart dpkg-db-backup.service dpkg-db-backup.timer'
(Reading database ... 15205 files and directories currently installed.)
Preparing to unpack .../dash_0.5.11+git20210903+057cd650a4ed-3build1_amd64.deb ...
Unpacking dash (0.5.11+git20210903+057cd650a4ed-3build1) over (0.5.11+git20210120+802ebd4-1build1) ...
Setting up dash (0.5.11+git20210903+057cd650a4ed-3build1) ...
(Reading database ... 15205 files and directories currently installed.)
Preparing to unpack .../diffutils_1%3a3.8-0ubuntu2_amd64.deb ...
Unpacking diffutils (1:3.8-0ubuntu2) over (1:3.8-0ubuntu1) ...
Setting up diffutils (1:3.8-0ubuntu2) ...
(Reading database ... 15205 files and directories currently installed.)
Preparing to unpack .../findutils_4.8.0-1ubuntu3_amd64.deb ...
Unpacking findutils (4.8.0-1ubuntu3) over (4.8.0-1ubuntu2) ...
Setting up findutils (4.8.0-1ubuntu3) ...
(Reading database ... 15205 files and directories currently installed.)
Preparing to unpack .../grep_3.7-1build1_amd64.deb ...
Unpacking grep (3.7-1build1) over (3.7-0ubuntu1) ...
Setting up grep (3.7-1build1) ...
(Reading database ... 15205 files and directories currently installed.)
Preparing to unpack .../gzip_1.10-4ubuntu4.1_amd64.deb ...
Unpacking gzip (1.10-4ubuntu4.1) over (1.10-4ubuntu2) ...
Setting up gzip (1.10-4ubuntu4.1) ...
(Reading database ... 15205 files and directories currently installed.)
Preparing to unpack .../hostname_3.23ubuntu2_amd64.deb ...
Unpacking hostname (3.23ubuntu2) over (3.23ubuntu1) ...
Setting up hostname (3.23ubuntu2) ...
(Reading database ... 15205 files and directories currently installed.)
Preparing to unpack .../libncurses6_6.3-2_amd64.deb ...
Unpacking libncurses6:amd64 (6.3-2) over (6.2+20201114-2build2) ...
Preparing to unpack .../libncursesw6_6.3-2_amd64.deb ...
Unpacking libncursesw6:amd64 (6.3-2) over (6.2+20201114-2build2) ...
Preparing to unpack .../libtinfo6_6.3-2_amd64.deb ...
Unpacking libtinfo6:amd64 (6.3-2) over (6.2+20201114-2build2) ...
Setting up libtinfo6:amd64 (6.3-2) ...
(Reading database ... 15204 files and directories currently installed.)
Preparing to unpack .../ncurses-bin_6.3-2_amd64.deb ...
Unpacking ncurses-bin (6.3-2) over (6.2+20201114-2build2) ...
Setting up ncurses-bin (6.3-2) ...
(Reading database ... 15204 files and directories currently installed.)
Preparing to unpack .../sed_4.8-1ubuntu2_amd64.deb ...
Unpacking sed (4.8-1ubuntu2) over (4.7-1ubuntu2) ...
Setting up sed (4.8-1ubuntu2) ...
(Reading database ... 15204 files and directories currently installed.)
Preparing to unpack .../libdebconfclient0_0.261ubuntu1_amd64.deb ...
Unpacking libdebconfclient0:amd64 (0.261ubuntu1) over (0.256ubuntu4) ...
Setting up libdebconfclient0:amd64 (0.261ubuntu1) ...
(Reading database ... 15204 files and directories currently installed.)
Preparing to unpack .../base-passwd_3.5.52build1_amd64.deb ...
Unpacking base-passwd (3.5.52build1) over (3.5.52) ...
Setting up base-passwd (3.5.52build1) ...
(Reading database ... 15204 files and directories currently installed.)
Preparing to unpack .../init-system-helpers_1.62_all.deb ...
Unpacking init-system-helpers (1.62) over (1.60build1) ...
Setting up init-system-helpers (1.62) ...
(Reading database ... 15204 files and directories currently installed.)
Preparing to unpack .../ncurses-base_6.3-2_all.deb ...
Unpacking ncurses-base (6.3-2) over (6.2+20201114-2build2) ...
Setting up ncurses-base (6.3-2) ...
(Reading database ... 15205 files and directories currently installed.)
Preparing to unpack .../lsb-base_11.1.0ubuntu4_all.deb ...
Unpacking lsb-base (11.1.0ubuntu4) over (11.1.0ubuntu3) ...
Setting up lsb-base (11.1.0ubuntu4) ...
(Reading database ... 15205 files and directories currently installed.)
Preparing to unpack .../sysvinit-utils_3.01-1ubuntu1_amd64.deb ...
Unpacking sysvinit-utils (3.01-1ubuntu1) over (2.96-7ubuntu2) ...
Setting up sysvinit-utils (3.01-1ubuntu1) ...
(Reading database ... 15205 files and directories currently installed.)
Preparing to unpack .../gpgv_2.2.27-3ubuntu2.1_amd64.deb ...
Unpacking gpgv (2.2.27-3ubuntu2.1) over (2.2.20-1ubuntu4) ...
Setting up gpgv (2.2.27-3ubuntu2.1) ...
(Reading database ... 15205 files and directories currently installed.)
Preparing to unpack .../archives/apt_2.4.8_amd64.deb ...
Unpacking apt (2.4.8) over (2.3.9) ...
Setting up apt (2.4.8) ...
Installing new version of config file /etc/cron.daily/apt-compat ...
Removing obsolete conffile /etc/kernel/postinst.d/apt-auto-removal ...
/usr/sbin/policy-rc.d returned 101, not running 'restart apt-daily-upgrade.timer apt-daily.timer'
Selecting previously unselected package libsepol2:amd64.
(Reading database ... 15200 files and directories currently installed.)
Preparing to unpack .../libsepol2_3.3-1build1_amd64.deb ...
Unpacking libsepol2:amd64 (3.3-1build1) ...
Setting up libsepol2:amd64 (3.3-1build1) ...
(Reading database ... 15204 files and directories currently installed.)
Preparing to unpack .../libsemanage-common_3.3-1build2_all.deb ...
Unpacking libsemanage-common (3.3-1build2) over (3.1-1ubuntu3) ...
Setting up libsemanage-common (3.3-1build2) ...
Selecting previously unselected package libsemanage2:amd64.
(Reading database ... 15204 files and directories currently installed.)
Preparing to unpack .../libsemanage2_3.3-1build2_amd64.deb ...
Unpacking libsemanage2:amd64 (3.3-1build2) ...
Setting up libsemanage2:amd64 (3.3-1build2) ...
(Reading database ... 15208 files and directories currently installed.)
Preparing to unpack .../passwd_1%3a4.8.1-2ubuntu2.1_amd64.deb ...
Unpacking passwd (1:4.8.1-2ubuntu2.1) over (1:4.8.1-1ubuntu9) ...
Setting up passwd (1:4.8.1-2ubuntu2.1) ...
(Reading database ... 15215 files and directories currently installed.)
Removing libsemanage1:amd64 (3.1-1ubuntu3) ...
(Reading database ... 15211 files and directories currently installed.)
Preparing to unpack .../libpam-modules-bin_1.4.0-11ubuntu2.3_amd64.deb ...
Unpacking libpam-modules-bin (1.4.0-11ubuntu2.3) over (1.3.1-5ubuntu11) ...
Setting up libpam-modules-bin (1.4.0-11ubuntu2.3) ...
(Reading database ... 15209 files and directories currently installed.)
Preparing to unpack .../libpam-modules_1.4.0-11ubuntu2.3_amd64.deb ...
Unpacking libpam-modules:amd64 (1.4.0-11ubuntu2.3) over (1.3.1-5ubuntu11) ...
Setting up libpam-modules:amd64 (1.4.0-11ubuntu2.3) ...
Installing new version of config file /etc/security/namespace.conf ...
Installing new version of config file /etc/security/pam_env.conf ...
(Reading database ... 15210 files and directories currently installed.)
Preparing to unpack .../logsave_1.46.5-2ubuntu1.1_amd64.deb ...
Unpacking logsave (1.46.5-2ubuntu1.1) over (1.46.3-1ubuntu3) ...
Preparing to unpack .../libext2fs2_1.46.5-2ubuntu1.1_amd64.deb ...
Unpacking libext2fs2:amd64 (1.46.5-2ubuntu1.1) over (1.46.3-1ubuntu3) ...
Setting up libext2fs2:amd64 (1.46.5-2ubuntu1.1) ...
(Reading database ... 15210 files and directories currently installed.)
Preparing to unpack .../e2fsprogs_1.46.5-2ubuntu1.1_amd64.deb ...
Unpacking e2fsprogs (1.46.5-2ubuntu1.1) over (1.46.3-1ubuntu3) ...
Setting up libapparmor1:amd64 (3.0.4-2ubuntu2.1) ...
Setting up libargon2-1:amd64 (0~20171227-0.3) ...
Setting up libdevmapper1.02.1:amd64 (2:1.02.175-2.1ubuntu4) ...
Setting up libjson-c5:amd64 (0.15-3~ubuntu1.22.04.1) ...
Setting up libcryptsetup12:amd64 (2:2.4.3-1ubuntu1.1) ...
Setting up libip4tc2:amd64 (1.8.7-1ubuntu5) ...
Setting up libkmod2:amd64 (29-1ubuntu1) ...
Setting up mount (2.37.2-4ubuntu3) ...
Setting up systemd (249.11-0ubuntu3.7) ...
Installing new version of config file /etc/systemd/logind.conf ...
Installing new version of config file /etc/systemd/networkd.conf ...
Installing new version of config file /etc/systemd/resolved.conf ...
Setting up systemd-sysv (249.11-0ubuntu3.7) ...
(Reading database ... 15210 files and directories currently installed.)
Preparing to unpack .../archives/init_1.62_amd64.deb ...
Unpacking init (1.62) over (1.60build1) ...
Preparing to unpack .../libattr1_1%3a2.5.1-1build1_amd64.deb ...
Unpacking libattr1:amd64 (1:2.5.1-1build1) over (1:2.4.48-6build2) ...
Setting up libattr1:amd64 (1:2.5.1-1build1) ...
Installing new version of config file /etc/xattr.conf ...
(Reading database ... 15210 files and directories currently installed.)
Preparing to unpack .../libcap2_1%3a2.44-1build3_amd64.deb ...
Unpacking libcap2:amd64 (1:2.44-1build3) over (1:2.44-1build2) ...
Setting up libcap2:amd64 (1:2.44-1build3) ...
(Reading database ... 15210 files and directories currently installed.)
Preparing to unpack .../libpam-runtime_1.4.0-11ubuntu2.3_all.deb ...
Unpacking libpam-runtime (1.4.0-11ubuntu2.3) over (1.3.1-5ubuntu11) ...
Setting up libpam-runtime (1.4.0-11ubuntu2.3) ...
(Reading database ... 15210 files and directories currently installed.)
Preparing to unpack .../libpcre3_2%3a8.39-13ubuntu0.22.04.1_amd64.deb ...
Unpacking libpcre3:amd64 (2:8.39-13ubuntu0.22.04.1) over (2:8.39-13build4) ...
Setting up libpcre3:amd64 (2:8.39-13ubuntu0.22.04.1) ...
(Reading database ... 15210 files and directories currently installed.)
Preparing to unpack .../libsmartcols1_2.37.2-4ubuntu3_amd64.deb ...
Unpacking libsmartcols1:amd64 (2.37.2-4ubuntu3) over (2.36.1-8ubuntu1) ...
Setting up libsmartcols1:amd64 (2.37.2-4ubuntu3) ...
(Reading database ... 15210 files and directories currently installed.)
Preparing to unpack .../00-libprocps8_2%3a3.3.17-6ubuntu2_amd64.deb ...
Unpacking libprocps8:amd64 (2:3.3.17-6ubuntu2) over (2:3.3.17-5ubuntu3) ...
Preparing to unpack .../01-libss2_1.46.5-2ubuntu1.1_amd64.deb ...
Unpacking libss2:amd64 (1.46.5-2ubuntu1.1) over (1.46.3-1ubuntu3) ...
Preparing to unpack .../02-mawk_1.3.4.20200120-3_amd64.deb ...
Unpacking mawk (1.3.4.20200120-3) over (1.3.4.20200120-2build1) ...
Preparing to unpack .../03-procps_2%3a3.3.17-6ubuntu2_amd64.deb ...
Unpacking procps (2:3.3.17-6ubuntu2) over (2:3.3.17-5ubuntu3) ...
Preparing to unpack .../04-sensible-utils_0.0.17_all.deb ...
Unpacking sensible-utils (0.0.17) over (0.0.14) ...
Preparing to unpack .../05-usrmerge_25ubuntu2_all.deb ...
Unpacking usrmerge (25ubuntu2) over (25ubuntu1) ...
Preparing to unpack .../06-openssl_3.0.2-0ubuntu1.8_amd64.deb ...
Unpacking openssl (3.0.2-0ubuntu1.8) over (1.1.1l-1ubuntu1) ...
Preparing to unpack .../07-ca-certificates_20211016ubuntu0.22.04.1_all.deb ...
Unpacking ca-certificates (20211016ubuntu0.22.04.1) over (20210119ubuntu1) ...
Preparing to unpack .../08-readline-common_8.1.2-1_all.deb ...
Unpacking readline-common (8.1.2-1) over (8.1-2build1) ...
Preparing to unpack .../09-libreadline8_8.1.2-1_amd64.deb ...
Unpacking libreadline8:amd64 (8.1.2-1) over (8.1-2build1) ...
Preparing to unpack .../10-libsqlite3-0_3.37.2-2ubuntu0.1_amd64.deb ...
Unpacking libsqlite3-0:amd64 (3.37.2-2ubuntu0.1) over (3.35.5-1) ...
Preparing to unpack .../11-tzdata_2022g-0ubuntu0.22.04.1_all.deb ...
Unpacking tzdata (2022g-0ubuntu0.22.04.1) over (2021a-2ubuntu1) ...
Preparing to unpack .../12-libpng16-16_1.6.37-3build5_amd64.deb ...
Unpacking libpng16-16:amd64 (1.6.37-3build5) over (1.6.37-3build4) ...
Preparing to unpack .../13-xz-utils_5.2.5-2ubuntu1_amd64.deb ...
Unpacking xz-utils (5.2.5-2ubuntu1) over (5.2.5-2build1) ...
Preparing to unpack .../14-advancecomp_2.1-2.1ubuntu2.1_amd64.deb ...
Unpacking advancecomp (2.1-2.1ubuntu2.1) over (2.1-2.1ubuntu1) ...
Preparing to unpack .../15-libctf0_2.38-4ubuntu2.1_amd64.deb ...
Unpacking libctf0:amd64 (2.38-4ubuntu2.1) over (2.37-7ubuntu1) ...
Preparing to unpack .../16-libctf-nobfd0_2.38-4ubuntu2.1_amd64.deb ...
Unpacking libctf-nobfd0:amd64 (2.38-4ubuntu2.1) over (2.37-7ubuntu1) ...
Preparing to unpack .../17-binutils-x86-64-linux-gnu_2.38-4ubuntu2.1_amd64.deb ...
Unpacking binutils-x86-64-linux-gnu (2.38-4ubuntu2.1) over (2.37-7ubuntu1) ...
Preparing to unpack .../18-libbinutils_2.38-4ubuntu2.1_amd64.deb ...
Unpacking libbinutils:amd64 (2.38-4ubuntu2.1) over (2.37-7ubuntu1) ...
Preparing to unpack .../19-binutils_2.38-4ubuntu2.1_amd64.deb ...
Unpacking binutils (2.38-4ubuntu2.1) over (2.37-7ubuntu1) ...
Preparing to unpack .../20-binutils-common_2.38-4ubuntu2.1_amd64.deb ...
Unpacking binutils-common:amd64 (2.38-4ubuntu2.1) over (2.37-7ubuntu1) ...
Preparing to unpack .../21-make_4.3-4.1build1_amd64.deb ...
Unpacking make (4.3-4.1build1) over (4.3-4ubuntu1) ...
Preparing to unpack .../22-dpkg-dev_1.21.1ubuntu2.1_all.deb ...
Unpacking dpkg-dev (1.21.1ubuntu2.1) over (1.20.9ubuntu2) ...
Preparing to unpack .../23-libdpkg-perl_1.21.1ubuntu2.1_all.deb ...
Unpacking libdpkg-perl (1.21.1ubuntu2.1) over (1.20.9ubuntu2) ...
Preparing to unpack .../24-patch_2.7.6-7build2_amd64.deb ...
Unpacking patch (2.7.6-7build2) over (2.7.6-7build1) ...
Preparing to unpack .../25-lto-disabled-list_24_all.deb ...
Unpacking lto-disabled-list (24) over (16) ...
Preparing to unpack .../26-build-essential_12.9ubuntu3_amd64.deb ...
Unpacking build-essential (12.9ubuntu3) over (12.9ubuntu2) ...
Preparing to unpack .../27-libubsan1_12.1.0-2ubuntu1~22.04_amd64.deb ...
Unpacking libubsan1:amd64 (12.1.0-2ubuntu1~22.04) over (11.2.0-7ubuntu2) ...
Preparing to unpack .../28-libtsan0_11.3.0-1ubuntu1~22.04_amd64.deb ...
Unpacking libtsan0:amd64 (11.3.0-1ubuntu1~22.04) over (11.2.0-7ubuntu2) ...
Preparing to unpack .../29-libgomp1_12.1.0-2ubuntu1~22.04_amd64.deb ...
Unpacking libgomp1:amd64 (12.1.0-2ubuntu1~22.04) over (11.2.0-7ubuntu2) ...
Preparing to unpack .../30-libitm1_12.1.0-2ubuntu1~22.04_amd64.deb ...
Unpacking libitm1:amd64 (12.1.0-2ubuntu1~22.04) over (11.2.0-7ubuntu2) ...
Preparing to unpack .../31-libatomic1_12.1.0-2ubuntu1~22.04_amd64.deb ...
Unpacking libatomic1:amd64 (12.1.0-2ubuntu1~22.04) over (11.2.0-7ubuntu2) ...
Preparing to unpack .../32-libasan6_11.3.0-1ubuntu1~22.04_amd64.deb ...
Unpacking libasan6:amd64 (11.3.0-1ubuntu1~22.04) over (11.2.0-7ubuntu2) ...
Preparing to unpack .../33-liblsan0_12.1.0-2ubuntu1~22.04_amd64.deb ...
Unpacking liblsan0:amd64 (12.1.0-2ubuntu1~22.04) over (11.2.0-7ubuntu2) ...
Preparing to unpack .../34-libquadmath0_12.1.0-2ubuntu1~22.04_amd64.deb ...
Unpacking libquadmath0:amd64 (12.1.0-2ubuntu1~22.04) over (11.2.0-7ubuntu2) ...
Preparing to unpack .../35-g++-11_11.3.0-1ubuntu1~22.04_amd64.deb ...
Unpacking g++-11 (11.3.0-1ubuntu1~22.04) over (11.2.0-7ubuntu2) ...
Preparing to unpack .../36-gcc-11_11.3.0-1ubuntu1~22.04_amd64.deb ...
Unpacking gcc-11 (11.3.0-1ubuntu1~22.04) over (11.2.0-7ubuntu2) ...
Preparing to unpack .../37-libstdc++-11-dev_11.3.0-1ubuntu1~22.04_amd64.deb ...
Unpacking libstdc++-11-dev:amd64 (11.3.0-1ubuntu1~22.04) over (11.2.0-7ubuntu2) ...
Preparing to unpack .../38-libgcc-11-dev_11.3.0-1ubuntu1~22.04_amd64.deb ...
Unpacking libgcc-11-dev:amd64 (11.3.0-1ubuntu1~22.04) over (11.2.0-7ubuntu2) ...
Preparing to unpack .../39-libcc1-0_12.1.0-2ubuntu1~22.04_amd64.deb ...
Unpacking libcc1-0:amd64 (12.1.0-2ubuntu1~22.04) over (11.2.0-7ubuntu2) ...
Preparing to unpack .../40-cpp-11_11.3.0-1ubuntu1~22.04_amd64.deb ...
Unpacking cpp-11 (11.3.0-1ubuntu1~22.04) over (11.2.0-7ubuntu2) ...
Preparing to unpack .../41-gcc-11-base_11.3.0-1ubuntu1~22.04_amd64.deb ...
Unpacking gcc-11-base:amd64 (11.3.0-1ubuntu1~22.04) over (11.2.0-7ubuntu2) ...
Preparing to unpack .../42-libisl23_0.24-2build1_amd64.deb ...
Unpacking libisl23:amd64 (0.24-2build1) over (0.24-1build1) ...
Preparing to unpack .../43-libmpfr6_4.1.0-3build3_amd64.deb ...
Unpacking libmpfr6:amd64 (4.1.0-3build3) over (4.1.0-3build2) ...
Preparing to unpack .../44-libmpc3_1.2.1-2build1_amd64.deb ...
Unpacking libmpc3:amd64 (1.2.1-2build1) over (1.2.0-1build2) ...
Preparing to unpack .../45-libfakeroot_1.28-1ubuntu1_amd64.deb ...
Unpacking libfakeroot:amd64 (1.28-1ubuntu1) over (1.25.3-1.1ubuntu3) ...
Preparing to unpack .../46-fakeroot_1.28-1ubuntu1_amd64.deb ...
Unpacking fakeroot (1.28-1ubuntu1) over (1.25.3-1.1ubuntu3) ...
Preparing to unpack .../47-libassuan0_2.5.5-1build1_amd64.deb ...
Unpacking libassuan0:amd64 (2.5.5-1build1) over (2.5.5-1) ...
Preparing to unpack .../48-pinentry-curses_1.1.1-1build2_amd64.deb ...
Unpacking pinentry-curses (1.1.1-1build2) over (1.1.1-1build1) ...
Preparing to unpack .../49-libnpth0_1.6-3build2_amd64.deb ...
Unpacking libnpth0:amd64 (1.6-3build2) over (1.6-3build1) ...
Preparing to unpack .../50-gpg_2.2.27-3ubuntu2.1_amd64.deb ...
Unpacking gpg (2.2.27-3ubuntu2.1) over (2.2.20-1ubuntu4) ...
Preparing to unpack .../51-gpgconf_2.2.27-3ubuntu2.1_amd64.deb ...
Unpacking gpgconf (2.2.27-3ubuntu2.1) over (2.2.20-1ubuntu4) ...
Preparing to unpack .../52-gpg-agent_2.2.27-3ubuntu2.1_amd64.deb ...
Unpacking gpg-agent (2.2.27-3ubuntu2.1) over (2.2.20-1ubuntu4) ...
Preparing to unpack .../53-liblockfile-bin_1.17-1build2_amd64.deb ...
Unpacking liblockfile-bin (1.17-1build2) over (1.17-1build1) ...
Preparing to unpack .../54-liblockfile1_1.17-1build2_amd64.deb ...
Unpacking liblockfile1:amd64 (1.17-1build2) over (1.17-1build1) ...
Preparing to unpack .../55-lockfile-progs_0.1.19build1_amd64.deb ...
Unpacking lockfile-progs (0.1.19build1) over (0.1.18build1) ...
Preparing to unpack .../56-optipng_0.7.7-2build1_amd64.deb ...
Unpacking optipng (0.7.7-2build1) over (0.7.7-2) ...
Preparing to unpack .../57-pkgbinarymangler_149_all.deb ...
Unpacking pkgbinarymangler (149) over (148) ...
Setting up gcc-11-base:amd64 (11.3.0-1ubuntu1~22.04) ...
Setting up lto-disabled-list (24) ...
Setting up liblockfile-bin (1.17-1build2) ...
Setting up init (1.62) ...
Setting up libsqlite3-0:amd64 (3.37.2-2ubuntu0.1) ...
Setting up binutils-common:amd64 (2.38-4ubuntu2.1) ...
Setting up linux-libc-dev:amd64 (5.15.0-67.74) ...
Setting up libctf-nobfd0:amd64 (2.38-4ubuntu2.1) ...
Setting up libnpth0:amd64 (1.6-3build2) ...
Setting up libassuan0:amd64 (2.5.5-1build1) ...
Setting up libgomp1:amd64 (12.1.0-2ubuntu1~22.04) ...
Setting up perl-modules-5.34 (5.34.0-3ubuntu1.1) ...
Setting up bzip2 (1.0.8-5build1) ...
Setting up libfakeroot:amd64 (1.28-1ubuntu1) ...
Setting up libasan6:amd64 (11.3.0-1ubuntu1~22.04) ...
Setting up tzdata (2022g-0ubuntu0.22.04.1) ...

Current default time zone: 'Etc/UTC'
Local time is now:      Fri Mar 10 13:59:57 UTC 2023.
Universal Time is now:  Fri Mar 10 13:59:57 UTC 2023.
Run 'dpkg-reconfigure tzdata' if you wish to change it.

Setting up fakeroot (1.28-1ubuntu1) ...
Setting up libtirpc-dev:amd64 (1.3.2-2ubuntu0.1) ...
Setting up rpcsvc-proto (1.4.2-0ubuntu6) ...
Setting up make (4.3-4.1build1) ...
Setting up libmpfr6:amd64 (4.1.0-3build3) ...
Setting up libncurses6:amd64 (6.3-2) ...
Setting up xz-utils (5.2.5-2ubuntu1) ...
Setting up libquadmath0:amd64 (12.1.0-2ubuntu1~22.04) ...
Setting up libpng16-16:amd64 (1.6.37-3build5) ...
Setting up libmpc3:amd64 (1.2.1-2build1) ...
Setting up systemd-timesyncd (249.11-0ubuntu3.7) ...
/usr/sbin/policy-rc.d returned 101, not running 'restart systemd-timesyncd.service'
Setting up libatomic1:amd64 (12.1.0-2ubuntu1~22.04) ...
Setting up usrmerge (25ubuntu2) ...
Setting up patch (2.7.6-7build2) ...
Setting up libss2:amd64 (1.46.5-2ubuntu1.1) ...
Setting up libncursesw6:amd64 (6.3-2) ...
Setting up logsave (1.46.5-2ubuntu1.1) ...
Setting up libubsan1:amd64 (12.1.0-2ubuntu1~22.04) ...
Setting up advancecomp (2.1-2.1ubuntu2.1) ...
Setting up libnsl-dev:amd64 (1.3.0-2build2) ...
Setting up sensible-utils (0.0.17) ...
Setting up libcrypt-dev:amd64 (1:4.4.27-1) ...
Setting up mawk (1.3.4.20200120-3) ...
Setting up liblockfile1:amd64 (1.17-1build2) ...
Setting up libbinutils:amd64 (2.38-4ubuntu2.1) ...
Setting up libisl23:amd64 (0.24-2build1) ...
Setting up libc-dev-bin (2.35-0ubuntu3.1) ...
Setting up openssl (3.0.2-0ubuntu1.8) ...
Installing new version of config file /etc/ssl/openssl.cnf ...
Setting up readline-common (8.1.2-1) ...
Setting up libcc1-0:amd64 (12.1.0-2ubuntu1~22.04) ...
Setting up liblsan0:amd64 (12.1.0-2ubuntu1~22.04) ...
Setting up libprocps8:amd64 (2:3.3.17-6ubuntu2) ...
Setting up libitm1:amd64 (12.1.0-2ubuntu1~22.04) ...
Setting up libgdbm6:amd64 (1.23-1) ...
Setting up libtsan0:amd64 (11.3.0-1ubuntu1~22.04) ...
Setting up libctf0:amd64 (2.38-4ubuntu2.1) ...
Setting up pinentry-curses (1.1.1-1build2) ...
Setting up cpp-11 (11.3.0-1ubuntu1~22.04) ...
Setting up libreadline8:amd64 (8.1.2-1) ...
Setting up e2fsprogs (1.46.5-2ubuntu1.1) ...
Installing new version of config file /etc/mke2fs.conf ...
/usr/sbin/policy-rc.d returned 101, not running 'restart e2scrub_all.service e2scrub_all.timer e2scrub_reap.service'
Setting up ca-certificates (20211016ubuntu0.22.04.1) ...
Updating certificates in /etc/ssl/certs...
rehash: warning: skipping ca-certificates.crt,it does not contain exactly one certificate or CRL
7 added, 11 removed; done.
Setting up optipng (0.7.7-2build1) ...
Setting up lockfile-progs (0.1.19build1) ...
Setting up libgdbm-compat4:amd64 (1.23-1) ...
Setting up libgcc-11-dev:amd64 (11.3.0-1ubuntu1~22.04) ...
Setting up procps (2:3.3.17-6ubuntu2) ...
Installing new version of config file /etc/init.d/procps ...
Installing new version of config file /etc/sysctl.d/README.sysctl ...
Setting up gpgconf (2.2.27-3ubuntu2.1) ...
Setting up libc6-dev:amd64 (2.35-0ubuntu3.1) ...
Setting up gpg (2.2.27-3ubuntu2.1) ...
Setting up binutils-x86-64-linux-gnu (2.38-4ubuntu2.1) ...
Setting up libperl5.34:amd64 (5.34.0-3ubuntu1.1) ...
Setting up gpg-agent (2.2.27-3ubuntu2.1) ...
Setting up pkgbinarymangler (149) ...
Setting up binutils (2.38-4ubuntu2.1) ...
Setting up perl (5.34.0-3ubuntu1.1) ...
Setting up libdpkg-perl (1.21.1ubuntu2.1) ...
Setting up libstdc++-11-dev:amd64 (11.3.0-1ubuntu1~22.04) ...
Setting up gcc-11 (11.3.0-1ubuntu1~22.04) ...
Setting up g++-11 (11.3.0-1ubuntu1~22.04) ...
Setting up dpkg-dev (1.21.1ubuntu2.1) ...
Setting up build-essential (12.9ubuntu3) ...
Processing triggers for libc-bin (2.35-0ubuntu3.1) ...
Processing triggers for ca-certificates (20211016ubuntu0.22.04.1) ...
Updating certificates in /etc/ssl/certs...
0 added, 0 removed; done.
Running hooks in /etc/ca-certificates/update.d...
done.
RUN: /usr/share/launchpad-buildd/bin/in-target buildsnap --backend=lxd --series=jammy --arch=amd64 SNAPBUILD-2046795 --channel snapcraft=stable/launchpad-buildd --build-request-id 77999218 --build-request-timestamp 2023-03-10T13:58:30Z --build-url 'https://launchpad.net/~koifresh/+snap/snapcraft-dieklingel-core-6c6f6b04f7583fd50650b0deab434ba4/+build/2046795' --proxy-url http://10.10.10.1:8222/ --revocation-endpoint http://builder-proxy-auth.lp.internal:8080/tokens/SNAPBUILD-2046795-1678456713 --git-repository 'https://koifresh@git.launchpad.net/~koifresh/+git/snapcraft-dieklingel-core-6c6f6b04f7583fd50650b0deab434ba4/' --git-path master --target-arch amd64 --target-arch arm64 snapcraft-dieklingel-core-6c6f6b04f7583fd50650b0deab434ba4
Running install phase...
/usr/lib/python3/dist-packages/pylxd/models/_model.py:134: UserWarning: Attempted to set unknown attribute "type" on instance of "Container"
  warnings.warn(
/usr/lib/python3/dist-packages/pylxd/models/_model.py:134: UserWarning: Attempted to set unknown attribute "project" on instance of "Container"
  warnings.warn(
Reading package lists...
Building dependency tree...
Reading state information...
The following packages were automatically installed and are no longer required:
  libperl5.32 perl-modules-5.32
Use 'apt autoremove' to remove them.
The following additional packages will be installed:
  apparmor dbus dbus-user-session git-man libbrotli1 libbsd0 libcbor0.8
  libcurl3-gnutls libdbus-1-3 libedit2 liberror-perl libexpat1 libfido2-1
  libfuse2 libfuse3-3 libldap-2.5-0 liblzo2-2 libmd0 libmpdec3 libnghttp2-14
  libpam-systemd libpsl5 libpython3-stdlib libpython3.10-minimal
  libpython3.10-stdlib librtmp1 libsasl2-2 libsasl2-modules-db libsquashfuse0
  libssh-4 libwrap0 media-types openssh-client python3-minimal python3.10
  python3.10-minimal squashfs-tools
Suggested packages:
  apparmor-profiles-extra apparmor-utils gettext-base git-daemon-run
  | git-daemon-sysvinit git-doc git-email git-gui gitk gitweb git-cvs
  git-mediawiki git-svn fuse3 keychain libpam-ssh monkeysphere ssh-askpass
  python3-doc python3-tk python3-venv python3.10-venv python3.10-doc
  binfmt-support zenity | kdialog
Recommended packages:
  less libldap-common publicsuffix libsasl2-modules xauth gnupg
  systemd-hwe-hwdb
The following NEW packages will be installed:
  apparmor dbus dbus-user-session fuse git git-man libbrotli1 libbsd0
  libcbor0.8 libcurl3-gnutls libdbus-1-3 libedit2 liberror-perl libexpat1
  libfido2-1 libfuse2 libfuse3-3 libldap-2.5-0 liblzo2-2 libmd0 libmpdec3
  libnghttp2-14 libpam-systemd libpsl5 libpython3-stdlib libpython3.10-minimal
  libpython3.10-stdlib librtmp1 libsasl2-2 libsasl2-modules-db libsquashfuse0
  libssh-4 libwrap0 media-types openssh-client python3 python3-minimal
  python3.10 python3.10-minimal snapd socat squashfs-tools squashfuse sudo
  udev
0 upgraded, 45 newly installed, 0 to remove and 0 not upgraded.
Need to get 40.4 MB of archives.
After this operation, 172 MB of additional disk space will be used.
Get:1 http://ftpmaster.internal/ubuntu jammy-security/main amd64 libpython3.10-minimal amd64 3.10.6-1~22.04.2 [810 kB]
Get:2 http://ftpmaster.internal/ubuntu jammy-security/main amd64 libexpat1 amd64 2.4.7-1ubuntu0.2 [91.0 kB]
Get:3 http://ftpmaster.internal/ubuntu jammy-security/main amd64 python3.10-minimal amd64 3.10.6-1~22.04.2 [2251 kB]
Get:4 http://ftpmaster.internal/ubuntu jammy-updates/main amd64 python3-minimal amd64 3.10.6-1~22.04 [24.3 kB]
Get:5 http://ftpmaster.internal/ubuntu jammy/main amd64 media-types all 7.0.0 [25.5 kB]
Get:6 http://ftpmaster.internal/ubuntu jammy/main amd64 libmpdec3 amd64 2.5.1-2build2 [86.8 kB]
Get:7 http://ftpmaster.internal/ubuntu jammy-security/main amd64 libpython3.10-stdlib amd64 3.10.6-1~22.04.2 [1832 kB]
Get:8 http://ftpmaster.internal/ubuntu jammy-security/main amd64 python3.10 amd64 3.10.6-1~22.04.2 [497 kB]
Get:9 http://ftpmaster.internal/ubuntu jammy-updates/main amd64 libpython3-stdlib amd64 3.10.6-1~22.04 [6910 B]
Get:10 http://ftpmaster.internal/ubuntu jammy-updates/main amd64 python3 amd64 3.10.6-1~22.04 [22.8 kB]
Get:11 http://ftpmaster.internal/ubuntu jammy-security/main amd64 libdbus-1-3 amd64 1.12.20-2ubuntu4.1 [189 kB]
Get:12 http://ftpmaster.internal/ubuntu jammy-security/main amd64 dbus amd64 1.12.20-2ubuntu4.1 [158 kB]
Get:13 http://ftpmaster.internal/ubuntu jammy/main amd64 libmd0 amd64 1.0.4-1build1 [23.0 kB]
Get:14 http://ftpmaster.internal/ubuntu jammy/main amd64 libbsd0 amd64 0.11.5-1 [44.8 kB]
Get:15 http://ftpmaster.internal/ubuntu jammy-security/main amd64 libpam-systemd amd64 249.11-0ubuntu3.7 [203 kB]
Get:16 http://ftpmaster.internal/ubuntu jammy-security/main amd64 sudo amd64 1.9.9-1ubuntu2.3 [820 kB]
Get:17 http://ftpmaster.internal/ubuntu jammy-security/main amd64 udev amd64 249.11-0ubuntu3.7 [1557 kB]
Get:18 http://ftpmaster.internal/ubuntu jammy-updates/main amd64 apparmor amd64 3.0.4-2ubuntu2.1 [590 kB]
Get:19 http://ftpmaster.internal/ubuntu jammy/main amd64 libcbor0.8 amd64 0.8.0-2ubuntu1 [24.6 kB]
Get:20 http://ftpmaster.internal/ubuntu jammy/main amd64 libedit2 amd64 3.1-20210910-1build1 [96.8 kB]
Get:21 http://ftpmaster.internal/ubuntu jammy/main amd64 libfido2-1 amd64 1.10.0-1 [82.8 kB]
Get:22 http://ftpmaster.internal/ubuntu jammy/main amd64 libfuse3-3 amd64 3.10.5-1build1 [81.2 kB]
Get:23 http://ftpmaster.internal/ubuntu jammy/main amd64 libnghttp2-14 amd64 1.43.0-1build3 [76.3 kB]
Get:24 http://ftpmaster.internal/ubuntu jammy/main amd64 libpsl5 amd64 0.21.0-1.2build2 [58.4 kB]
Get:25 http://ftpmaster.internal/ubuntu jammy-updates/main amd64 openssh-client amd64 1:8.9p1-3ubuntu0.1 [908 kB]
Get:26 http://ftpmaster.internal/ubuntu jammy-security/main amd64 dbus-user-session amd64 1.12.20-2ubuntu4.1 [9442 B]
Get:27 http://ftpmaster.internal/ubuntu jammy/universe amd64 libfuse2 amd64 2.9.9-5ubuntu3 [90.3 kB]
Get:28 http://ftpmaster.internal/ubuntu jammy/universe amd64 fuse amd64 2.9.9-5ubuntu3 [27.0 kB]
Get:29 http://ftpmaster.internal/ubuntu jammy/main amd64 libbrotli1 amd64 1.0.9-2build6 [315 kB]
Get:30 http://ftpmaster.internal/ubuntu jammy-updates/main amd64 libsasl2-modules-db amd64 2.1.27+dfsg2-3ubuntu1.2 [20.5 kB]
Get:31 http://ftpmaster.internal/ubuntu jammy-updates/main amd64 libsasl2-2 amd64 2.1.27+dfsg2-3ubuntu1.2 [53.8 kB]
Get:32 http://ftpmaster.internal/ubuntu jammy-updates/main amd64 libldap-2.5-0 amd64 2.5.13+dfsg-0ubuntu0.22.04.1 [183 kB]
Get:33 http://ftpmaster.internal/ubuntu jammy/main amd64 librtmp1 amd64 2.4+20151223.gitfa8646d.1-2build4 [58.2 kB]
Get:34 http://ftpmaster.internal/ubuntu jammy/main amd64 libssh-4 amd64 0.9.6-2build1 [184 kB]
Get:35 http://ftpmaster.internal/ubuntu jammy-security/main amd64 libcurl3-gnutls amd64 7.81.0-1ubuntu1.8 [284 kB]
Get:36 http://ftpmaster.internal/ubuntu jammy/main amd64 liberror-perl all 0.17029-1 [26.5 kB]
Get:37 http://ftpmaster.internal/ubuntu jammy-security/main amd64 git-man all 1:2.34.1-1ubuntu1.8 [953 kB]
Get:38 http://ftpmaster.internal/ubuntu jammy-security/main amd64 git amd64 1:2.34.1-1ubuntu1.8 [3141 kB]
Get:39 http://ftpmaster.internal/ubuntu jammy/main amd64 liblzo2-2 amd64 2.10-2build3 [53.7 kB]
Get:40 http://ftpmaster.internal/ubuntu jammy/universe amd64 libsquashfuse0 amd64 0.1.103-3 [24.6 kB]
Get:41 http://ftpmaster.internal/ubuntu jammy/main amd64 libwrap0 amd64 7.6.q-31build2 [47.9 kB]
Get:42 http://ftpmaster.internal/ubuntu jammy/main amd64 squashfs-tools amd64 1:4.5-3build1 [159 kB]
Get:43 http://ftpmaster.internal/ubuntu jammy-updates/main amd64 snapd amd64 2.58+22.04 [23.8 MB]
Get:44 http://ftpmaster.internal/ubuntu jammy/universe amd64 squashfuse amd64 0.1.103-3 [7516 B]
Get:45 http://ftpmaster.internal/ubuntu jammy/main amd64 socat amd64 1.7.4.1-3ubuntu4 [349 kB]
debconf: delaying package configuration, since apt-utils is not installed
Fetched 40.4 MB in 0s (137 MB/s)
Selecting previously unselected package libpython3.10-minimal:amd64.
(Reading database ... 15377 files and directories currently installed.)
Preparing to unpack .../libpython3.10-minimal_3.10.6-1~22.04.2_amd64.deb ...
Unpacking libpython3.10-minimal:amd64 (3.10.6-1~22.04.2) ...
Selecting previously unselected package libexpat1:amd64.
Preparing to unpack .../libexpat1_2.4.7-1ubuntu0.2_amd64.deb ...
Unpacking libexpat1:amd64 (2.4.7-1ubuntu0.2) ...
Selecting previously unselected package python3.10-minimal.
Preparing to unpack .../python3.10-minimal_3.10.6-1~22.04.2_amd64.deb ...
Unpacking python3.10-minimal (3.10.6-1~22.04.2) ...
Setting up libpython3.10-minimal:amd64 (3.10.6-1~22.04.2) ...
Setting up libexpat1:amd64 (2.4.7-1ubuntu0.2) ...
Setting up python3.10-minimal (3.10.6-1~22.04.2) ...
Selecting previously unselected package python3-minimal.
(Reading database ... 15679 files and directories currently installed.)
Preparing to unpack .../0-python3-minimal_3.10.6-1~22.04_amd64.deb ...
Unpacking python3-minimal (3.10.6-1~22.04) ...
Selecting previously unselected package media-types.
Preparing to unpack .../1-media-types_7.0.0_all.deb ...
Unpacking media-types (7.0.0) ...
Selecting previously unselected package libmpdec3:amd64.
Preparing to unpack .../2-libmpdec3_2.5.1-2build2_amd64.deb ...
Unpacking libmpdec3:amd64 (2.5.1-2build2) ...
Selecting previously unselected package libpython3.10-stdlib:amd64.
Preparing to unpack .../3-libpython3.10-stdlib_3.10.6-1~22.04.2_amd64.deb ...
Unpacking libpython3.10-stdlib:amd64 (3.10.6-1~22.04.2) ...
Selecting previously unselected package python3.10.
Preparing to unpack .../4-python3.10_3.10.6-1~22.04.2_amd64.deb ...
Unpacking python3.10 (3.10.6-1~22.04.2) ...
Selecting previously unselected package libpython3-stdlib:amd64.
Preparing to unpack .../5-libpython3-stdlib_3.10.6-1~22.04_amd64.deb ...
Unpacking libpython3-stdlib:amd64 (3.10.6-1~22.04) ...
Setting up python3-minimal (3.10.6-1~22.04) ...
Selecting previously unselected package python3.
(Reading database ... 16080 files and directories currently installed.)
Preparing to unpack .../00-python3_3.10.6-1~22.04_amd64.deb ...
Unpacking python3 (3.10.6-1~22.04) ...
Selecting previously unselected package libdbus-1-3:amd64.
Preparing to unpack .../01-libdbus-1-3_1.12.20-2ubuntu4.1_amd64.deb ...
Unpacking libdbus-1-3:amd64 (1.12.20-2ubuntu4.1) ...
Selecting previously unselected package dbus.
Preparing to unpack .../02-dbus_1.12.20-2ubuntu4.1_amd64.deb ...
Unpacking dbus (1.12.20-2ubuntu4.1) ...
Selecting previously unselected package libmd0:amd64.
Preparing to unpack .../03-libmd0_1.0.4-1build1_amd64.deb ...
Unpacking libmd0:amd64 (1.0.4-1build1) ...
Selecting previously unselected package libbsd0:amd64.
Preparing to unpack .../04-libbsd0_0.11.5-1_amd64.deb ...
Unpacking libbsd0:amd64 (0.11.5-1) ...
Selecting previously unselected package libpam-systemd:amd64.
Preparing to unpack .../05-libpam-systemd_249.11-0ubuntu3.7_amd64.deb ...
Unpacking libpam-systemd:amd64 (249.11-0ubuntu3.7) ...
Selecting previously unselected package sudo.
Preparing to unpack .../06-sudo_1.9.9-1ubuntu2.3_amd64.deb ...
Unpacking sudo (1.9.9-1ubuntu2.3) ...
Selecting previously unselected package udev.
Preparing to unpack .../07-udev_249.11-0ubuntu3.7_amd64.deb ...
Unpacking udev (249.11-0ubuntu3.7) ...
Selecting previously unselected package apparmor.
Preparing to unpack .../08-apparmor_3.0.4-2ubuntu2.1_amd64.deb ...
Unpacking apparmor (3.0.4-2ubuntu2.1) ...
Selecting previously unselected package libcbor0.8:amd64.
Preparing to unpack .../09-libcbor0.8_0.8.0-2ubuntu1_amd64.deb ...
Unpacking libcbor0.8:amd64 (0.8.0-2ubuntu1) ...
Selecting previously unselected package libedit2:amd64.
Preparing to unpack .../10-libedit2_3.1-20210910-1build1_amd64.deb ...
Unpacking libedit2:amd64 (3.1-20210910-1build1) ...
Selecting previously unselected package libfido2-1:amd64.
Preparing to unpack .../11-libfido2-1_1.10.0-1_amd64.deb ...
Unpacking libfido2-1:amd64 (1.10.0-1) ...
Selecting previously unselected package libfuse3-3:amd64.
Preparing to unpack .../12-libfuse3-3_3.10.5-1build1_amd64.deb ...
Unpacking libfuse3-3:amd64 (3.10.5-1build1) ...
Selecting previously unselected package libnghttp2-14:amd64.
Preparing to unpack .../13-libnghttp2-14_1.43.0-1build3_amd64.deb ...
Unpacking libnghttp2-14:amd64 (1.43.0-1build3) ...
Selecting previously unselected package libpsl5:amd64.
Preparing to unpack .../14-libpsl5_0.21.0-1.2build2_amd64.deb ...
Unpacking libpsl5:amd64 (0.21.0-1.2build2) ...
Selecting previously unselected package openssh-client.
Preparing to unpack .../15-openssh-client_1%3a8.9p1-3ubuntu0.1_amd64.deb ...
Unpacking openssh-client (1:8.9p1-3ubuntu0.1) ...
Selecting previously unselected package dbus-user-session.
Preparing to unpack .../16-dbus-user-session_1.12.20-2ubuntu4.1_amd64.deb ...
Unpacking dbus-user-session (1.12.20-2ubuntu4.1) ...
Selecting previously unselected package libfuse2:amd64.
Preparing to unpack .../17-libfuse2_2.9.9-5ubuntu3_amd64.deb ...
Unpacking libfuse2:amd64 (2.9.9-5ubuntu3) ...
Selecting previously unselected package fuse.
Preparing to unpack .../18-fuse_2.9.9-5ubuntu3_amd64.deb ...
Unpacking fuse (2.9.9-5ubuntu3) ...
Selecting previously unselected package libbrotli1:amd64.
Preparing to unpack .../19-libbrotli1_1.0.9-2build6_amd64.deb ...
Unpacking libbrotli1:amd64 (1.0.9-2build6) ...
Selecting previously unselected package libsasl2-modules-db:amd64.
Preparing to unpack .../20-libsasl2-modules-db_2.1.27+dfsg2-3ubuntu1.2_amd64.deb ...
Unpacking libsasl2-modules-db:amd64 (2.1.27+dfsg2-3ubuntu1.2) ...
Selecting previously unselected package libsasl2-2:amd64.
Preparing to unpack .../21-libsasl2-2_2.1.27+dfsg2-3ubuntu1.2_amd64.deb ...
Unpacking libsasl2-2:amd64 (2.1.27+dfsg2-3ubuntu1.2) ...
Selecting previously unselected package libldap-2.5-0:amd64.
Preparing to unpack .../22-libldap-2.5-0_2.5.13+dfsg-0ubuntu0.22.04.1_amd64.deb ...
Unpacking libldap-2.5-0:amd64 (2.5.13+dfsg-0ubuntu0.22.04.1) ...
Selecting previously unselected package librtmp1:amd64.
Preparing to unpack .../23-librtmp1_2.4+20151223.gitfa8646d.1-2build4_amd64.deb ...
Unpacking librtmp1:amd64 (2.4+20151223.gitfa8646d.1-2build4) ...
Selecting previously unselected package libssh-4:amd64.
Preparing to unpack .../24-libssh-4_0.9.6-2build1_amd64.deb ...
Unpacking libssh-4:amd64 (0.9.6-2build1) ...
Selecting previously unselected package libcurl3-gnutls:amd64.
Preparing to unpack .../25-libcurl3-gnutls_7.81.0-1ubuntu1.8_amd64.deb ...
Unpacking libcurl3-gnutls:amd64 (7.81.0-1ubuntu1.8) ...
Selecting previously unselected package liberror-perl.
Preparing to unpack .../26-liberror-perl_0.17029-1_all.deb ...
Unpacking liberror-perl (0.17029-1) ...
Selecting previously unselected package git-man.
Preparing to unpack .../27-git-man_1%3a2.34.1-1ubuntu1.8_all.deb ...
Unpacking git-man (1:2.34.1-1ubuntu1.8) ...
Selecting previously unselected package git.
Preparing to unpack .../28-git_1%3a2.34.1-1ubuntu1.8_amd64.deb ...
Unpacking git (1:2.34.1-1ubuntu1.8) ...
Selecting previously unselected package liblzo2-2:amd64.
Preparing to unpack .../29-liblzo2-2_2.10-2build3_amd64.deb ...
Unpacking liblzo2-2:amd64 (2.10-2build3) ...
Selecting previously unselected package libsquashfuse0:amd64.
Preparing to unpack .../30-libsquashfuse0_0.1.103-3_amd64.deb ...
Unpacking libsquashfuse0:amd64 (0.1.103-3) ...
Selecting previously unselected package libwrap0:amd64.
Preparing to unpack .../31-libwrap0_7.6.q-31build2_amd64.deb ...
Unpacking libwrap0:amd64 (7.6.q-31build2) ...
Selecting previously unselected package squashfs-tools.
Preparing to unpack .../32-squashfs-tools_1%3a4.5-3build1_amd64.deb ...
Unpacking squashfs-tools (1:4.5-3build1) ...
Selecting previously unselected package snapd.
Preparing to unpack .../33-snapd_2.58+22.04_amd64.deb ...
Unpacking snapd (2.58+22.04) ...
Selecting previously unselected package squashfuse.
Preparing to unpack .../34-squashfuse_0.1.103-3_amd64.deb ...
Unpacking squashfuse (0.1.103-3) ...
Selecting previously unselected package socat.
Preparing to unpack .../35-socat_1.7.4.1-3ubuntu4_amd64.deb ...
Unpacking socat (1.7.4.1-3ubuntu4) ...
Setting up media-types (7.0.0) ...
Setting up libpsl5:amd64 (0.21.0-1.2build2) ...
Setting up libcbor0.8:amd64 (0.8.0-2ubuntu1) ...
Setting up libbrotli1:amd64 (1.0.9-2build6) ...
Setting up libnghttp2-14:amd64 (1.43.0-1build3) ...
Setting up liblzo2-2:amd64 (2.10-2build3) ...
Setting up libfuse2:amd64 (2.9.9-5ubuntu3) ...
Setting up libsasl2-modules-db:amd64 (2.1.27+dfsg2-3ubuntu1.2) ...
Setting up liberror-perl (0.17029-1) ...
Setting up apparmor (3.0.4-2ubuntu2.1) ...
Created symlink /etc/systemd/system/sysinit.target.wants/apparmor.service  /lib/systemd/system/apparmor.service.
Reloading AppArmor profiles 
Setting up libwrap0:amd64 (7.6.q-31build2) ...
Setting up librtmp1:amd64 (2.4+20151223.gitfa8646d.1-2build4) ...
Setting up socat (1.7.4.1-3ubuntu4) ...
Setting up libdbus-1-3:amd64 (1.12.20-2ubuntu4.1) ...
Setting up dbus (1.12.20-2ubuntu4.1) ...
Setting up udev (249.11-0ubuntu3.7) ...
Setting up sudo (1.9.9-1ubuntu2.3) ...
Setting up libfuse3-3:amd64 (3.10.5-1build1) ...
Setting up libsasl2-2:amd64 (2.1.27+dfsg2-3ubuntu1.2) ...
Setting up libssh-4:amd64 (0.9.6-2build1) ...
Setting up libmd0:amd64 (1.0.4-1build1) ...
Setting up libmpdec3:amd64 (2.5.1-2build2) ...
Setting up libpam-systemd:amd64 (249.11-0ubuntu3.7) ...
Setting up git-man (1:2.34.1-1ubuntu1.8) ...
Setting up libsquashfuse0:amd64 (0.1.103-3) ...
Setting up libfido2-1:amd64 (1.10.0-1) ...
Setting up libbsd0:amd64 (0.11.5-1) ...
Setting up fuse (2.9.9-5ubuntu3) ...
Setting up squashfs-tools (1:4.5-3build1) ...
Setting up libedit2:amd64 (3.1-20210910-1build1) ...
Setting up libldap-2.5-0:amd64 (2.5.13+dfsg-0ubuntu0.22.04.1) ...
Setting up libpython3.10-stdlib:amd64 (3.10.6-1~22.04.2) ...
Setting up dbus-user-session (1.12.20-2ubuntu4.1) ...
Setting up squashfuse (0.1.103-3) ...
Setting up libpython3-stdlib:amd64 (3.10.6-1~22.04) ...
Setting up python3.10 (3.10.6-1~22.04.2) ...
Setting up openssh-client (1:8.9p1-3ubuntu0.1) ...
update-alternatives: using /usr/bin/ssh to provide /usr/bin/rsh (rsh) in auto mode
update-alternatives: using /usr/bin/slogin to provide /usr/bin/rlogin (rlogin) in auto mode
update-alternatives: using /usr/bin/scp to provide /usr/bin/rcp (rcp) in auto mode
Setting up libcurl3-gnutls:amd64 (7.81.0-1ubuntu1.8) ...
Setting up python3 (3.10.6-1~22.04) ...
running python rtupdate hooks for python3.10...
running python post-rtupdate hooks for python3.10...
Setting up git (1:2.34.1-1ubuntu1.8) ...
Setting up snapd (2.58+22.04) ...
Created symlink /etc/systemd/system/multi-user.target.wants/snapd.aa-prompt-listener.service  /lib/systemd/system/snapd.aa-prompt-listener.service.
Created symlink /etc/systemd/system/multi-user.target.wants/snapd.apparmor.service  /lib/systemd/system/snapd.apparmor.service.
Created symlink /etc/systemd/system/multi-user.target.wants/snapd.autoimport.service  /lib/systemd/system/snapd.autoimport.service.
Created symlink /etc/systemd/system/multi-user.target.wants/snapd.core-fixup.service  /lib/systemd/system/snapd.core-fixup.service.
Created symlink /etc/systemd/system/multi-user.target.wants/snapd.recovery-chooser-trigger.service  /lib/systemd/system/snapd.recovery-chooser-trigger.service.
Created symlink /etc/systemd/system/multi-user.target.wants/snapd.seeded.service  /lib/systemd/system/snapd.seeded.service.
Created symlink /etc/systemd/system/cloud-final.service.wants/snapd.seeded.service  /lib/systemd/system/snapd.seeded.service.
Unit /lib/systemd/system/snapd.seeded.service is added as a dependency to a non-existent unit cloud-final.service.
Created symlink /etc/systemd/system/multi-user.target.wants/snapd.service  /lib/systemd/system/snapd.service.
Created symlink /etc/systemd/system/timers.target.wants/snapd.snap-repair.timer  /lib/systemd/system/snapd.snap-repair.timer.
Created symlink /etc/systemd/system/sockets.target.wants/snapd.socket  /lib/systemd/system/snapd.socket.
Created symlink /etc/systemd/system/final.target.wants/snapd.system-shutdown.service  /lib/systemd/system/snapd.system-shutdown.service.
snapd.failure.service is a disabled or a static unit, not starting it.
snapd.mounts-pre.target is a disabled or a static unit, not starting it.
snapd.mounts.target is a disabled or a static unit, not starting it.
snapd.snap-repair.service is a disabled or a static unit, not starting it.
Processing triggers for libc-bin (2.35-0ubuntu3.1) ...
2023-03-10T14:00:14Z INFO Waiting for automatic snapd restart...
snapcraft 7.3.1 from Canonical** installed
Running repo phase...
Cloning into 'snapcraft-dieklingel-core-6c6f6b04f7583fd50650b0deab434ba4'...
[10/Mar/2023:14:00:53 +0000] "CONNECT git.launchpad.net:443 HTTP/1.1" 200 200029481 "-" "git/2.34.1"
Running pull phase...
[10/Mar/2023:14:01:00 +0000] "GET http://ftpmaster.internal/ubuntu/dists/jammy/InRelease HTTP/1.1" 304 - "-" "Debian APT-HTTP/1.3 (2.4.8) non-interactive"
[10/Mar/2023:14:01:00 +0000] "GET http://ftpmaster.internal/ubuntu/dists/jammy-security/InRelease HTTP/1.1" 304 - "-" "Debian APT-HTTP/1.3 (2.4.8) non-interactive"
[10/Mar/2023:14:01:00 +0000] "GET http://ftpmaster.internal/ubuntu/dists/jammy-updates/InRelease HTTP/1.1" 304 - "-" "Debian APT-HTTP/1.3 (2.4.8) non-interactive"
[10/Mar/2023:14:01:01 +0000] "GET http://ftpmaster.internal/ubuntu/pool/main/g/glib2.0/libglib2.0-0_2.72.4-0ubuntu1_amd64.deb HTTP/1.1" 200 1461488 "-" "Debian APT-HTTP/1.3 (2.4.8) non-interactive"
[10/Mar/2023:14:01:01 +0000] "GET http://ftpmaster.internal/ubuntu/pool/main/g/gobject-introspection/libgirepository-1.0-1_1.72.0-1_amd64.deb HTTP/1.1" 200 55644 "-" "Debian APT-HTTP/1.3 (2.4.8) non-interactive"
[10/Mar/2023:14:01:01 +0000] "GET http://ftpmaster.internal/ubuntu/pool/main/g/gobject-introspection/gir1.2-glib-2.0_1.72.0-1_amd64.deb HTTP/1.1" 200 163890 "-" "Debian APT-HTTP/1.3 (2.4.8) non-interactive"
[10/Mar/2023:14:01:01 +0000] "GET http://ftpmaster.internal/ubuntu/pool/main/i/iso-codes/iso-codes_4.9.0-1_all.deb HTTP/1.1" 200 3459400 "-" "Debian APT-HTTP/1.3 (2.4.8) non-interactive"
[10/Mar/2023:14:01:01 +0000] "GET http://ftpmaster.internal/ubuntu/pool/main/libc/libcap2/libcap2-bin_2.44-1build3_amd64.deb HTTP/1.1" 200 26008 "-" "Debian APT-HTTP/1.3 (2.4.8) non-interactive"
[10/Mar/2023:14:01:01 +0000] "GET http://ftpmaster.internal/ubuntu/pool/main/e/elfutils/libelf1_0.186-1build1_amd64.deb HTTP/1.1" 200 51016 "-" "Debian APT-HTTP/1.3 (2.4.8) non-interactive"
[10/Mar/2023:14:01:01 +0000] "GET http://ftpmaster.internal/ubuntu/pool/main/g/glib2.0/libglib2.0-data_2.72.4-0ubuntu1_all.deb HTTP/1.1" 200 4882 "-" "Debian APT-HTTP/1.3 (2.4.8) non-interactive"
[10/Mar/2023:14:01:01 +0000] "GET http://ftpmaster.internal/ubuntu/pool/main/i/icu/libicu70_70.1-2_amd64.deb HTTP/1.1" 200 10581942 "-" "Debian APT-HTTP/1.3 (2.4.8) non-interactive"
[10/Mar/2023:14:01:01 +0000] "GET http://ftpmaster.internal/ubuntu/pool/main/libx/libxml2/libxml2_2.9.13%2bdfsg-1ubuntu0.2_amd64.deb HTTP/1.1" 200 763530 "-" "Debian APT-HTTP/1.3 (2.4.8) non-interactive"
[10/Mar/2023:14:01:01 +0000] "GET http://ftpmaster.internal/ubuntu/pool/main/libd/libdrm/libdrm-common_2.4.113-2%7eubuntu0.22.04.1_all.deb HTTP/1.1" 200 5450 "-" "Debian APT-HTTP/1.3 (2.4.8) non-interactive"
[10/Mar/2023:14:01:01 +0000] "GET http://ftpmaster.internal/ubuntu/pool/main/libd/libdrm/libdrm2_2.4.113-2%7eubuntu0.22.04.1_amd64.deb HTTP/1.1" 200 38106 "-" "Debian APT-HTTP/1.3 (2.4.8) non-interactive"
[10/Mar/2023:14:01:01 +0000] "GET http://ftpmaster.internal/ubuntu/pool/main/libu/libuv1/libuv1_1.43.0-1_amd64.deb HTTP/1.1" 200 93094 "-" "Debian APT-HTTP/1.3 (2.4.8) non-interactive"
[10/Mar/2023:14:01:01 +0000] "GET http://ftpmaster.internal/ubuntu/pool/main/libx/libxau/libxau6_1.0.9-1build5_amd64.deb HTTP/1.1" 200 7634 "-" "Debian APT-HTTP/1.3 (2.4.8) non-interactive"
[10/Mar/2023:14:01:01 +0000] "GET http://ftpmaster.internal/ubuntu/pool/main/libx/libxdmcp/libxdmcp6_1.1.3-0ubuntu5_amd64.deb HTTP/1.1" 200 10904 "-" "Debian APT-HTTP/1.3 (2.4.8) non-interactive"
[10/Mar/2023:14:01:01 +0000] "GET http://ftpmaster.internal/ubuntu/pool/main/libx/libxcb/libxcb1_1.14-3ubuntu3_amd64.deb HTTP/1.1" 200 49030 "-" "Debian APT-HTTP/1.3 (2.4.8) non-interactive"
[10/Mar/2023:14:01:01 +0000] "GET http://ftpmaster.internal/ubuntu/pool/main/libx/libx11/libx11-data_1.7.5-1_all.deb HTTP/1.1" 200 119356 "-" "Debian APT-HTTP/1.3 (2.4.8) non-interactive"
[10/Mar/2023:14:01:01 +0000] "GET http://ftpmaster.internal/ubuntu/pool/main/libx/libx11/libx11-6_1.7.5-1_amd64.deb HTTP/1.1" 200 666288 "-" "Debian APT-HTTP/1.3 (2.4.8) non-interactive"
[10/Mar/2023:14:01:01 +0000] "GET http://ftpmaster.internal/ubuntu/pool/main/libx/libxext/libxext6_1.3.4-1build1_amd64.deb HTTP/1.1" 200 31808 "-" "Debian APT-HTTP/1.3 (2.4.8) non-interactive"
[10/Mar/2023:14:01:01 +0000] "GET http://ftpmaster.internal/ubuntu/pool/main/l/llvm-toolchain-14/libllvm14_14.0.0-1ubuntu1_amd64.deb HTTP/1.1" 200 24009152 "-" "Debian APT-HTTP/1.3 (2.4.8) non-interactive"
[10/Mar/2023:14:01:01 +0000] "GET http://ftpmaster.internal/ubuntu/pool/universe/l/llvm-toolchain-14/libclang-cpp14_14.0.0-1ubuntu1_amd64.deb HTTP/1.1" 200 12071016 "-" "Debian APT-HTTP/1.3 (2.4.8) non-interactive"
[10/Mar/2023:14:01:01 +0000] "GET http://ftpmaster.internal/ubuntu/pool/main/libg/libgc/libgc1_8.0.6-1.1build1_amd64.deb HTTP/1.1" 200 96760 "-" "Debian APT-HTTP/1.3 (2.4.8) non-interactive"
[10/Mar/2023:14:01:01 +0000] "GET http://ftpmaster.internal/ubuntu/pool/universe/g/gcc-12/libobjc4_12.1.0-2ubuntu1%7e22.04_amd64.deb HTTP/1.1" 200 48682 "-" "Debian APT-HTTP/1.3 (2.4.8) non-interactive"
[10/Mar/2023:14:01:01 +0000] "GET http://ftpmaster.internal/ubuntu/pool/universe/g/gcc-11/libobjc-11-dev_11.3.0-1ubuntu1%7e22.04_amd64.deb HTTP/1.1" 200 196042 "-" "Debian APT-HTTP/1.3 (2.4.8) non-interactive"
[10/Mar/2023:14:01:01 +0000] "GET http://ftpmaster.internal/ubuntu/pool/main/g/glibc/libc6-i386_2.35-0ubuntu3.1_amd64.deb HTTP/1.1" 200 2836988 "-" "Debian APT-HTTP/1.3 (2.4.8) non-interactive"
[10/Mar/2023:14:01:01 +0000] "GET http://ftpmaster.internal/ubuntu/pool/main/g/gcc-12/lib32gcc-s1_12.1.0-2ubuntu1%7e22.04_amd64.deb HTTP/1.1" 200 64548 "-" "Debian APT-HTTP/1.3 (2.4.8) non-interactive"
[10/Mar/2023:14:01:02 +0000] "GET http://ftpmaster.internal/ubuntu/pool/main/g/gcc-12/lib32stdc%2b%2b6_12.1.0-2ubuntu1%7e22.04_amd64.deb HTTP/1.1" 200 736868 "-" "Debian APT-HTTP/1.3 (2.4.8) non-interactive"
[10/Mar/2023:14:01:02 +0000] "GET http://ftpmaster.internal/ubuntu/pool/universe/l/llvm-toolchain-14/libclang-common-14-dev_14.0.0-1ubuntu1_amd64.deb HTTP/1.1" 200 5975630 "-" "Debian APT-HTTP/1.3 (2.4.8) non-interactive"
[10/Mar/2023:14:01:02 +0000] "GET http://ftpmaster.internal/ubuntu/pool/universe/l/llvm-toolchain-14/llvm-14-linker-tools_14.0.0-1ubuntu1_amd64.deb HTTP/1.1" 200 1352722 "-" "Debian APT-HTTP/1.3 (2.4.8) non-interactive"
[10/Mar/2023:14:01:02 +0000] "GET http://ftpmaster.internal/ubuntu/pool/universe/l/llvm-toolchain-14/libclang1-14_14.0.0-1ubuntu1_amd64.deb HTTP/1.1" 200 6796272 "-" "Debian APT-HTTP/1.3 (2.4.8) non-interactive"
[10/Mar/2023:14:01:02 +0000] "GET http://ftpmaster.internal/ubuntu/pool/universe/l/llvm-toolchain-14/clang-14_14.0.0-1ubuntu1_amd64.deb HTTP/1.1" 200 81168 "-" "Debian APT-HTTP/1.3 (2.4.8) non-interactive"
[10/Mar/2023:14:01:02 +0000] "GET http://ftpmaster.internal/ubuntu/pool/universe/l/llvm-defaults/clang_14.0-55%7eexp2_amd64.deb HTTP/1.1" 200 3558 "-" "Debian APT-HTTP/1.3 (2.4.8) non-interactive"
[10/Mar/2023:14:01:02 +0000] "GET http://ftpmaster.internal/ubuntu/pool/main/liba/libarchive/libarchive13_3.6.0-1ubuntu1_amd64.deb HTTP/1.1" 200 368458 "-" "Debian APT-HTTP/1.3 (2.4.8) non-interactive"
[10/Mar/2023:14:01:02 +0000] "GET http://ftpmaster.internal/ubuntu/pool/main/c/curl/libcurl4_7.81.0-1ubuntu1.8_amd64.deb HTTP/1.1" 200 289692 "-" "Debian APT-HTTP/1.3 (2.4.8) non-interactive"
[10/Mar/2023:14:01:02 +0000] "GET http://ftpmaster.internal/ubuntu/pool/main/libj/libjsoncpp/libjsoncpp25_1.9.5-3_amd64.deb HTTP/1.1" 200 79966 "-" "Debian APT-HTTP/1.3 (2.4.8) non-interactive"
[10/Mar/2023:14:01:02 +0000] "GET http://ftpmaster.internal/ubuntu/pool/main/r/rhash/librhash0_1.4.2-1ubuntu1_amd64.deb HTTP/1.1" 200 124594 "-" "Debian APT-HTTP/1.3 (2.4.8) non-interactive"
[10/Mar/2023:14:01:02 +0000] "GET http://ftpmaster.internal/ubuntu/pool/main/d/dh-elpa/dh-elpa-helper_2.0.9ubuntu1_all.deb HTTP/1.1" 200 7610 "-" "Debian APT-HTTP/1.3 (2.4.8) non-interactive"
[10/Mar/2023:14:01:02 +0000] "GET http://ftpmaster.internal/ubuntu/pool/main/e/emacsen-common/emacsen-common_3.0.4_all.deb HTTP/1.1" 200 14892 "-" "Debian APT-HTTP/1.3 (2.4.8) non-interactive"
[10/Mar/2023:14:01:02 +0000] "GET http://ftpmaster.internal/ubuntu/pool/main/c/cmake/cmake-data_3.22.1-1ubuntu1.22.04.1_all.deb HTTP/1.1" 200 1912880 "-" "Debian APT-HTTP/1.3 (2.4.8) non-interactive"
[10/Mar/2023:14:01:02 +0000] "GET http://ftpmaster.internal/ubuntu/pool/main/c/cmake/cmake_3.22.1-1ubuntu1.22.04.1_amd64.deb HTTP/1.1" 200 5012722 "-" "Debian APT-HTTP/1.3 (2.4.8) non-interactive"
[10/Mar/2023:14:01:02 +0000] "GET http://ftpmaster.internal/ubuntu/pool/main/c/curl/curl_7.81.0-1ubuntu1.8_amd64.deb HTTP/1.1" 200 194104 "-" "Debian APT-HTTP/1.3 (2.4.8) non-interactive"
[10/Mar/2023:14:01:02 +0000] "GET http://ftpmaster.internal/ubuntu/pool/main/e/elfutils/libdw1_0.186-1build1_amd64.deb HTTP/1.1" 200 250424 "-" "Debian APT-HTTP/1.3 (2.4.8) non-interactive"
[10/Mar/2023:14:01:02 +0000] "GET http://ftpmaster.internal/ubuntu/pool/main/libu/libunwind/libunwind8_1.3.2-2build2_amd64.deb HTTP/1.1" 200 54502 "-" "Debian APT-HTTP/1.3 (2.4.8) non-interactive"
[10/Mar/2023:14:01:02 +0000] "GET http://ftpmaster.internal/ubuntu/pool/main/g/gstreamer1.0/libgstreamer1.0-0_1.20.3-0ubuntu1_amd64.deb HTTP/1.1" 200 983496 "-" "Debian APT-HTTP/1.3 (2.4.8) non-interactive"
[10/Mar/2023:14:01:02 +0000] "GET http://ftpmaster.internal/ubuntu/pool/main/g/gstreamer1.0/gir1.2-gstreamer-1.0_1.20.3-0ubuntu1_amd64.deb HTTP/1.1" 200 87372 "-" "Debian APT-HTTP/1.3 (2.4.8) non-interactive"
[10/Mar/2023:14:01:02 +0000] "GET http://ftpmaster.internal/ubuntu/pool/main/libg/libglvnd/libglvnd0_1.4.0-1_amd64.deb HTTP/1.1" 200 73582 "-" "Debian APT-HTTP/1.3 (2.4.8) non-interactive"
[10/Mar/2023:14:01:02 +0000] "GET http://ftpmaster.internal/ubuntu/pool/main/w/wayland/libwayland-server0_1.20.0-1ubuntu0.1_amd64.deb HTTP/1.1" 200 34268 "-" "Debian APT-HTTP/1.3 (2.4.8) non-interactive"
[10/Mar/2023:14:01:02 +0000] "GET http://ftpmaster.internal/ubuntu/pool/main/m/mesa/libgbm1_22.2.5-0ubuntu0.1%7e22.04.1_amd64.deb HTTP/1.1" 200 32972 "-" "Debian APT-HTTP/1.3 (2.4.8) non-interactive"
[10/Mar/2023:14:01:02 +0000] "GET http://ftpmaster.internal/ubuntu/pool/main/m/mesa/libglapi-mesa_22.2.5-0ubuntu0.1%7e22.04.1_amd64.deb HTTP/1.1" 200 35328 "-" "Debian APT-HTTP/1.3 (2.4.8) non-interactive"
[10/Mar/2023:14:01:02 +0000] "GET http://ftpmaster.internal/ubuntu/pool/main/w/wayland/libwayland-client0_1.20.0-1ubuntu0.1_amd64.deb HTTP/1.1" 200 25950 "-" "Debian APT-HTTP/1.3 (2.4.8) non-interactive"
[10/Mar/2023:14:01:02 +0000] "GET http://ftpmaster.internal/ubuntu/pool/main/libx/libx11/libx11-xcb1_1.7.5-1_amd64.deb HTTP/1.1" 200 7790 "-" "Debian APT-HTTP/1.3 (2.4.8) non-interactive"
[10/Mar/2023:14:01:02 +0000] "GET http://ftpmaster.internal/ubuntu/pool/main/libx/libxcb/libxcb-dri2-0_1.14-3ubuntu3_amd64.deb HTTP/1.1" 200 7206 "-" "Debian APT-HTTP/1.3 (2.4.8) non-interactive"
[10/Mar/2023:14:01:02 +0000] "GET http://ftpmaster.internal/ubuntu/pool/main/libx/libxcb/libxcb-dri3-0_1.14-3ubuntu3_amd64.deb HTTP/1.1" 200 6968 "-" "Debian APT-HTTP/1.3 (2.4.8) non-interactive"
[10/Mar/2023:14:01:02 +0000] "GET http://ftpmaster.internal/ubuntu/pool/main/libx/libxcb/libxcb-present0_1.14-3ubuntu3_amd64.deb HTTP/1.1" 200 5734 "-" "Debian APT-HTTP/1.3 (2.4.8) non-interactive"
[10/Mar/2023:14:01:02 +0000] "GET http://ftpmaster.internal/ubuntu/pool/main/libx/libxcb/libxcb-sync1_1.14-3ubuntu3_amd64.deb HTTP/1.1" 200 9416 "-" "Debian APT-HTTP/1.3 (2.4.8) non-interactive"
[10/Mar/2023:14:01:02 +0000] "GET http://ftpmaster.internal/ubuntu/pool/main/libx/libxcb/libxcb-xfixes0_1.14-3ubuntu3_amd64.deb HTTP/1.1" 200 9996 "-" "Debian APT-HTTP/1.3 (2.4.8) non-interactive"
[10/Mar/2023:14:01:02 +0000] "GET http://ftpmaster.internal/ubuntu/pool/main/libx/libxshmfence/libxshmfence1_1.3-1build4_amd64.deb HTTP/1.1" 200 5394 "-" "Debian APT-HTTP/1.3 (2.4.8) non-interactive"
[10/Mar/2023:14:01:02 +0000] "GET http://ftpmaster.internal/ubuntu/pool/main/m/mesa/libegl-mesa0_22.2.5-0ubuntu0.1%7e22.04.1_amd64.deb HTTP/1.1" 200 111276 "-" "Debian APT-HTTP/1.3 (2.4.8) non-interactive"
[10/Mar/2023:14:01:02 +0000] "GET http://ftpmaster.internal/ubuntu/pool/main/libg/libglvnd/libegl1_1.4.0-1_amd64.deb HTTP/1.1" 200 28564 "-" "Debian APT-HTTP/1.3 (2.4.8) non-interactive"
[10/Mar/2023:14:01:02 +0000] "GET http://ftpmaster.internal/ubuntu/pool/main/libx/libxcb/libxcb-glx0_1.14-3ubuntu3_amd64.deb HTTP/1.1" 200 25934 "-" "Debian APT-HTTP/1.3 (2.4.8) non-interactive"
[10/Mar/2023:14:01:02 +0000] "GET http://ftpmaster.internal/ubuntu/pool/main/libx/libxcb/libxcb-shm0_1.14-3ubuntu3_amd64.deb HTTP/1.1" 200 5780 "-" "Debian APT-HTTP/1.3 (2.4.8) non-interactive"
[10/Mar/2023:14:01:02 +0000] "GET http://ftpmaster.internal/ubuntu/pool/main/libx/libxfixes/libxfixes3_6.0.0-1_amd64.deb HTTP/1.1" 200 11656 "-" "Debian APT-HTTP/1.3 (2.4.8) non-interactive"
[10/Mar/2023:14:01:02 +0000] "GET http://ftpmaster.internal/ubuntu/pool/main/libx/libxxf86vm/libxxf86vm1_1.1.4-1build3_amd64.deb HTTP/1.1" 200 10380 "-" "Debian APT-HTTP/1.3 (2.4.8) non-interactive"
[10/Mar/2023:14:01:02 +0000] "GET http://ftpmaster.internal/ubuntu/pool/main/libd/libdrm/libdrm-amdgpu1_2.4.113-2%7eubuntu0.22.04.1_amd64.deb HTTP/1.1" 200 19948 "-" "Debian APT-HTTP/1.3 (2.4.8) non-interactive"
[10/Mar/2023:14:01:02 +0000] "GET http://ftpmaster.internal/ubuntu/pool/main/libd/libdrm/libdrm-nouveau2_2.4.113-2%7eubuntu0.22.04.1_amd64.deb HTTP/1.1" 200 17480 "-" "Debian APT-HTTP/1.3 (2.4.8) non-interactive"
[10/Mar/2023:14:01:02 +0000] "GET http://ftpmaster.internal/ubuntu/pool/main/libd/libdrm/libdrm-radeon1_2.4.113-2%7eubuntu0.22.04.1_amd64.deb HTTP/1.1" 200 21566 "-" "Debian APT-HTTP/1.3 (2.4.8) non-interactive"
[10/Mar/2023:14:01:02 +0000] "GET http://ftpmaster.internal/ubuntu/pool/main/l/llvm-toolchain-15/libllvm15_15.0.6-3%7eubuntu0.22.04.2_amd64.deb HTTP/1.1" 200 25409116 "-" "Debian APT-HTTP/1.3 (2.4.8) non-interactive"
[10/Mar/2023:14:01:02 +0000] "GET http://ftpmaster.internal/ubuntu/pool/main/l/lm-sensors/libsensors-config_3.6.0-7ubuntu1_all.deb HTTP/1.1" 200 5274 "-" "Debian APT-HTTP/1.3 (2.4.8) non-interactive"
[10/Mar/2023:14:01:02 +0000] "GET http://ftpmaster.internal/ubuntu/pool/main/l/lm-sensors/libsensors5_3.6.0-7ubuntu1_amd64.deb HTTP/1.1" 200 26346 "-" "Debian APT-HTTP/1.3 (2.4.8) non-interactive"
[10/Mar/2023:14:01:02 +0000] "GET http://ftpmaster.internal/ubuntu/pool/main/m/mesa/libgl1-mesa-dri_22.2.5-0ubuntu0.1%7e22.04.1_amd64.deb HTTP/1.1" 200 7510840 "-" "Debian APT-HTTP/1.3 (2.4.8) non-interactive"
[10/Mar/2023:14:01:02 +0000] "GET http://ftpmaster.internal/ubuntu/pool/main/m/mesa/libglx-mesa0_22.2.5-0ubuntu0.1%7e22.04.1_amd64.deb HTTP/1.1" 200 158328 "-" "Debian APT-HTTP/1.3 (2.4.8) non-interactive"
[10/Mar/2023:14:01:02 +0000] "GET http://ftpmaster.internal/ubuntu/pool/main/libg/libglvnd/libglx0_1.4.0-1_amd64.deb HTTP/1.1" 200 41024 "-" "Debian APT-HTTP/1.3 (2.4.8) non-interactive"
[10/Mar/2023:14:01:02 +0000] "GET http://ftpmaster.internal/ubuntu/pool/main/libg/libglvnd/libgl1_1.4.0-1_amd64.deb HTTP/1.1" 200 110500 "-" "Debian APT-HTTP/1.3 (2.4.8) non-interactive"
[10/Mar/2023:14:01:02 +0000] "GET http://ftpmaster.internal/ubuntu/pool/main/o/orc/liborc-0.4-0_0.4.32-2_amd64.deb HTTP/1.1" 200 227790 "-" "Debian APT-HTTP/1.3 (2.4.8) non-interactive"
[10/Mar/2023:14:01:02 +0000] "GET http://ftpmaster.internal/ubuntu/pool/main/g/gst-plugins-base1.0/libgstreamer-plugins-base1.0-0_1.20.1-1_amd64.deb HTTP/1.1" 200 847332 "-" "Debian APT-HTTP/1.3 (2.4.8) non-interactive"
[10/Mar/2023:14:01:02 +0000] "GET http://ftpmaster.internal/ubuntu/pool/main/libg/libgudev/libgudev-1.0-0_237-2build1_amd64.deb HTTP/1.1" 200 16266 "-" "Debian APT-HTTP/1.3 (2.4.8) non-interactive"
[10/Mar/2023:14:01:02 +0000] "GET http://ftpmaster.internal/ubuntu/pool/main/w/wayland/libwayland-cursor0_1.20.0-1ubuntu0.1_amd64.deb HTTP/1.1" 200 10664 "-" "Debian APT-HTTP/1.3 (2.4.8) non-interactive"
[10/Mar/2023:14:01:02 +0000] "GET http://ftpmaster.internal/ubuntu/pool/main/w/wayland/libwayland-egl1_1.20.0-1ubuntu0.1_amd64.deb HTTP/1.1" 200 5582 "-" "Debian APT-HTTP/1.3 (2.4.8) non-interactive"
[10/Mar/2023:14:01:02 +0000] "GET http://ftpmaster.internal/ubuntu/pool/main/g/gst-plugins-base1.0/libgstreamer-gl1.0-0_1.20.1-1_amd64.deb HTTP/1.1" 200 203490 "-" "Debian APT-HTTP/1.3 (2.4.8) non-interactive"
[10/Mar/2023:14:01:02 +0000] "GET http://ftpmaster.internal/ubuntu/pool/main/g/gst-plugins-base1.0/gir1.2-gst-plugins-base-1.0_1.20.1-1_amd64.deb HTTP/1.1" 200 109286 "-" "Debian APT-HTTP/1.3 (2.4.8) non-interactive"
[10/Mar/2023:14:01:02 +0000] "GET http://ftpmaster.internal/ubuntu/pool/main/libg/libgudev/gir1.2-gudev-1.0_237-2build1_amd64.deb HTTP/1.1" 200 3792 "-" "Debian APT-HTTP/1.3 (2.4.8) non-interactive"
[10/Mar/2023:14:01:02 +0000] "GET http://ftpmaster.internal/ubuntu/pool/main/libp/libpciaccess/libpciaccess0_0.16-3_amd64.deb HTTP/1.1" 200 19140 "-" "Debian APT-HTTP/1.3 (2.4.8) non-interactive"
[10/Mar/2023:14:01:02 +0000] "GET http://ftpmaster.internal/ubuntu/pool/main/libd/libdrm/libdrm-intel1_2.4.113-2%7eubuntu0.22.04.1_amd64.deb HTTP/1.1" 200 66724 "-" "Debian APT-HTTP/1.3 (2.4.8) non-interactive"
[10/Mar/2023:14:01:02 +0000] "GET http://ftpmaster.internal/ubuntu/pool/main/libp/libpciaccess/libpciaccess-dev_0.16-3_amd64.deb HTTP/1.1" 200 21904 "-" "Debian APT-HTTP/1.3 (2.4.8) non-interactive"
[10/Mar/2023:14:01:02 +0000] "GET http://ftpmaster.internal/ubuntu/pool/main/libd/libdrm/libdrm-dev_2.4.113-2%7eubuntu0.22.04.1_amd64.deb HTTP/1.1" 200 292328 "-" "Debian APT-HTTP/1.3 (2.4.8) non-interactive"
[10/Mar/2023:14:01:02 +0000] "GET http://ftpmaster.internal/ubuntu/pool/main/z/zlib/zlib1g-dev_1.2.11.dfsg-2ubuntu9.2_amd64.deb HTTP/1.1" 200 164060 "-" "Debian APT-HTTP/1.3 (2.4.8) non-interactive"
[10/Mar/2023:14:01:02 +0000] "GET http://ftpmaster.internal/ubuntu/pool/main/e/elfutils/libelf-dev_0.186-1build1_amd64.deb HTTP/1.1" 200 64426 "-" "Debian APT-HTTP/1.3 (2.4.8) non-interactive"
[10/Mar/2023:14:01:02 +0000] "GET http://ftpmaster.internal/ubuntu/pool/main/x/xz-utils/liblzma-dev_5.2.5-2ubuntu1_amd64.deb HTTP/1.1" 200 158650 "-" "Debian APT-HTTP/1.3 (2.4.8) non-interactive"
[10/Mar/2023:14:01:02 +0000] "GET http://ftpmaster.internal/ubuntu/pool/main/e/elfutils/libdw-dev_0.186-1build1_amd64.deb HTTP/1.1" 200 327172 "-" "Debian APT-HTTP/1.3 (2.4.8) non-interactive"
[10/Mar/2023:14:01:02 +0000] "GET http://ftpmaster.internal/ubuntu/pool/main/x/xorg-sgml-doctools/xorg-sgml-doctools_1.11-1.1_all.deb HTTP/1.1" 200 10936 "-" "Debian APT-HTTP/1.3 (2.4.8) non-interactive"
[10/Mar/2023:14:01:02 +0000] "GET http://ftpmaster.internal/ubuntu/pool/main/x/xorgproto/x11proto-dev_2021.5-1_all.deb HTTP/1.1" 200 604434 "-" "Debian APT-HTTP/1.3 (2.4.8) non-interactive"
[10/Mar/2023:14:01:02 +0000] "GET http://ftpmaster.internal/ubuntu/pool/main/libx/libxau/libxau-dev_1.0.9-1build5_amd64.deb HTTP/1.1" 200 9724 "-" "Debian APT-HTTP/1.3 (2.4.8) non-interactive"
[10/Mar/2023:14:01:02 +0000] "GET http://ftpmaster.internal/ubuntu/pool/main/libx/libxdmcp/libxdmcp-dev_1.1.3-0ubuntu5_amd64.deb HTTP/1.1" 200 26506 "-" "Debian APT-HTTP/1.3 (2.4.8) non-interactive"
[10/Mar/2023:14:01:02 +0000] "GET http://ftpmaster.internal/ubuntu/pool/main/x/xtrans/xtrans-dev_1.4.0-1_all.deb HTTP/1.1" 200 68900 "-" "Debian APT-HTTP/1.3 (2.4.8) non-interactive"
[10/Mar/2023:14:01:02 +0000] "GET http://ftpmaster.internal/ubuntu/pool/main/libp/libpthread-stubs/libpthread-stubs0-dev_0.4-1build2_amd64.deb HTTP/1.1" 200 5516 "-" "Debian APT-HTTP/1.3 (2.4.8) non-interactive"
[10/Mar/2023:14:01:02 +0000] "GET http://ftpmaster.internal/ubuntu/pool/main/libx/libxcb/libxcb1-dev_1.14-3ubuntu3_amd64.deb HTTP/1.1" 200 86470 "-" "Debian APT-HTTP/1.3 (2.4.8) non-interactive"
[10/Mar/2023:14:01:03 +0000] "GET http://ftpmaster.internal/ubuntu/pool/main/libx/libx11/libx11-dev_1.7.5-1_amd64.deb HTTP/1.1" 200 743656 "-" "Debian APT-HTTP/1.3 (2.4.8) non-interactive"
[10/Mar/2023:14:01:03 +0000] "GET http://ftpmaster.internal/ubuntu/pool/main/libg/libglvnd/libglx-dev_1.4.0-1_amd64.deb HTTP/1.1" 200 14126 "-" "Debian APT-HTTP/1.3 (2.4.8) non-interactive"
[10/Mar/2023:14:01:03 +0000] "GET http://ftpmaster.internal/ubuntu/pool/main/libg/libglvnd/libgl-dev_1.4.0-1_amd64.deb HTTP/1.1" 200 101498 "-" "Debian APT-HTTP/1.3 (2.4.8) non-interactive"
[10/Mar/2023:14:01:03 +0000] "GET http://ftpmaster.internal/ubuntu/pool/main/libg/libglvnd/libegl-dev_1.4.0-1_amd64.deb HTTP/1.1" 200 17962 "-" "Debian APT-HTTP/1.3 (2.4.8) non-interactive"
[10/Mar/2023:14:01:03 +0000] "GET http://ftpmaster.internal/ubuntu/pool/main/m/mesa/libgbm-dev_22.2.5-0ubuntu0.1%7e22.04.1_amd64.deb HTTP/1.1" 200 9296 "-" "Debian APT-HTTP/1.3 (2.4.8) non-interactive"
[10/Mar/2023:14:01:03 +0000] "GET http://ftpmaster.internal/ubuntu/pool/main/libg/libglvnd/libgles1_1.4.0-1_amd64.deb HTTP/1.1" 200 11522 "-" "Debian APT-HTTP/1.3 (2.4.8) non-interactive"
[10/Mar/2023:14:01:03 +0000] "GET http://ftpmaster.internal/ubuntu/pool/main/libg/libglvnd/libgles2_1.4.0-1_amd64.deb HTTP/1.1" 200 18016 "-" "Debian APT-HTTP/1.3 (2.4.8) non-interactive"
[10/Mar/2023:14:01:03 +0000] "GET http://ftpmaster.internal/ubuntu/pool/main/libg/libglvnd/libgles-dev_1.4.0-1_amd64.deb HTTP/1.1" 200 49434 "-" "Debian APT-HTTP/1.3 (2.4.8) non-interactive"
[10/Mar/2023:14:01:03 +0000] "GET http://ftpmaster.internal/ubuntu/pool/main/g/glib2.0/libglib2.0-bin_2.72.4-0ubuntu1_amd64.deb HTTP/1.1" 200 80858 "-" "Debian APT-HTTP/1.3 (2.4.8) non-interactive"
[10/Mar/2023:14:01:03 +0000] "GET http://ftpmaster.internal/ubuntu/pool/main/libf/libffi/libffi-dev_3.4.2-4_amd64.deb HTTP/1.1" 200 63712 "-" "Debian APT-HTTP/1.3 (2.4.8) non-interactive"
[10/Mar/2023:14:01:03 +0000] "GET http://ftpmaster.internal/ubuntu/pool/main/p/python3-stdlib-extensions/python3-lib2to3_3.10.6-1%7e22.04_all.deb HTTP/1.1" 200 77560 "-" "Debian APT-HTTP/1.3 (2.4.8) non-interactive"
[10/Mar/2023:14:01:03 +0000] "GET http://ftpmaster.internal/ubuntu/pool/main/p/python3-stdlib-extensions/python3-distutils_3.10.6-1%7e22.04_all.deb HTTP/1.1" 200 138820 "-" "Debian APT-HTTP/1.3 (2.4.8) non-interactive"
[10/Mar/2023:14:01:03 +0000] "GET http://ftpmaster.internal/ubuntu/pool/main/g/glib2.0/libglib2.0-dev-bin_2.72.4-0ubuntu1_amd64.deb HTTP/1.1" 200 116504 "-" "Debian APT-HTTP/1.3 (2.4.8) non-interactive"
[10/Mar/2023:14:01:03 +0000] "GET http://ftpmaster.internal/ubuntu/pool/main/u/util-linux/uuid-dev_2.37.2-4ubuntu3_amd64.deb HTTP/1.1" 200 33086 "-" "Debian APT-HTTP/1.3 (2.4.8) non-interactive"
[10/Mar/2023:14:01:03 +0000] "GET http://ftpmaster.internal/ubuntu/pool/main/u/util-linux/libblkid-dev_2.37.2-4ubuntu3_amd64.deb HTTP/1.1" 200 185134 "-" "Debian APT-HTTP/1.3 (2.4.8) non-interactive"
[10/Mar/2023:14:01:03 +0000] "GET http://ftpmaster.internal/ubuntu/pool/main/libs/libsepol/libsepol-dev_3.3-1build1_amd64.deb HTTP/1.1" 200 378462 "-" "Debian APT-HTTP/1.3 (2.4.8) non-interactive"
[10/Mar/2023:14:01:03 +0000] "GET http://ftpmaster.internal/ubuntu/pool/main/p/pcre2/libpcre2-16-0_10.39-3ubuntu0.1_amd64.deb HTTP/1.1" 200 203294 "-" "Debian APT-HTTP/1.3 (2.4.8) non-interactive"
[10/Mar/2023:14:01:03 +0000] "GET http://ftpmaster.internal/ubuntu/pool/main/p/pcre2/libpcre2-32-0_10.39-3ubuntu0.1_amd64.deb HTTP/1.1" 200 193782 "-" "Debian APT-HTTP/1.3 (2.4.8) non-interactive"
[10/Mar/2023:14:01:03 +0000] "GET http://ftpmaster.internal/ubuntu/pool/main/p/pcre2/libpcre2-posix3_10.39-3ubuntu0.1_amd64.deb HTTP/1.1" 200 6130 "-" "Debian APT-HTTP/1.3 (2.4.8) non-interactive"
[10/Mar/2023:14:01:03 +0000] "GET http://ftpmaster.internal/ubuntu/pool/main/p/pcre2/libpcre2-dev_10.39-3ubuntu0.1_amd64.deb HTTP/1.1" 200 730282 "-" "Debian APT-HTTP/1.3 (2.4.8) non-interactive"
[10/Mar/2023:14:01:03 +0000] "GET http://ftpmaster.internal/ubuntu/pool/main/libs/libselinux/libselinux1-dev_3.3-1build2_amd64.deb HTTP/1.1" 200 157890 "-" "Debian APT-HTTP/1.3 (2.4.8) non-interactive"
[10/Mar/2023:14:01:03 +0000] "GET http://ftpmaster.internal/ubuntu/pool/main/u/util-linux/libmount-dev_2.37.2-4ubuntu3_amd64.deb HTTP/1.1" 200 14548 "-" "Debian APT-HTTP/1.3 (2.4.8) non-interactive"
[10/Mar/2023:14:01:03 +0000] "GET http://ftpmaster.internal/ubuntu/pool/main/p/pcre3/libpcre16-3_8.39-13ubuntu0.22.04.1_amd64.deb HTTP/1.1" 200 164242 "-" "Debian APT-HTTP/1.3 (2.4.8) non-interactive"
[10/Mar/2023:14:01:03 +0000] "GET http://ftpmaster.internal/ubuntu/pool/main/p/pcre3/libpcre32-3_8.39-13ubuntu0.22.04.1_amd64.deb HTTP/1.1" 200 154808 "-" "Debian APT-HTTP/1.3 (2.4.8) non-interactive"
[10/Mar/2023:14:01:03 +0000] "GET http://ftpmaster.internal/ubuntu/pool/main/p/pcre3/libpcrecpp0v5_8.39-13ubuntu0.22.04.1_amd64.deb HTTP/1.1" 200 16482 "-" "Debian APT-HTTP/1.3 (2.4.8) non-interactive"
[10/Mar/2023:14:01:03 +0000] "GET http://ftpmaster.internal/ubuntu/pool/main/p/pcre3/libpcre3-dev_8.39-13ubuntu0.22.04.1_amd64.deb HTTP/1.1" 200 578728 "-" "Debian APT-HTTP/1.3 (2.4.8) non-interactive"
[10/Mar/2023:14:01:03 +0000] "GET http://ftpmaster.internal/ubuntu/pool/main/p/pkg-config/pkg-config_0.29.2-1ubuntu3_amd64.deb HTTP/1.1" 200 48218 "-" "Debian APT-HTTP/1.3 (2.4.8) non-interactive"
[10/Mar/2023:14:01:03 +0000] "GET http://ftpmaster.internal/ubuntu/pool/main/g/glib2.0/libglib2.0-dev_2.72.4-0ubuntu1_amd64.deb HTTP/1.1" 200 1735076 "-" "Debian APT-HTTP/1.3 (2.4.8) non-interactive"
[10/Mar/2023:14:01:03 +0000] "GET http://ftpmaster.internal/ubuntu/pool/main/libu/libunwind/libunwind-dev_1.3.2-2build2_amd64.deb HTTP/1.1" 200 1881594 "-" "Debian APT-HTTP/1.3 (2.4.8) non-interactive"
[10/Mar/2023:14:01:03 +0000] "GET http://ftpmaster.internal/ubuntu/pool/main/g/gstreamer1.0/libgstreamer1.0-dev_1.20.3-0ubuntu1_amd64.deb HTTP/1.1" 200 510412 "-" "Debian APT-HTTP/1.3 (2.4.8) non-interactive"
[10/Mar/2023:14:01:03 +0000] "GET http://ftpmaster.internal/ubuntu/pool/main/o/orc/liborc-0.4-dev-bin_0.4.32-2_amd64.deb HTTP/1.1" 200 231542 "-" "Debian APT-HTTP/1.3 (2.4.8) non-interactive"
[10/Mar/2023:14:01:03 +0000] "GET http://ftpmaster.internal/ubuntu/pool/main/o/orc/liborc-0.4-dev_0.4.32-2_amd64.deb HTTP/1.1" 200 212088 "-" "Debian APT-HTTP/1.3 (2.4.8) non-interactive"
[10/Mar/2023:14:01:03 +0000] "GET http://ftpmaster.internal/ubuntu/pool/main/libx/libx11/libx11-xcb-dev_1.7.5-1_amd64.deb HTTP/1.1" 200 10102 "-" "Debian APT-HTTP/1.3 (2.4.8) non-interactive"
[10/Mar/2023:14:01:03 +0000] "GET http://ftpmaster.internal/ubuntu/pool/main/w/wayland/libwayland-bin_1.20.0-1ubuntu0.1_amd64.deb HTTP/1.1" 200 20438 "-" "Debian APT-HTTP/1.3 (2.4.8) non-interactive"
[10/Mar/2023:14:01:03 +0000] "GET http://ftpmaster.internal/ubuntu/pool/main/w/wayland/libwayland-dev_1.20.0-1ubuntu0.1_amd64.deb HTTP/1.1" 200 69500 "-" "Debian APT-HTTP/1.3 (2.4.8) non-interactive"
[10/Mar/2023:14:01:03 +0000] "GET http://ftpmaster.internal/ubuntu/pool/main/s/systemd/libudev-dev_249.11-0ubuntu3.7_amd64.deb HTTP/1.1" 200 20694 "-" "Debian APT-HTTP/1.3 (2.4.8) non-interactive"
[10/Mar/2023:14:01:03 +0000] "GET http://ftpmaster.internal/ubuntu/pool/main/libg/libgudev/libgudev-1.0-dev_237-2build1_amd64.deb HTTP/1.1" 200 27148 "-" "Debian APT-HTTP/1.3 (2.4.8) non-interactive"
[10/Mar/2023:14:01:03 +0000] "GET http://ftpmaster.internal/ubuntu/pool/main/g/gst-plugins-base1.0/libgstreamer-plugins-base1.0-dev_1.20.1-1_amd64.deb HTTP/1.1" 200 433394 "-" "Debian APT-HTTP/1.3 (2.4.8) non-interactive"
[10/Mar/2023:14:01:03 +0000] "GET http://ftpmaster.internal/ubuntu/pool/universe/n/ninja-build/ninja-build_1.10.1-1_amd64.deb HTTP/1.1" 200 111368 "-" "Debian APT-HTTP/1.3 (2.4.8) non-interactive"
[10/Mar/2023:14:01:03 +0000] "GET http://ftpmaster.internal/ubuntu/pool/main/u/unzip/unzip_6.0-26ubuntu3.1_amd64.deb HTTP/1.1" 200 174488 "-" "Debian APT-HTTP/1.3 (2.4.8) non-interactive"
[10/Mar/2023:14:01:47 +0000] "CONNECT github.com:443 HTTP/1.1" 200 254999946 "-" "git/2.34.1"
Starting Snapcraft 7.3.1
Logging execution to '/root/.local/state/snapcraft/log/snapcraft-20230310-140058.652977.log'
Skipping build-on: arm64 build-for: ['arm64'] because build-on doesn't match host arch: amd64
Running on amd64 for amd64
Initializing parts lifecycle
Executing parts lifecycle...
Executing parts lifecycle: pull flutter-git
Executing action
Executed: pull flutter-git
Executing parts lifecycle: pull apn
Executing action
Executed: pull apn
Executing parts lifecycle: pull gnome/sdk
Executing action
Executed: pull gnome/sdk
Executing parts lifecycle: pull gui
Executing action
Executed: pull gui
Executing parts lifecycle: pull rtc
Executing action
Executed: pull rtc
Executed parts lifecycle
Running build phase...
[10/Mar/2023:14:02:08 +0000] "CONNECT storage.googleapis.com:443 HTTP/1.1" 200 215275243 "-" "curl/7.81.0"
[10/Mar/2023:14:02:19 +0000] "CONNECT pub.dartlang.org:443 HTTP/1.1" 200 5173 "-" "Dart/2.18 (dart:io)"
[10/Mar/2023:14:02:19 +0000] "CONNECT pub.dartlang.org:443 HTTP/1.1" 200 14564 "-" "Dart/2.18 (dart:io)"
[10/Mar/2023:14:02:19 +0000] "CONNECT pub.dartlang.org:443 HTTP/1.1" 200 6421 "-" "Dart/2.18 (dart:io)"
[10/Mar/2023:14:02:19 +0000] "CONNECT pub.dartlang.org:443 HTTP/1.1" 200 11469 "-" "Dart/2.18 (dart:io)"
[10/Mar/2023:14:02:19 +0000] "CONNECT pub.dartlang.org:443 HTTP/1.1" 200 12594 "-" "Dart/2.18 (dart:io)"
[10/Mar/2023:14:02:19 +0000] "CONNECT pub.dartlang.org:443 HTTP/1.1" 200 5155 "-" "Dart/2.18 (dart:io)"
[10/Mar/2023:14:02:19 +0000] "CONNECT pub.dartlang.org:443 HTTP/1.1" 200 5162 "-" "Dart/2.18 (dart:io)"
[10/Mar/2023:14:02:19 +0000] "CONNECT pub.dartlang.org:443 HTTP/1.1" 200 8370 "-" "Dart/2.18 (dart:io)"
[10/Mar/2023:14:02:19 +0000] "CONNECT pub.dartlang.org:443 HTTP/1.1" 200 8291 "-" "Dart/2.18 (dart:io)"
[10/Mar/2023:14:02:19 +0000] "CONNECT pub.dartlang.org:443 HTTP/1.1" 200 8073 "-" "Dart/2.18 (dart:io)"
[10/Mar/2023:14:02:19 +0000] "CONNECT pub.dartlang.org:443 HTTP/1.1" 200 6234 "-" "Dart/2.18 (dart:io)"
[10/Mar/2023:14:02:19 +0000] "CONNECT pub.dartlang.org:443 HTTP/1.1" 200 7164 "-" "Dart/2.18 (dart:io)"
[10/Mar/2023:14:02:19 +0000] "CONNECT pub.dartlang.org:443 HTTP/1.1" 200 5164 "-" "Dart/2.18 (dart:io)"
[10/Mar/2023:14:02:19 +0000] "CONNECT pub.dartlang.org:443 HTTP/1.1" 200 5164 "-" "Dart/2.18 (dart:io)"
[10/Mar/2023:14:02:19 +0000] "CONNECT pub.dartlang.org:443 HTTP/1.1" 200 5170 "-" "Dart/2.18 (dart:io)"
[10/Mar/2023:14:02:19 +0000] "CONNECT pub.dartlang.org:443 HTTP/1.1" 200 5158 "-" "Dart/2.18 (dart:io)"
[10/Mar/2023:14:02:19 +0000] "CONNECT pub.dartlang.org:443 HTTP/1.1" 200 5162 "-" "Dart/2.18 (dart:io)"
[10/Mar/2023:14:02:19 +0000] "CONNECT pub.dartlang.org:443 HTTP/1.1" 200 7768 "-" "Dart/2.18 (dart:io)"
[10/Mar/2023:14:02:19 +0000] "CONNECT pub.dartlang.org:443 HTTP/1.1" 200 5166 "-" "Dart/2.18 (dart:io)"
[10/Mar/2023:14:02:19 +0000] "CONNECT pub.dartlang.org:443 HTTP/1.1" 200 5157 "-" "Dart/2.18 (dart:io)"
[10/Mar/2023:14:02:19 +0000] "CONNECT pub.dartlang.org:443 HTTP/1.1" 200 9524 "-" "Dart/2.18 (dart:io)"
[10/Mar/2023:14:02:19 +0000] "CONNECT pub.dartlang.org:443 HTTP/1.1" 200 5160 "-" "Dart/2.18 (dart:io)"
[10/Mar/2023:14:02:19 +0000] "CONNECT pub.dartlang.org:443 HTTP/1.1" 200 13473 "-" "Dart/2.18 (dart:io)"
[10/Mar/2023:14:02:19 +0000] "CONNECT pub.dartlang.org:443 HTTP/1.1" 200 12167 "-" "Dart/2.18 (dart:io)"
[10/Mar/2023:14:02:19 +0000] "CONNECT pub.dartlang.org:443 HTTP/1.1" 200 7157 "-" "Dart/2.18 (dart:io)"
[10/Mar/2023:14:02:19 +0000] "CONNECT pub.dartlang.org:443 HTTP/1.1" 200 5163 "-" "Dart/2.18 (dart:io)"
[10/Mar/2023:14:02:19 +0000] "CONNECT pub.dartlang.org:443 HTTP/1.1" 200 5158 "-" "Dart/2.18 (dart:io)"
[10/Mar/2023:14:02:19 +0000] "CONNECT pub.dartlang.org:443 HTTP/1.1" 200 5163 "-" "Dart/2.18 (dart:io)"
[10/Mar/2023:14:02:19 +0000] "CONNECT pub.dartlang.org:443 HTTP/1.1" 200 8510 "-" "Dart/2.18 (dart:io)"
[10/Mar/2023:14:02:19 +0000] "CONNECT pub.dartlang.org:443 HTTP/1.1" 200 5175 "-" "Dart/2.18 (dart:io)"
[10/Mar/2023:14:02:19 +0000] "CONNECT pub.dartlang.org:443 HTTP/1.1" 200 7607 "-" "Dart/2.18 (dart:io)"
[10/Mar/2023:14:02:19 +0000] "CONNECT pub.dartlang.org:443 HTTP/1.1" 200 5159 "-" "Dart/2.18 (dart:io)"
[10/Mar/2023:14:02:19 +0000] "CONNECT pub.dartlang.org:443 HTTP/1.1" 200 8562 "-" "Dart/2.18 (dart:io)"
[10/Mar/2023:14:02:19 +0000] "CONNECT pub.dartlang.org:443 HTTP/1.1" 200 8472 "-" "Dart/2.18 (dart:io)"
[10/Mar/2023:14:02:19 +0000] "CONNECT pub.dartlang.org:443 HTTP/1.1" 200 10346 "-" "Dart/2.18 (dart:io)"
[10/Mar/2023:14:02:19 +0000] "CONNECT pub.dartlang.org:443 HTTP/1.1" 200 5164 "-" "Dart/2.18 (dart:io)"
[10/Mar/2023:14:02:19 +0000] "CONNECT pub.dartlang.org:443 HTTP/1.1" 200 5169 "-" "Dart/2.18 (dart:io)"
[10/Mar/2023:14:02:19 +0000] "CONNECT pub.dartlang.org:443 HTTP/1.1" 200 6946 "-" "Dart/2.18 (dart:io)"
[10/Mar/2023:14:02:19 +0000] "CONNECT pub.dartlang.org:443 HTTP/1.1" 200 5163 "-" "Dart/2.18 (dart:io)"
[10/Mar/2023:14:02:19 +0000] "CONNECT pub.dartlang.org:443 HTTP/1.1" 200 5743 "-" "Dart/2.18 (dart:io)"
[10/Mar/2023:14:02:19 +0000] "CONNECT pub.dartlang.org:443 HTTP/1.1" 200 5158 "-" "Dart/2.18 (dart:io)"
[10/Mar/2023:14:02:19 +0000] "CONNECT pub.dartlang.org:443 HTTP/1.1" 200 5169 "-" "Dart/2.18 (dart:io)"
[10/Mar/2023:14:02:19 +0000] "CONNECT pub.dartlang.org:443 HTTP/1.1" 200 30759 "-" "Dart/2.18 (dart:io)"
[10/Mar/2023:14:02:19 +0000] "CONNECT pub.dartlang.org:443 HTTP/1.1" 200 5163 "-" "Dart/2.18 (dart:io)"
[10/Mar/2023:14:02:19 +0000] "CONNECT pub.dartlang.org:443 HTTP/1.1" 200 15751 "-" "Dart/2.18 (dart:io)"
[10/Mar/2023:14:02:19 +0000] "CONNECT pub.dartlang.org:443 HTTP/1.1" 200 11247 "-" "Dart/2.18 (dart:io)"
[10/Mar/2023:14:02:19 +0000] "CONNECT pub.dartlang.org:443 HTTP/1.1" 200 7367 "-" "Dart/2.18 (dart:io)"
[10/Mar/2023:14:02:19 +0000] "CONNECT pub.dartlang.org:443 HTTP/1.1" 200 5929 "-" "Dart/2.18 (dart:io)"
[10/Mar/2023:14:02:19 +0000] "CONNECT pub.dartlang.org:443 HTTP/1.1" 200 5156 "-" "Dart/2.18 (dart:io)"
[10/Mar/2023:14:02:19 +0000] "CONNECT pub.dartlang.org:443 HTTP/1.1" 200 5175 "-" "Dart/2.18 (dart:io)"
[10/Mar/2023:14:02:19 +0000] "CONNECT pub.dartlang.org:443 HTTP/1.1" 200 5157 "-" "Dart/2.18 (dart:io)"
[10/Mar/2023:14:02:19 +0000] "CONNECT pub.dartlang.org:443 HTTP/1.1" 200 5170 "-" "Dart/2.18 (dart:io)"
[10/Mar/2023:14:02:19 +0000] "CONNECT pub.dartlang.org:443 HTTP/1.1" 200 5156 "-" "Dart/2.18 (dart:io)"
[10/Mar/2023:14:02:19 +0000] "CONNECT pub.dartlang.org:443 HTTP/1.1" 200 5159 "-" "Dart/2.18 (dart:io)"
[10/Mar/2023:14:02:19 +0000] "CONNECT pub.dartlang.org:443 HTTP/1.1" 200 5176 "-" "Dart/2.18 (dart:io)"
[10/Mar/2023:14:02:19 +0000] "CONNECT pub.dartlang.org:443 HTTP/1.1" 200 9460 "-" "Dart/2.18 (dart:io)"
[10/Mar/2023:14:02:19 +0000] "CONNECT pub.dartlang.org:443 HTTP/1.1" 200 5164 "-" "Dart/2.18 (dart:io)"
[10/Mar/2023:14:02:19 +0000] "CONNECT pub.dartlang.org:443 HTTP/1.1" 200 5161 "-" "Dart/2.18 (dart:io)"
[10/Mar/2023:14:02:19 +0000] "CONNECT pub.dartlang.org:443 HTTP/1.1" 200 7414 "-" "Dart/2.18 (dart:io)"
[10/Mar/2023:14:02:19 +0000] "CONNECT pub.dartlang.org:443 HTTP/1.1" 200 5158 "-" "Dart/2.18 (dart:io)"
[10/Mar/2023:14:02:19 +0000] "CONNECT pub.dartlang.org:443 HTTP/1.1" 200 5160 "-" "Dart/2.18 (dart:io)"
[10/Mar/2023:14:02:19 +0000] "CONNECT pub.dartlang.org:443 HTTP/1.1" 200 5158 "-" "Dart/2.18 (dart:io)"
[10/Mar/2023:14:02:19 +0000] "CONNECT pub.dartlang.org:443 HTTP/1.1" 200 5157 "-" "Dart/2.18 (dart:io)"
[10/Mar/2023:14:02:19 +0000] "CONNECT pub.dartlang.org:443 HTTP/1.1" 200 5157 "-" "Dart/2.18 (dart:io)"
[10/Mar/2023:14:02:19 +0000] "CONNECT pub.dartlang.org:443 HTTP/1.1" 200 5156 "-" "Dart/2.18 (dart:io)"
[10/Mar/2023:14:02:19 +0000] "CONNECT pub.dartlang.org:443 HTTP/1.1" 200 27111 "-" "Dart/2.18 (dart:io)"
[10/Mar/2023:14:02:19 +0000] "CONNECT pub.dartlang.org:443 HTTP/1.1" 200 5160 "-" "Dart/2.18 (dart:io)"
[10/Mar/2023:14:02:19 +0000] "CONNECT pub.dartlang.org:443 HTTP/1.1" 200 14752 "-" "Dart/2.18 (dart:io)"
[10/Mar/2023:14:02:19 +0000] "CONNECT pub.dartlang.org:443 HTTP/1.1" 200 11647 "-" "Dart/2.18 (dart:io)"
[10/Mar/2023:14:02:19 +0000] "CONNECT pub.dartlang.org:443 HTTP/1.1" 200 5169 "-" "Dart/2.18 (dart:io)"
[10/Mar/2023:14:02:19 +0000] "CONNECT pub.dartlang.org:443 HTTP/1.1" 200 13932 "-" "Dart/2.18 (dart:io)"
[10/Mar/2023:14:02:19 +0000] "CONNECT pub.dartlang.org:443 HTTP/1.1" 200 5170 "-" "Dart/2.18 (dart:io)"
[10/Mar/2023:14:02:19 +0000] "CONNECT pub.dartlang.org:443 HTTP/1.1" 200 12366 "-" "Dart/2.18 (dart:io)"
[10/Mar/2023:14:02:19 +0000] "CONNECT pub.dartlang.org:443 HTTP/1.1" 200 6750 "-" "Dart/2.18 (dart:io)"
[10/Mar/2023:14:02:19 +0000] "CONNECT pub.dartlang.org:443 HTTP/1.1" 200 5166 "-" "Dart/2.18 (dart:io)"
[10/Mar/2023:14:02:19 +0000] "CONNECT pub.dartlang.org:443 HTTP/1.1" 200 5172 "-" "Dart/2.18 (dart:io)"
[10/Mar/2023:14:02:19 +0000] "CONNECT pub.dartlang.org:443 HTTP/1.1" 200 5160 "-" "Dart/2.18 (dart:io)"
[10/Mar/2023:14:02:19 +0000] "CONNECT pub.dartlang.org:443 HTTP/1.1" 200 6520 "-" "Dart/2.18 (dart:io)"
[10/Mar/2023:14:02:19 +0000] "CONNECT pub.dartlang.org:443 HTTP/1.1" 200 5162 "-" "Dart/2.18 (dart:io)"
[10/Mar/2023:14:02:19 +0000] "CONNECT pub.dartlang.org:443 HTTP/1.1" 200 15545 "-" "Dart/2.18 (dart:io)"
[10/Mar/2023:14:02:19 +0000] "CONNECT pub.dartlang.org:443 HTTP/1.1" 200 8134 "-" "Dart/2.18 (dart:io)"
[10/Mar/2023:14:02:19 +0000] "CONNECT pub.dartlang.org:443 HTTP/1.1" 200 5162 "-" "Dart/2.18 (dart:io)"
[10/Mar/2023:14:02:19 +0000] "CONNECT pub.dartlang.org:443 HTTP/1.1" 200 13677 "-" "Dart/2.18 (dart:io)"
[10/Mar/2023:14:02:19 +0000] "CONNECT pub.dartlang.org:443 HTTP/1.1" 200 7607 "-" "Dart/2.18 (dart:io)"
[10/Mar/2023:14:02:19 +0000] "CONNECT pub.dartlang.org:443 HTTP/1.1" 200 5157 "-" "Dart/2.18 (dart:io)"
[10/Mar/2023:14:02:19 +0000] "CONNECT pub.dartlang.org:443 HTTP/1.1" 200 9958 "-" "Dart/2.18 (dart:io)"
[10/Mar/2023:14:02:19 +0000] "CONNECT pub.dartlang.org:443 HTTP/1.1" 200 15245 "-" "Dart/2.18 (dart:io)"
[10/Mar/2023:14:02:19 +0000] "CONNECT pub.dartlang.org:443 HTTP/1.1" 200 5166 "-" "Dart/2.18 (dart:io)"
[10/Mar/2023:14:02:19 +0000] "CONNECT pub.dartlang.org:443 HTTP/1.1" 200 5157 "-" "Dart/2.18 (dart:io)"
[10/Mar/2023:14:02:19 +0000] "CONNECT pub.dartlang.org:443 HTTP/1.1" 200 5165 "-" "Dart/2.18 (dart:io)"
[10/Mar/2023:14:02:19 +0000] "CONNECT pub.dartlang.org:443 HTTP/1.1" 200 10728 "-" "Dart/2.18 (dart:io)"
[10/Mar/2023:14:02:19 +0000] "CONNECT pub.dartlang.org:443 HTTP/1.1" 200 6542 "-" "Dart/2.18 (dart:io)"
[10/Mar/2023:14:02:19 +0000] "CONNECT pub.dartlang.org:443 HTTP/1.1" 200 5167 "-" "Dart/2.18 (dart:io)"
[10/Mar/2023:14:02:19 +0000] "CONNECT pub.dartlang.org:443 HTTP/1.1" 200 5163 "-" "Dart/2.18 (dart:io)"
[10/Mar/2023:14:02:19 +0000] "CONNECT pub.dartlang.org:443 HTTP/1.1" 200 5175 "-" "Dart/2.18 (dart:io)"
[10/Mar/2023:14:02:19 +0000] "CONNECT pub.dartlang.org:443 HTTP/1.1" 200 6996 "-" "Dart/2.18 (dart:io)"
[10/Mar/2023:14:02:19 +0000] "CONNECT pub.dartlang.org:443 HTTP/1.1" 200 10254 "-" "Dart/2.18 (dart:io)"
[10/Mar/2023:14:02:19 +0000] "CONNECT pub.dartlang.org:443 HTTP/1.1" 200 5179 "-" "Dart/2.18 (dart:io)"
[10/Mar/2023:14:02:19 +0000] "CONNECT pub.dartlang.org:443 HTTP/1.1" 200 5157 "-" "Dart/2.18 (dart:io)"
[10/Mar/2023:14:02:19 +0000] "CONNECT pub.dartlang.org:443 HTTP/1.1" 200 14673 "-" "Dart/2.18 (dart:io)"
[10/Mar/2023:14:02:19 +0000] "CONNECT pub.dartlang.org:443 HTTP/1.1" 200 7010 "-" "Dart/2.18 (dart:io)"
[10/Mar/2023:14:02:19 +0000] "CONNECT pub.dartlang.org:443 HTTP/1.1" 200 6693 "-" "Dart/2.18 (dart:io)"
[10/Mar/2023:14:02:19 +0000] "CONNECT pub.dartlang.org:443 HTTP/1.1" 200 9816 "-" "Dart/2.18 (dart:io)"
[10/Mar/2023:14:02:19 +0000] "CONNECT pub.dartlang.org:443 HTTP/1.1" 200 12849 "-" "Dart/2.18 (dart:io)"
[10/Mar/2023:14:02:19 +0000] "CONNECT pub.dartlang.org:443 HTTP/1.1" 200 5158 "-" "Dart/2.18 (dart:io)"
[10/Mar/2023:14:02:19 +0000] "CONNECT pub.dartlang.org:443 HTTP/1.1" 200 6417 "-" "Dart/2.18 (dart:io)"
[10/Mar/2023:14:02:19 +0000] "CONNECT pub.dartlang.org:443 HTTP/1.1" 200 7262 "-" "Dart/2.18 (dart:io)"
[10/Mar/2023:14:02:19 +0000] "CONNECT pub.dartlang.org:443 HTTP/1.1" 200 5161 "-" "Dart/2.18 (dart:io)"
[10/Mar/2023:14:02:19 +0000] "CONNECT pub.dartlang.org:443 HTTP/1.1" 200 5160 "-" "Dart/2.18 (dart:io)"
[10/Mar/2023:14:02:19 +0000] "CONNECT pub.dartlang.org:443 HTTP/1.1" 200 6951 "-" "Dart/2.18 (dart:io)"
[10/Mar/2023:14:02:19 +0000] "CONNECT pub.dartlang.org:443 HTTP/1.1" 200 5158 "-" "Dart/2.18 (dart:io)"
[10/Mar/2023:14:02:19 +0000] "CONNECT pub.dartlang.org:443 HTTP/1.1" 200 10584 "-" "Dart/2.18 (dart:io)"
[10/Mar/2023:14:02:19 +0000] "CONNECT pub.dartlang.org:443 HTTP/1.1" 200 5165 "-" "Dart/2.18 (dart:io)"
[10/Mar/2023:14:02:19 +0000] "CONNECT pub.dartlang.org:443 HTTP/1.1" 200 5171 "-" "Dart/2.18 (dart:io)"
[10/Mar/2023:14:02:19 +0000] "CONNECT pub.dartlang.org:443 HTTP/1.1" 200 11321 "-" "Dart/2.18 (dart:io)"
[10/Mar/2023:14:02:19 +0000] "CONNECT pub.dartlang.org:443 HTTP/1.1" 200 8067 "-" "Dart/2.18 (dart:io)"
[10/Mar/2023:14:02:19 +0000] "CONNECT pub.dartlang.org:443 HTTP/1.1" 200 5164 "-" "Dart/2.18 (dart:io)"
[10/Mar/2023:14:02:19 +0000] "CONNECT pub.dartlang.org:443 HTTP/1.1" 200 10906 "-" "Dart/2.18 (dart:io)"
[10/Mar/2023:14:02:19 +0000] "CONNECT pub.dartlang.org:443 HTTP/1.1" 200 10997 "-" "Dart/2.18 (dart:io)"
[10/Mar/2023:14:02:19 +0000] "CONNECT pub.dartlang.org:443 HTTP/1.1" 200 6811 "-" "Dart/2.18 (dart:io)"
[10/Mar/2023:14:02:19 +0000] "CONNECT pub.dartlang.org:443 HTTP/1.1" 200 5165 "-" "Dart/2.18 (dart:io)"
[10/Mar/2023:14:02:19 +0000] "CONNECT pub.dartlang.org:443 HTTP/1.1" 200 9667 "-" "Dart/2.18 (dart:io)"
[10/Mar/2023:14:02:19 +0000] "CONNECT pub.dartlang.org:443 HTTP/1.1" 200 5175 "-" "Dart/2.18 (dart:io)"
[10/Mar/2023:14:02:19 +0000] "CONNECT pub.dartlang.org:443 HTTP/1.1" 200 5155 "-" "Dart/2.18 (dart:io)"
[10/Mar/2023:14:02:19 +0000] "CONNECT pub.dartlang.org:443 HTTP/1.1" 200 6708 "-" "Dart/2.18 (dart:io)"
[10/Mar/2023:14:02:19 +0000] "CONNECT pub.dartlang.org:443 HTTP/1.1" 200 17241 "-" "Dart/2.18 (dart:io)"
[10/Mar/2023:14:02:19 +0000] "CONNECT pub.dartlang.org:443 HTTP/1.1" 200 5167 "-" "Dart/2.18 (dart:io)"
[10/Mar/2023:14:02:19 +0000] "CONNECT pub.dartlang.org:443 HTTP/1.1" 200 9851 "-" "Dart/2.18 (dart:io)"
[10/Mar/2023:14:02:19 +0000] "CONNECT pub.dartlang.org:443 HTTP/1.1" 200 9693 "-" "Dart/2.18 (dart:io)"
[10/Mar/2023:14:02:19 +0000] "CONNECT pub.dartlang.org:443 HTTP/1.1" 200 7541 "-" "Dart/2.18 (dart:io)"
[10/Mar/2023:14:02:19 +0000] "CONNECT pub.dartlang.org:443 HTTP/1.1" 200 5158 "-" "Dart/2.18 (dart:io)"
[10/Mar/2023:14:02:19 +0000] "CONNECT pub.dartlang.org:443 HTTP/1.1" 200 5163 "-" "Dart/2.18 (dart:io)"
[10/Mar/2023:14:02:19 +0000] "CONNECT pub.dartlang.org:443 HTTP/1.1" 200 5169 "-" "Dart/2.18 (dart:io)"
[10/Mar/2023:14:02:19 +0000] "CONNECT pub.dartlang.org:443 HTTP/1.1" 200 5167 "-" "Dart/2.18 (dart:io)"
[10/Mar/2023:14:02:19 +0000] "CONNECT pub.dartlang.org:443 HTTP/1.1" 200 6621 "-" "Dart/2.18 (dart:io)"
[10/Mar/2023:14:02:19 +0000] "CONNECT pub.dartlang.org:443 HTTP/1.1" 200 5157 "-" "Dart/2.18 (dart:io)"
[10/Mar/2023:14:02:19 +0000] "CONNECT pub.dartlang.org:443 HTTP/1.1" 200 5168 "-" "Dart/2.18 (dart:io)"
[10/Mar/2023:14:02:19 +0000] "CONNECT pub.dartlang.org:443 HTTP/1.1" 200 13962 "-" "Dart/2.18 (dart:io)"
[10/Mar/2023:14:02:19 +0000] "CONNECT pub.dartlang.org:443 HTTP/1.1" 200 6744 "-" "Dart/2.18 (dart:io)"
[10/Mar/2023:14:02:19 +0000] "CONNECT pub.dartlang.org:443 HTTP/1.1" 200 7617 "-" "Dart/2.18 (dart:io)"
[10/Mar/2023:14:02:19 +0000] "CONNECT pub.dartlang.org:443 HTTP/1.1" 200 7989 "-" "Dart/2.18 (dart:io)"
[10/Mar/2023:14:02:19 +0000] "CONNECT pub.dartlang.org:443 HTTP/1.1" 200 5173 "-" "Dart/2.18 (dart:io)"
[10/Mar/2023:14:02:19 +0000] "CONNECT pub.dartlang.org:443 HTTP/1.1" 200 15285 "-" "Dart/2.18 (dart:io)"
[10/Mar/2023:14:02:19 +0000] "CONNECT pub.dartlang.org:443 HTTP/1.1" 200 5158 "-" "Dart/2.18 (dart:io)"
[10/Mar/2023:14:02:19 +0000] "CONNECT pub.dartlang.org:443 HTTP/1.1" 200 12673 "-" "Dart/2.18 (dart:io)"
[10/Mar/2023:14:02:19 +0000] "CONNECT pub.dartlang.org:443 HTTP/1.1" 200 6881 "-" "Dart/2.18 (dart:io)"
[10/Mar/2023:14:02:19 +0000] "CONNECT pub.dartlang.org:443 HTTP/1.1" 200 7592 "-" "Dart/2.18 (dart:io)"
[10/Mar/2023:14:02:19 +0000] "CONNECT pub.dartlang.org:443 HTTP/1.1" 200 8683 "-" "Dart/2.18 (dart:io)"
[10/Mar/2023:14:02:19 +0000] "CONNECT pub.dartlang.org:443 HTTP/1.1" 200 7676 "-" "Dart/2.18 (dart:io)"
[10/Mar/2023:14:02:19 +0000] "CONNECT storage.googleapis.com:443 HTTP/1.1" 200 23035 "-" "Dart/2.18 (dart:io)"
[10/Mar/2023:14:02:19 +0000] "CONNECT storage.googleapis.com:443 HTTP/1.1" 200 147759 "-" "Dart/2.18 (dart:io)"
[10/Mar/2023:14:02:19 +0000] "CONNECT pub.dartlang.org:443 HTTP/1.1" 200 5163 "-" "Dart/2.18 (dart:io)"
[10/Mar/2023:14:02:19 +0000] "CONNECT pub.dartlang.org:443 HTTP/1.1" 200 5164 "-" "Dart/2.18 (dart:io)"
[10/Mar/2023:14:02:19 +0000] "CONNECT pub.dartlang.org:443 HTTP/1.1" 200 5161 "-" "Dart/2.18 (dart:io)"
[10/Mar/2023:14:02:19 +0000] "CONNECT pub.dartlang.org:443 HTTP/1.1" 200 7309 "-" "Dart/2.18 (dart:io)"
[10/Mar/2023:14:02:19 +0000] "CONNECT pub.dartlang.org:443 HTTP/1.1" 200 7953 "-" "Dart/2.18 (dart:io)"
[10/Mar/2023:14:02:19 +0000] "CONNECT pub.dartlang.org:443 HTTP/1.1" 200 12532 "-" "Dart/2.18 (dart:io)"
[10/Mar/2023:14:02:19 +0000] "CONNECT pub.dartlang.org:443 HTTP/1.1" 200 7155 "-" "Dart/2.18 (dart:io)"
[10/Mar/2023:14:02:19 +0000] "CONNECT pub.dartlang.org:443 HTTP/1.1" 200 9484 "-" "Dart/2.18 (dart:io)"
[10/Mar/2023:14:02:19 +0000] "CONNECT pub.dartlang.org:443 HTTP/1.1" 200 5157 "-" "Dart/2.18 (dart:io)"
[10/Mar/2023:14:02:19 +0000] "CONNECT pub.dartlang.org:443 HTTP/1.1" 200 6949 "-" "Dart/2.18 (dart:io)"
[10/Mar/2023:14:02:19 +0000] "CONNECT pub.dartlang.org:443 HTTP/1.1" 200 5160 "-" "Dart/2.18 (dart:io)"
[10/Mar/2023:14:02:19 +0000] "CONNECT pub.dartlang.org:443 HTTP/1.1" 200 5163 "-" "Dart/2.18 (dart:io)"
[10/Mar/2023:14:02:19 +0000] "CONNECT pub.dartlang.org:443 HTTP/1.1" 200 5162 "-" "Dart/2.18 (dart:io)"
[10/Mar/2023:14:02:19 +0000] "CONNECT pub.dartlang.org:443 HTTP/1.1" 200 7663 "-" "Dart/2.18 (dart:io)"
[10/Mar/2023:14:02:19 +0000] "CONNECT pub.dartlang.org:443 HTTP/1.1" 200 6559 "-" "Dart/2.18 (dart:io)"
[10/Mar/2023:14:02:19 +0000] "CONNECT pub.dartlang.org:443 HTTP/1.1" 200 5165 "-" "Dart/2.18 (dart:io)"
[10/Mar/2023:14:02:19 +0000] "CONNECT pub.dartlang.org:443 HTTP/1.1" 200 5169 "-" "Dart/2.18 (dart:io)"
[10/Mar/2023:14:02:19 +0000] "CONNECT storage.googleapis.com:443 HTTP/1.1" 200 36943 "-" "Dart/2.18 (dart:io)"
[10/Mar/2023:14:02:19 +0000] "CONNECT storage.googleapis.com:443 HTTP/1.1" 200 18784 "-" "Dart/2.18 (dart:io)"
[10/Mar/2023:14:02:19 +0000] "CONNECT storage.googleapis.com:443 HTTP/1.1" 200 323555 "-" "Dart/2.18 (dart:io)"
[10/Mar/2023:14:02:19 +0000] "CONNECT storage.googleapis.com:443 HTTP/1.1" 200 33769 "-" "Dart/2.18 (dart:io)"
[10/Mar/2023:14:02:19 +0000] "CONNECT storage.googleapis.com:443 HTTP/1.1" 200 61927 "-" "Dart/2.18 (dart:io)"
[10/Mar/2023:14:02:19 +0000] "CONNECT storage.googleapis.com:443 HTTP/1.1" 200 135390 "-" "Dart/2.18 (dart:io)"
[10/Mar/2023:14:02:19 +0000] "CONNECT storage.googleapis.com:443 HTTP/1.1" 200 22779 "-" "Dart/2.18 (dart:io)"
[10/Mar/2023:14:02:19 +0000] "CONNECT storage.googleapis.com:443 HTTP/1.1" 200 493404 "-" "Dart/2.18 (dart:io)"
[10/Mar/2023:14:02:19 +0000] "CONNECT storage.googleapis.com:443 HTTP/1.1" 200 482758 "-" "Dart/2.18 (dart:io)"
[10/Mar/2023:14:02:19 +0000] "CONNECT storage.googleapis.com:443 HTTP/1.1" 200 52340 "-" "Dart/2.18 (dart:io)"
[10/Mar/2023:14:02:19 +0000] "CONNECT storage.googleapis.com:443 HTTP/1.1" 200 28416 "-" "Dart/2.18 (dart:io)"
[10/Mar/2023:14:02:19 +0000] "CONNECT storage.googleapis.com:443 HTTP/1.1" 200 30579 "-" "Dart/2.18 (dart:io)"
[10/Mar/2023:14:02:19 +0000] "CONNECT storage.googleapis.com:443 HTTP/1.1" 200 24787 "-" "Dart/2.18 (dart:io)"
[10/Mar/2023:14:02:19 +0000] "CONNECT storage.googleapis.com:443 HTTP/1.1" 200 12020 "-" "Dart/2.18 (dart:io)"
[10/Mar/2023:14:02:19 +0000] "CONNECT storage.googleapis.com:443 HTTP/1.1" 200 24032 "-" "Dart/2.18 (dart:io)"
[10/Mar/2023:14:02:19 +0000] "CONNECT storage.googleapis.com:443 HTTP/1.1" 200 24461 "-" "Dart/2.18 (dart:io)"
[10/Mar/2023:14:02:19 +0000] "CONNECT storage.googleapis.com:443 HTTP/1.1" 200 28292 "-" "Dart/2.18 (dart:io)"
[10/Mar/2023:14:02:19 +0000] "CONNECT storage.googleapis.com:443 HTTP/1.1" 200 99679 "-" "Dart/2.18 (dart:io)"
[10/Mar/2023:14:02:19 +0000] "CONNECT storage.googleapis.com:443 HTTP/1.1" 200 88981 "-" "Dart/2.18 (dart:io)"
[10/Mar/2023:14:02:19 +0000] "CONNECT storage.googleapis.com:443 HTTP/1.1" 200 18062 "-" "Dart/2.18 (dart:io)"
[10/Mar/2023:14:02:19 +0000] "CONNECT storage.googleapis.com:443 HTTP/1.1" 200 20337 "-" "Dart/2.18 (dart:io)"
[10/Mar/2023:14:02:19 +0000] "CONNECT storage.googleapis.com:443 HTTP/1.1" 200 297179 "-" "Dart/2.18 (dart:io)"
[10/Mar/2023:14:02:19 +0000] "CONNECT storage.googleapis.com:443 HTTP/1.1" 200 39709 "-" "Dart/2.18 (dart:io)"
[10/Mar/2023:14:02:19 +0000] "CONNECT storage.googleapis.com:443 HTTP/1.1" 200 13464 "-" "Dart/2.18 (dart:io)"
[10/Mar/2023:14:02:19 +0000] "CONNECT storage.googleapis.com:443 HTTP/1.1" 200 28155 "-" "Dart/2.18 (dart:io)"
[10/Mar/2023:14:02:19 +0000] "CONNECT storage.googleapis.com:443 HTTP/1.1" 200 88980 "-" "Dart/2.18 (dart:io)"
[10/Mar/2023:14:02:19 +0000] "CONNECT storage.googleapis.com:443 HTTP/1.1" 200 38790 "-" "Dart/2.18 (dart:io)"
[10/Mar/2023:14:02:19 +0000] "CONNECT storage.googleapis.com:443 HTTP/1.1" 200 29513 "-" "Dart/2.18 (dart:io)"
[10/Mar/2023:14:02:19 +0000] "CONNECT storage.googleapis.com:443 HTTP/1.1" 200 26547 "-" "Dart/2.18 (dart:io)"
[10/Mar/2023:14:02:19 +0000] "CONNECT storage.googleapis.com:443 HTTP/1.1" 200 37538 "-" "Dart/2.18 (dart:io)"
[10/Mar/2023:14:02:19 +0000] "CONNECT storage.googleapis.com:443 HTTP/1.1" 200 19069 "-" "Dart/2.18 (dart:io)"
[10/Mar/2023:14:02:19 +0000] "CONNECT storage.googleapis.com:443 HTTP/1.1" 200 17152 "-" "Dart/2.18 (dart:io)"
[10/Mar/2023:14:02:19 +0000] "CONNECT storage.googleapis.com:443 HTTP/1.1" 200 181180 "-" "Dart/2.18 (dart:io)"
[10/Mar/2023:14:02:19 +0000] "CONNECT storage.googleapis.com:443 HTTP/1.1" 200 2413201 "-" "Dart/2.18 (dart:io)"
[10/Mar/2023:14:02:19 +0000] "CONNECT storage.googleapis.com:443 HTTP/1.1" 200 15713 "-" "Dart/2.18 (dart:io)"
[10/Mar/2023:14:02:19 +0000] "CONNECT storage.googleapis.com:443 HTTP/1.1" 200 477090 "-" "Dart/2.18 (dart:io)"
[10/Mar/2023:14:02:19 +0000] "CONNECT storage.googleapis.com:443 HTTP/1.1" 200 27075 "-" "Dart/2.18 (dart:io)"
[10/Mar/2023:14:02:19 +0000] "CONNECT storage.googleapis.com:443 HTTP/1.1" 200 22772 "-" "Dart/2.18 (dart:io)"
[10/Mar/2023:14:02:19 +0000] "CONNECT storage.googleapis.com:443 HTTP/1.1" 200 1210479 "-" "Dart/2.18 (dart:io)"
[10/Mar/2023:14:02:19 +0000] "CONNECT storage.googleapis.com:443 HTTP/1.1" 200 38655 "-" "Dart/2.18 (dart:io)"
[10/Mar/2023:14:02:19 +0000] "CONNECT storage.googleapis.com:443 HTTP/1.1" 200 10885 "-" "Dart/2.18 (dart:io)"
[10/Mar/2023:14:02:19 +0000] "CONNECT storage.googleapis.com:443 HTTP/1.1" 200 19285 "-" "Dart/2.18 (dart:io)"
[10/Mar/2023:14:02:19 +0000] "CONNECT storage.googleapis.com:443 HTTP/1.1" 200 34952 "-" "Dart/2.18 (dart:io)"
[10/Mar/2023:14:02:19 +0000] "CONNECT storage.googleapis.com:443 HTTP/1.1" 200 12150 "-" "Dart/2.18 (dart:io)"
[10/Mar/2023:14:02:19 +0000] "CONNECT storage.googleapis.com:443 HTTP/1.1" 200 29711 "-" "Dart/2.18 (dart:io)"
[10/Mar/2023:14:02:19 +0000] "CONNECT storage.googleapis.com:443 HTTP/1.1" 200 81811 "-" "Dart/2.18 (dart:io)"
[10/Mar/2023:14:02:19 +0000] "CONNECT storage.googleapis.com:443 HTTP/1.1" 200 103075 "-" "Dart/2.18 (dart:io)"
[10/Mar/2023:14:02:19 +0000] "CONNECT storage.googleapis.com:443 HTTP/1.1" 200 10651 "-" "Dart/2.18 (dart:io)"
[10/Mar/2023:14:02:19 +0000] "CONNECT storage.googleapis.com:443 HTTP/1.1" 200 16153 "-" "Dart/2.18 (dart:io)"
[10/Mar/2023:14:02:19 +0000] "CONNECT storage.googleapis.com:443 HTTP/1.1" 200 16156 "-" "Dart/2.18 (dart:io)"
[10/Mar/2023:14:02:19 +0000] "CONNECT storage.googleapis.com:443 HTTP/1.1" 200 23490 "-" "Dart/2.18 (dart:io)"
[10/Mar/2023:14:02:19 +0000] "CONNECT storage.googleapis.com:443 HTTP/1.1" 200 80782 "-" "Dart/2.18 (dart:io)"
[10/Mar/2023:14:02:19 +0000] "CONNECT storage.googleapis.com:443 HTTP/1.1" 200 10018 "-" "Dart/2.18 (dart:io)"
[10/Mar/2023:14:02:19 +0000] "CONNECT storage.googleapis.com:443 HTTP/1.1" 200 507530 "-" "Dart/2.18 (dart:io)"
[10/Mar/2023:14:02:19 +0000] "CONNECT storage.googleapis.com:443 HTTP/1.1" 200 82856 "-" "Dart/2.18 (dart:io)"
[10/Mar/2023:14:02:19 +0000] "CONNECT storage.googleapis.com:443 HTTP/1.1" 200 15725 "-" "Dart/2.18 (dart:io)"
[10/Mar/2023:14:02:19 +0000] "CONNECT storage.googleapis.com:443 HTTP/1.1" 200 949519 "-" "Dart/2.18 (dart:io)"
[10/Mar/2023:14:02:19 +0000] "CONNECT storage.googleapis.com:443 HTTP/1.1" 200 343636 "-" "Dart/2.18 (dart:io)"
[10/Mar/2023:14:02:19 +0000] "CONNECT storage.googleapis.com:443 HTTP/1.1" 200 48484 "-" "Dart/2.18 (dart:io)"
[10/Mar/2023:14:02:19 +0000] "CONNECT storage.googleapis.com:443 HTTP/1.1" 200 358759 "-" "Dart/2.18 (dart:io)"
[10/Mar/2023:14:02:19 +0000] "CONNECT storage.googleapis.com:443 HTTP/1.1" 200 30457 "-" "Dart/2.18 (dart:io)"
[10/Mar/2023:14:02:19 +0000] "CONNECT storage.googleapis.com:443 HTTP/1.1" 200 45185 "-" "Dart/2.18 (dart:io)"
[10/Mar/2023:14:02:19 +0000] "CONNECT storage.googleapis.com:443 HTTP/1.1" 200 52983 "-" "Dart/2.18 (dart:io)"
[10/Mar/2023:14:02:19 +0000] "CONNECT storage.googleapis.com:443 HTTP/1.1" 200 31417 "-" "Dart/2.18 (dart:io)"
[10/Mar/2023:14:02:19 +0000] "CONNECT storage.googleapis.com:443 HTTP/1.1" 200 18539 "-" "Dart/2.18 (dart:io)"
[10/Mar/2023:14:02:19 +0000] "CONNECT storage.googleapis.com:443 HTTP/1.1" 200 48865 "-" "Dart/2.18 (dart:io)"
[10/Mar/2023:14:02:19 +0000] "CONNECT storage.googleapis.com:443 HTTP/1.1" 200 28765 "-" "Dart/2.18 (dart:io)"
[10/Mar/2023:14:02:19 +0000] "CONNECT storage.googleapis.com:443 HTTP/1.1" 200 14296 "-" "Dart/2.18 (dart:io)"
[10/Mar/2023:14:02:19 +0000] "CONNECT storage.googleapis.com:443 HTTP/1.1" 200 88540 "-" "Dart/2.18 (dart:io)"
[10/Mar/2023:14:02:19 +0000] "CONNECT storage.googleapis.com:443 HTTP/1.1" 200 36523 "-" "Dart/2.18 (dart:io)"
[10/Mar/2023:14:02:19 +0000] "CONNECT storage.googleapis.com:443 HTTP/1.1" 200 16885 "-" "Dart/2.18 (dart:io)"
[10/Mar/2023:14:02:19 +0000] "CONNECT storage.googleapis.com:443 HTTP/1.1" 200 20864 "-" "Dart/2.18 (dart:io)"
[10/Mar/2023:14:02:19 +0000] "CONNECT storage.googleapis.com:443 HTTP/1.1" 200 13697 "-" "Dart/2.18 (dart:io)"
[10/Mar/2023:14:02:19 +0000] "CONNECT storage.googleapis.com:443 HTTP/1.1" 200 20111 "-" "Dart/2.18 (dart:io)"
[10/Mar/2023:14:02:19 +0000] "CONNECT storage.googleapis.com:443 HTTP/1.1" 200 16156 "-" "Dart/2.18 (dart:io)"
[10/Mar/2023:14:02:19 +0000] "CONNECT storage.googleapis.com:443 HTTP/1.1" 200 49888 "-" "Dart/2.18 (dart:io)"
[10/Mar/2023:14:02:19 +0000] "CONNECT storage.googleapis.com:443 HTTP/1.1" 200 16909 "-" "Dart/2.18 (dart:io)"
[10/Mar/2023:14:02:19 +0000] "CONNECT storage.googleapis.com:443 HTTP/1.1" 200 224258 "-" "Dart/2.18 (dart:io)"
[10/Mar/2023:14:02:19 +0000] "CONNECT storage.googleapis.com:443 HTTP/1.1" 200 25095 "-" "Dart/2.18 (dart:io)"
[10/Mar/2023:14:02:19 +0000] "CONNECT storage.googleapis.com:443 HTTP/1.1" 200 12052 "-" "Dart/2.18 (dart:io)"
[10/Mar/2023:14:02:30 +0000] "GET http://169.254.169.254/metadata/instance HTTP/1.1" 403 1996 "-" "Dart/2.18 (dart:io)"
[10/Mar/2023:14:02:35 +0000] "CONNECT github.com:443 HTTP/1.1" 200 3024710 "-" "git/2.34.1"
[10/Mar/2023:14:02:36 +0000] "CONNECT cloud.google.com:443 HTTP/1.1" 200 8201 "-" "Dart/2.18 (dart:io)"
[10/Mar/2023:14:02:36 +0000] "CONNECT maven.google.com:443 HTTP/1.1" 200 8134 "-" "Dart/2.18 (dart:io)"
[10/Mar/2023:14:02:36 +0000] "CONNECT pub.dev:443 HTTP/1.1" 200 5916 "-" "Dart/2.18 (dart:io)"
[10/Mar/2023:14:02:36 +0000] "CONNECT maven.google.com:443 HTTP/1.1" 200 7754 "-" "Dart/2.18 (dart:io)"
[10/Mar/2023:14:02:36 +0000] "CONNECT storage.googleapis.com:443 HTTP/1.1" 200 1350445 "-" "Dart/2.18 (dart:io)"
[10/Mar/2023:14:02:36 +0000] "CONNECT storage.googleapis.com:443 HTTP/1.1" 200 3978320 "-" "Dart/2.18 (dart:io)"
[10/Mar/2023:14:02:36 +0000] "CONNECT storage.googleapis.com:443 HTTP/1.1" 200 3978332 "-" "Dart/2.18 (dart:io)"
[10/Mar/2023:14:02:36 +0000] "CONNECT storage.googleapis.com:443 HTTP/1.1" 200 62645 "-" "Dart/2.18 (dart:io)"
[10/Mar/2023:14:02:36 +0000] "CONNECT storage.googleapis.com:443 HTTP/1.1" 200 1371162 "-" "Dart/2.18 (dart:io)"
[10/Mar/2023:14:02:36 +0000] "CONNECT cocoapods.org:443 HTTP/1.1" 200 3835 "-" "Dart/2.18 (dart:io)"
[10/Mar/2023:14:02:36 +0000] "CONNECT storage.googleapis.com:443 HTTP/1.1" 200 29906869 "-" "Dart/2.18 (dart:io)"
[10/Mar/2023:14:02:36 +0000] "CONNECT storage.googleapis.com:443 HTTP/1.1" 200 2320660 "-" "Dart/2.18 (dart:io)"
Starting Snapcraft 7.3.1
Logging execution to '/root/.local/state/snapcraft/log/snapcraft-20230310-140204.802301.log'
Skipping build-on: arm64 build-for: ['arm64'] because build-on doesn't match host arch: amd64
Running on amd64 for amd64
Initializing parts lifecycle
Executing parts lifecycle...
Executing parts lifecycle: skip pull flutter-git (already ran)
Executing action
Executed: skip pull flutter-git (already ran)
Executing parts lifecycle: skip pull apn (already ran)
Executing action
Executed: skip pull apn (already ran)
Executing parts lifecycle: skip pull gnome/sdk (already ran)
Executing action
Executed: skip pull gnome/sdk (already ran)
Executing parts lifecycle: skip pull gui (already ran)
Executing action
Executed: skip pull gui (already ran)
Executing parts lifecycle: skip pull rtc (already ran)
Executing action
Executed: skip pull rtc (already ran)
Executing parts lifecycle: overlay flutter-git
Executing action
Executed: overlay flutter-git
Executing parts lifecycle: overlay apn
Executing action
Executed: overlay apn
Executing parts lifecycle: overlay gnome/sdk
Executing action
Executed: overlay gnome/sdk
Executing parts lifecycle: overlay gui
Executing action
Executed: overlay gui
Executing parts lifecycle: overlay rtc
Executing action
Executed: overlay rtc
Executing parts lifecycle: build flutter-git
Executing action
:: + mkdir -p /build/snapcraft-dieklingel-core-6c6f6b04f7583fd50650b0deab434ba4/parts/flutter-git/install/usr/bin
:: + mkdir -p /build/snapcraft-dieklingel-core-6c6f6b04f7583fd50650b0deab434ba4/parts/flutter-git/install/usr/libexec
:: + cp -r /build/snapcraft-dieklingel-core-6c6f6b04f7583fd50650b0deab434ba4/parts/flutter-git/src /build/snapcraft-dieklingel-core-6c6f6b04f7583fd50650b0deab434ba4/parts/flutter-git/install/usr/libexec/flutter
:: + ln -sf /build/snapcraft-dieklingel-core-6c6f6b04f7583fd50650b0deab434ba4/parts/flutter-git/install/usr/libexec/flutter/bin/flutter /build/snapcraft-dieklingel-core-6c6f6b04f7583fd50650b0deab434ba4/parts/flutter-git/install/usr/bin/flutter
:: + ln -sf /build/snapcraft-dieklingel-core-6c6f6b04f7583fd50650b0deab434ba4/parts/flutter-git/install/usr/libexec/flutter/bin/dart /build/snapcraft-dieklingel-core-6c6f6b04f7583fd50650b0deab434ba4/parts/flutter-git/install/usr/bin/dart
:: + export PATH=/build/snapcraft-dieklingel-core-6c6f6b04f7583fd50650b0deab434ba4/parts/flutter-git/install/usr/bin:/snap/gnome-42-2204-sdk/current/usr/bin:/snap/snapcraft/8931/libexec/snapcraft:/snap/bin:/usr/local/sbin:/usr/local/bin:/usr/sbin:/usr/bin:/sbin:/bin
:: + PATH=/build/snapcraft-dieklingel-core-6c6f6b04f7583fd50650b0deab434ba4/parts/flutter-git/install/usr/bin:/snap/gnome-42-2204-sdk/current/usr/bin:/snap/snapcraft/8931/libexec/snapcraft:/snap/bin:/usr/local/sbin:/usr/local/bin:/usr/sbin:/usr/bin:/sbin:/bin
:: + flutter doctor
::    Woah! You appear to be trying to run flutter as root.
::    We strongly recommend running the flutter tool without superuser privileges.
::   /
:: 
:: Downloading Linux x64 Dart SDK from Flutter engine 3316dd8728419ad3534e3f6112aa6291f587078a...
::   % Total    % Received % Xferd  Average Speed   Time    Time     Time  Current
::                                  Dload  Upload   Total   Spent    Left  Speed
::   0     0    0     0    0     0      0      0 --:--:-- --:--:-- --:--:--     0 22  204M   22 45.0M    0     0  80.4M      0  0:00:02 --:--:--  0:00:02 81.0M100  204M  100  204M    0     0   135M      0  0:00:01  0:00:01 --:--:--  136M
:: Building flutter tool...
::
::   
::                    Welcome to Flutter! - https://flutter.dev                  
::                                                                               
::    The Flutter tool uses Google Analytics to anonymously report feature usage 
::    statistics and basic crash reports. This data is used to help improve      
::    Flutter tools over time.                                                   
::                                                                               
::    Flutter tool analytics are not sent on the very first run. To disable      
::    reporting, type 'flutter config --no-analytics'. To display the current    
::    setting, type 'flutter config'. If you opt out of analytics, an opt-out    
::    event will be sent, and then no further information will be sent by the    
::    Flutter tool.                                                              
::                                                                               
::    By downloading the Flutter SDK, you agree to the Google Terms of Service.  
::    Note: The Google Privacy Policy describes how data is handled in this      
::    service.                                                                   
::                                                                               
::    Moreover, Flutter includes the Dart SDK, which may send usage metrics and  
::    crash reports to Google.                                                   
::                                                                               
::    Read about data we send with crash reports:                                
::    https://flutter.dev/docs/reference/crash-reporting                         
::                                                                               
::    See Google's privacy policy:                                               
::    https://policies.google.com/privacy                                        
::   
::
:: Downloading Material fonts...                                      373ms
:: Downloading Gradle Wrapper...                                      129ms
:: Downloading package sky_engine...                                  233ms
:: Downloading flutter_patched_sdk tools...                           297ms
:: Downloading flutter_patched_sdk_product tools...                   242ms
:: Downloading linux-x64 tools...                                     791ms
:: Downloading linux-x64/font-subset tools...                         173ms
:: Doctor summary (to see all details, run flutter doctor -v):
:: [!] Flutter (Channel unknown, 3.3.10, on Ubuntu 22.04.2 LTS 5.4.0-139-generic, locale C.UTF-8)
::     ! Flutter version 3.3.10 on channel unknown at /build/snapcraft-dieklingel-core-6c6f6b04f7583fd50650b0deab434ba4/parts/flutter-git/install/usr/libexec/flutter
::     ! Upstream repository unknown
:: [] Android toolchain - develop for Android devices
::      Unable to locate Android SDK.
::       Install Android Studio from: https://developer.android.com/studio/index.html
::       On first launch it will assist you in installing the Android SDK components.
::       (or visit https://flutter.dev/docs/get-started/install/linux#android-setup for detailed instructions).
::       If the Android SDK has been installed to a custom location, please use
::       `flutter config --android-sdk` to update to that location.
::
:: [] Chrome - develop for the web (Cannot find Chrome executable at google-chrome)
::     ! Cannot find Chrome. Try setting CHROME_EXECUTABLE to a Chrome executable.
:: [] Linux toolchain - develop for Linux desktop
:: [!] Android Studio (not installed)
:: [!] Proxy Configuration
::     ! NO_PROXY is not set
:: [] Connected device (1 available)
:: [] HTTP Host Availability
::
:: ! Doctor found issues in 5 categories.
:: + flutter precache
::    Woah! You appear to be trying to run flutter as root.
::    We strongly recommend running the flutter tool without superuser privileges.
::   /
:: 
[10/Mar/2023:14:02:52 +0000] "CONNECT storage.googleapis.com:443 HTTP/1.1" 200 8195448 "-" "Dart/2.18 (dart:io)"
[10/Mar/2023:14:02:52 +0000] "CONNECT storage.googleapis.com:443 HTTP/1.1" 200 13115843 "-" "Dart/2.18 (dart:io)"
[10/Mar/2023:14:02:52 +0000] "CONNECT storage.googleapis.com:443 HTTP/1.1" 200 6698265 "-" "Dart/2.18 (dart:io)"
[10/Mar/2023:14:02:52 +0000] "CONNECT storage.googleapis.com:443 HTTP/1.1" 200 8132367 "-" "Dart/2.18 (dart:io)"
[10/Mar/2023:14:02:52 +0000] "CONNECT storage.googleapis.com:443 HTTP/1.1" 200 9758251 "-" "Dart/2.18 (dart:io)"
[10/Mar/2023:14:02:52 +0000] "CONNECT chrome-infra-packages.appspot.com:443 HTTP/1.1" 200 7550 "-" "Dart/2.18 (dart:io)"
[10/Mar/2023:14:02:52 +0000] "CONNECT storage.googleapis.com:443 HTTP/1.1" 200 5270362 "-" "Dart/2.18 (dart:io)"
[10/Mar/2023:14:02:52 +0000] "CONNECT storage.googleapis.com:443 HTTP/1.1" 200 7556479 "-" "Dart/2.18 (dart:io)"
[10/Mar/2023:14:02:52 +0000] "CONNECT storage.googleapis.com:443 HTTP/1.1" 200 12209377 "-" "Dart/2.18 (dart:io)"
[10/Mar/2023:14:02:52 +0000] "CONNECT storage.googleapis.com:443 HTTP/1.1" 200 5108297 "-" "Dart/2.18 (dart:io)"
[10/Mar/2023:14:02:52 +0000] "CONNECT storage.googleapis.com:443 HTTP/1.1" 200 39778777 "-" "Dart/2.18 (dart:io)"
[10/Mar/2023:14:02:52 +0000] "CONNECT storage.googleapis.com:443 HTTP/1.1" 200 6779305 "-" "Dart/2.18 (dart:io)"
[10/Mar/2023:14:02:52 +0000] "CONNECT storage.googleapis.com:443 HTTP/1.1" 200 7349747 "-" "Dart/2.18 (dart:io)"
[10/Mar/2023:14:02:52 +0000] "CONNECT storage.googleapis.com:443 HTTP/1.1" 200 4475572 "-" "Dart/2.18 (dart:io)"
[10/Mar/2023:14:02:52 +0000] "CONNECT storage.googleapis.com:443 HTTP/1.1" 200 12475466 "-" "Dart/2.18 (dart:io)"
[10/Mar/2023:14:02:52 +0000] "CONNECT storage.googleapis.com:443 HTTP/1.1" 200 11291262 "-" "Dart/2.18 (dart:io)"
[10/Mar/2023:14:02:52 +0000] "CONNECT storage.googleapis.com:443 HTTP/1.1" 200 12490743 "-" "Dart/2.18 (dart:io)"
[10/Mar/2023:14:02:52 +0000] "CONNECT storage.googleapis.com:443 HTTP/1.1" 200 2586396 "-" "Dart/2.18 (dart:io)"
[10/Mar/2023:14:02:52 +0000] "CONNECT storage.googleapis.com:443 HTTP/1.1" 200 2615761 "-" "Dart/2.18 (dart:io)"
[10/Mar/2023:14:02:52 +0000] "CONNECT storage.googleapis.com:443 HTTP/1.1" 200 2303204 "-" "Dart/2.18 (dart:io)"
[10/Mar/2023:14:02:52 +0000] "CONNECT storage.googleapis.com:443 HTTP/1.1" 200 2273549 "-" "Dart/2.18 (dart:io)"
[10/Mar/2023:14:02:52 +0000] "CONNECT storage.googleapis.com:443 HTTP/1.1" 200 2548109 "-" "Dart/2.18 (dart:io)"
[10/Mar/2023:14:02:52 +0000] "CONNECT storage.googleapis.com:443 HTTP/1.1" 200 2332736 "-" "Dart/2.18 (dart:io)"
[10/Mar/2023:14:03:13 +0000] "CONNECT pub.dartlang.org:443 HTTP/1.1" 200 27086 "-" "Dart/2.18 (dart:io)"
[10/Mar/2023:14:03:14 +0000] "CONNECT pub.dartlang.org:443 HTTP/1.1" 200 6741 "-" "Dart/2.18 (dart:io)"
[10/Mar/2023:14:03:14 +0000] "CONNECT pub.dartlang.org:443 HTTP/1.1" 200 9505 "-" "Dart/2.18 (dart:io)"
[10/Mar/2023:14:03:14 +0000] "CONNECT pub.dartlang.org:443 HTTP/1.1" 200 7271 "-" "Dart/2.18 (dart:io)"
[10/Mar/2023:14:03:14 +0000] "CONNECT pub.dartlang.org:443 HTTP/1.1" 200 6999 "-" "Dart/2.18 (dart:io)"
[10/Mar/2023:14:03:14 +0000] "CONNECT pub.dartlang.org:443 HTTP/1.1" 200 7019 "-" "Dart/2.18 (dart:io)"
[10/Mar/2023:14:03:14 +0000] "CONNECT pub.dartlang.org:443 HTTP/1.1" 200 7956 "-" "Dart/2.18 (dart:io)"
[10/Mar/2023:14:03:14 +0000] "CONNECT pub.dartlang.org:443 HTTP/1.1" 200 9914 "-" "Dart/2.18 (dart:io)"
[10/Mar/2023:14:03:14 +0000] "CONNECT pub.dartlang.org:443 HTTP/1.1" 200 12525 "-" "Dart/2.18 (dart:io)"
[10/Mar/2023:14:03:14 +0000] "CONNECT pub.dartlang.org:443 HTTP/1.1" 200 10730 "-" "Dart/2.18 (dart:io)"
[10/Mar/2023:14:03:14 +0000] "CONNECT pub.dartlang.org:443 HTTP/1.1" 200 30823 "-" "Dart/2.18 (dart:io)"
[10/Mar/2023:14:03:14 +0000] "CONNECT pub.dartlang.org:443 HTTP/1.1" 200 6228 "-" "Dart/2.18 (dart:io)"
[10/Mar/2023:14:03:14 +0000] "CONNECT pub.dartlang.org:443 HTTP/1.1" 200 11532 "-" "Dart/2.18 (dart:io)"
[10/Mar/2023:14:03:14 +0000] "CONNECT pub.dartlang.org:443 HTTP/1.1" 200 7557 "-" "Dart/2.18 (dart:io)"
[10/Mar/2023:14:03:14 +0000] "CONNECT pub.dartlang.org:443 HTTP/1.1" 200 6420 "-" "Dart/2.18 (dart:io)"
[10/Mar/2023:14:03:14 +0000] "CONNECT pub.dartlang.org:443 HTTP/1.1" 200 8600 "-" "Dart/2.18 (dart:io)"
[10/Mar/2023:14:03:14 +0000] "CONNECT pub.dartlang.org:443 HTTP/1.1" 200 12339 "-" "Dart/2.18 (dart:io)"
[10/Mar/2023:14:03:14 +0000] "CONNECT pub.dartlang.org:443 HTTP/1.1" 200 7587 "-" "Dart/2.18 (dart:io)"
[10/Mar/2023:14:03:14 +0000] "CONNECT pub.dartlang.org:443 HTTP/1.1" 200 14758 "-" "Dart/2.18 (dart:io)"
[10/Mar/2023:14:03:14 +0000] "CONNECT pub.dartlang.org:443 HTTP/1.1" 200 8303 "-" "Dart/2.18 (dart:io)"
[10/Mar/2023:14:03:14 +0000] "CONNECT pub.dartlang.org:443 HTTP/1.1" 200 7748 "-" "Dart/2.18 (dart:io)"
[10/Mar/2023:14:03:14 +0000] "CONNECT pub.dartlang.org:443 HTTP/1.1" 200 7192 "-" "Dart/2.18 (dart:io)"
[10/Mar/2023:14:03:14 +0000] "CONNECT pub.dartlang.org:443 HTTP/1.1" 200 9769 "-" "Dart/2.18 (dart:io)"
[10/Mar/2023:14:03:14 +0000] "CONNECT pub.dartlang.org:443 HTTP/1.1" 200 7626 "-" "Dart/2.18 (dart:io)"
[10/Mar/2023:14:03:14 +0000] "CONNECT pub.dartlang.org:443 HTTP/1.1" 200 8690 "-" "Dart/2.18 (dart:io)"
[10/Mar/2023:14:03:14 +0000] "CONNECT pub.dartlang.org:443 HTTP/1.1" 200 14594 "-" "Dart/2.18 (dart:io)"
[10/Mar/2023:14:03:14 +0000] "CONNECT pub.dartlang.org:443 HTTP/1.1" 200 10578 "-" "Dart/2.18 (dart:io)"
[10/Mar/2023:14:03:14 +0000] "CONNECT pub.dartlang.org:443 HTTP/1.1" 200 7620 "-" "Dart/2.18 (dart:io)"
[10/Mar/2023:14:03:14 +0000] "CONNECT pub.dartlang.org:443 HTTP/1.1" 200 13659 "-" "Dart/2.18 (dart:io)"
[10/Mar/2023:14:03:14 +0000] "CONNECT pub.dartlang.org:443 HTTP/1.1" 200 13954 "-" "Dart/2.18 (dart:io)"
[10/Mar/2023:14:03:14 +0000] "CONNECT pub.dartlang.org:443 HTTP/1.1" 200 15797 "-" "Dart/2.18 (dart:io)"
[10/Mar/2023:14:03:14 +0000] "CONNECT pub.dartlang.org:443 HTTP/1.1" 200 13646 "-" "Dart/2.18 (dart:io)"
[10/Mar/2023:14:03:14 +0000] "CONNECT pub.dartlang.org:443 HTTP/1.1" 200 13716 "-" "Dart/2.18 (dart:io)"
[10/Mar/2023:14:03:14 +0000] "CONNECT pub.dartlang.org:443 HTTP/1.1" 200 11254 "-" "Dart/2.18 (dart:io)"
[10/Mar/2023:14:03:14 +0000] "CONNECT pub.dartlang.org:443 HTTP/1.1" 200 6749 "-" "Dart/2.18 (dart:io)"
[10/Mar/2023:14:03:14 +0000] "CONNECT pub.dartlang.org:443 HTTP/1.1" 200 6933 "-" "Dart/2.18 (dart:io)"
[10/Mar/2023:14:03:14 +0000] "CONNECT pub.dartlang.org:443 HTTP/1.1" 200 7990 "-" "Dart/2.18 (dart:io)"
[10/Mar/2023:14:03:14 +0000] "CONNECT pub.dartlang.org:443 HTTP/1.1" 200 10490 "-" "Dart/2.18 (dart:io)"
[10/Mar/2023:14:03:14 +0000] "CONNECT pub.dartlang.org:443 HTTP/1.1" 200 6552 "-" "Dart/2.18 (dart:io)"
[10/Mar/2023:14:03:14 +0000] "CONNECT pub.dartlang.org:443 HTTP/1.1" 200 9868 "-" "Dart/2.18 (dart:io)"
[10/Mar/2023:14:03:14 +0000] "CONNECT pub.dartlang.org:443 HTTP/1.1" 200 11597 "-" "Dart/2.18 (dart:io)"
[10/Mar/2023:14:03:14 +0000] "CONNECT pub.dartlang.org:443 HTTP/1.1" 200 7427 "-" "Dart/2.18 (dart:io)"
[10/Mar/2023:14:03:14 +0000] "CONNECT pub.dartlang.org:443 HTTP/1.1" 200 7744 "-" "Dart/2.18 (dart:io)"
[10/Mar/2023:14:03:14 +0000] "CONNECT pub.dartlang.org:443 HTTP/1.1" 200 11148 "-" "Dart/2.18 (dart:io)"
[10/Mar/2023:14:03:14 +0000] "CONNECT pub.dartlang.org:443 HTTP/1.1" 200 14801 "-" "Dart/2.18 (dart:io)"
[10/Mar/2023:14:03:14 +0000] "CONNECT pub.dartlang.org:443 HTTP/1.1" 200 7376 "-" "Dart/2.18 (dart:io)"
[10/Mar/2023:14:03:14 +0000] "CONNECT pub.dartlang.org:443 HTTP/1.1" 200 9459 "-" "Dart/2.18 (dart:io)"
[10/Mar/2023:14:03:14 +0000] "CONNECT pub.dartlang.org:443 HTTP/1.1" 200 7298 "-" "Dart/2.18 (dart:io)"
[10/Mar/2023:14:03:14 +0000] "CONNECT pub.dartlang.org:443 HTTP/1.1" 200 6614 "-" "Dart/2.18 (dart:io)"
[10/Mar/2023:14:03:14 +0000] "CONNECT pub.dartlang.org:443 HTTP/1.1" 200 9677 "-" "Dart/2.18 (dart:io)"
[10/Mar/2023:14:03:15 +0000] "CONNECT pub.dartlang.org:443 HTTP/1.1" 200 10210 "-" "Dart/2.18 (dart:io)"
[10/Mar/2023:14:03:18 +0000] "CONNECT github.com:443 HTTP/1.1" 200 100838723 "-" "git/2.34.1"
[10/Mar/2023:14:03:22 +0000] "CONNECT pub.dartlang.org:443 HTTP/1.1" 200 5165 "-" "Dart/2.18 (dart:io)"
[10/Mar/2023:14:03:22 +0000] "CONNECT pub.dartlang.org:443 HTTP/1.1" 200 5163 "-" "Dart/2.18 (dart:io)"
[10/Mar/2023:14:03:22 +0000] "CONNECT pub.dartlang.org:443 HTTP/1.1" 200 5166 "-" "Dart/2.18 (dart:io)"
[10/Mar/2023:14:03:22 +0000] "CONNECT pub.dartlang.org:443 HTTP/1.1" 200 5162 "-" "Dart/2.18 (dart:io)"
[10/Mar/2023:14:03:22 +0000] "CONNECT pub.dartlang.org:443 HTTP/1.1" 200 5162 "-" "Dart/2.18 (dart:io)"
[10/Mar/2023:14:03:22 +0000] "CONNECT pub.dartlang.org:443 HTTP/1.1" 200 15921 "-" "Dart/2.18 (dart:io)"
[10/Mar/2023:14:03:22 +0000] "CONNECT pub.dartlang.org:443 HTTP/1.1" 200 5160 "-" "Dart/2.18 (dart:io)"
[10/Mar/2023:14:03:22 +0000] "CONNECT pub.dartlang.org:443 HTTP/1.1" 200 5177 "-" "Dart/2.18 (dart:io)"
[10/Mar/2023:14:03:22 +0000] "CONNECT pub.dartlang.org:443 HTTP/1.1" 200 5160 "-" "Dart/2.18 (dart:io)"
[10/Mar/2023:14:03:22 +0000] "CONNECT pub.dartlang.org:443 HTTP/1.1" 200 6780 "-" "Dart/2.18 (dart:io)"
[10/Mar/2023:14:03:22 +0000] "CONNECT pub.dartlang.org:443 HTTP/1.1" 200 12577 "-" "Dart/2.18 (dart:io)"
[10/Mar/2023:14:03:22 +0000] "CONNECT pub.dartlang.org:443 HTTP/1.1" 200 5155 "-" "Dart/2.18 (dart:io)"
[10/Mar/2023:14:03:22 +0000] "CONNECT pub.dartlang.org:443 HTTP/1.1" 200 5158 "-" "Dart/2.18 (dart:io)"
[10/Mar/2023:14:03:22 +0000] "CONNECT pub.dartlang.org:443 HTTP/1.1" 200 5162 "-" "Dart/2.18 (dart:io)"
[10/Mar/2023:14:03:22 +0000] "CONNECT pub.dartlang.org:443 HTTP/1.1" 200 5171 "-" "Dart/2.18 (dart:io)"
[10/Mar/2023:14:03:22 +0000] "CONNECT pub.dartlang.org:443 HTTP/1.1" 200 6368 "-" "Dart/2.18 (dart:io)"
[10/Mar/2023:14:03:22 +0000] "CONNECT pub.dartlang.org:443 HTTP/1.1" 200 9140 "-" "Dart/2.18 (dart:io)"
[10/Mar/2023:14:03:22 +0000] "CONNECT pub.dartlang.org:443 HTTP/1.1" 200 5158 "-" "Dart/2.18 (dart:io)"
[10/Mar/2023:14:03:22 +0000] "CONNECT pub.dartlang.org:443 HTTP/1.1" 200 5164 "-" "Dart/2.18 (dart:io)"
[10/Mar/2023:14:03:22 +0000] "CONNECT pub.dartlang.org:443 HTTP/1.1" 200 5158 "-" "Dart/2.18 (dart:io)"
[10/Mar/2023:14:03:22 +0000] "CONNECT pub.dartlang.org:443 HTTP/1.1" 200 5164 "-" "Dart/2.18 (dart:io)"
[10/Mar/2023:14:03:22 +0000] "CONNECT pub.dartlang.org:443 HTTP/1.1" 200 5157 "-" "Dart/2.18 (dart:io)"
[10/Mar/2023:14:03:22 +0000] "CONNECT pub.dartlang.org:443 HTTP/1.1" 200 6272 "-" "Dart/2.18 (dart:io)"
[10/Mar/2023:14:03:22 +0000] "CONNECT pub.dartlang.org:443 HTTP/1.1" 200 5167 "-" "Dart/2.18 (dart:io)"
[10/Mar/2023:14:03:22 +0000] "CONNECT pub.dartlang.org:443 HTTP/1.1" 200 5158 "-" "Dart/2.18 (dart:io)"
[10/Mar/2023:14:03:22 +0000] "CONNECT pub.dartlang.org:443 HTTP/1.1" 200 5167 "-" "Dart/2.18 (dart:io)"
[10/Mar/2023:14:03:22 +0000] "CONNECT pub.dartlang.org:443 HTTP/1.1" 200 5175 "-" "Dart/2.18 (dart:io)"
[10/Mar/2023:14:03:22 +0000] "CONNECT pub.dartlang.org:443 HTTP/1.1" 200 5179 "-" "Dart/2.18 (dart:io)"
[10/Mar/2023:14:03:22 +0000] "CONNECT pub.dartlang.org:443 HTTP/1.1" 200 5161 "-" "Dart/2.18 (dart:io)"
[10/Mar/2023:14:03:22 +0000] "CONNECT pub.dartlang.org:443 HTTP/1.1" 200 5157 "-" "Dart/2.18 (dart:io)"
[10/Mar/2023:14:03:22 +0000] "CONNECT pub.dartlang.org:443 HTTP/1.1" 200 5163 "-" "Dart/2.18 (dart:io)"
[10/Mar/2023:14:03:22 +0000] "CONNECT pub.dartlang.org:443 HTTP/1.1" 200 5155 "-" "Dart/2.18 (dart:io)"
[10/Mar/2023:14:03:22 +0000] "CONNECT pub.dartlang.org:443 HTTP/1.1" 200 5159 "-" "Dart/2.18 (dart:io)"
[10/Mar/2023:14:03:22 +0000] "CONNECT pub.dartlang.org:443 HTTP/1.1" 200 5157 "-" "Dart/2.18 (dart:io)"
[10/Mar/2023:14:03:22 +0000] "CONNECT pub.dartlang.org:443 HTTP/1.1" 200 5169 "-" "Dart/2.18 (dart:io)"
[10/Mar/2023:14:03:22 +0000] "CONNECT pub.dartlang.org:443 HTTP/1.1" 200 7488 "-" "Dart/2.18 (dart:io)"
[10/Mar/2023:14:03:22 +0000] "CONNECT pub.dartlang.org:443 HTTP/1.1" 200 5164 "-" "Dart/2.18 (dart:io)"
[10/Mar/2023:14:03:22 +0000] "CONNECT storage.googleapis.com:443 HTTP/1.1" 200 493581 "-" "Dart/2.18 (dart:io)"
[10/Mar/2023:14:03:22 +0000] "CONNECT pub.dartlang.org:443 HTTP/1.1" 200 5159 "-" "Dart/2.18 (dart:io)"
[10/Mar/2023:14:03:22 +0000] "CONNECT pub.dartlang.org:443 HTTP/1.1" 200 5157 "-" "Dart/2.18 (dart:io)"
[10/Mar/2023:14:03:22 +0000] "CONNECT pub.dartlang.org:443 HTTP/1.1" 200 5175 "-" "Dart/2.18 (dart:io)"
[10/Mar/2023:14:03:22 +0000] "CONNECT pub.dartlang.org:443 HTTP/1.1" 200 5157 "-" "Dart/2.18 (dart:io)"
[10/Mar/2023:14:03:22 +0000] "CONNECT pub.dartlang.org:443 HTTP/1.1" 200 5164 "-" "Dart/2.18 (dart:io)"
[10/Mar/2023:14:03:22 +0000] "CONNECT pub.dartlang.org:443 HTTP/1.1" 200 5169 "-" "Dart/2.18 (dart:io)"
[10/Mar/2023:14:03:22 +0000] "CONNECT pub.dartlang.org:443 HTTP/1.1" 200 5160 "-" "Dart/2.18 (dart:io)"
[10/Mar/2023:14:03:22 +0000] "CONNECT pub.dartlang.org:443 HTTP/1.1" 200 5166 "-" "Dart/2.18 (dart:io)"
[10/Mar/2023:14:03:22 +0000] "CONNECT pub.dartlang.org:443 HTTP/1.1" 200 5157 "-" "Dart/2.18 (dart:io)"
[10/Mar/2023:14:03:22 +0000] "CONNECT pub.dartlang.org:443 HTTP/1.1" 200 5157 "-" "Dart/2.18 (dart:io)"
[10/Mar/2023:14:03:22 +0000] "CONNECT pub.dartlang.org:443 HTTP/1.1" 200 5173 "-" "Dart/2.18 (dart:io)"
[10/Mar/2023:14:03:22 +0000] "CONNECT storage.googleapis.com:443 HTTP/1.1" 200 51038 "-" "Dart/2.18 (dart:io)"
[10/Mar/2023:14:03:22 +0000] "CONNECT storage.googleapis.com:443 HTTP/1.1" 200 299889 "-" "Dart/2.18 (dart:io)"
[10/Mar/2023:14:03:22 +0000] "CONNECT storage.googleapis.com:443 HTTP/1.1" 200 30763 "-" "Dart/2.18 (dart:io)"
[10/Mar/2023:14:03:22 +0000] "CONNECT storage.googleapis.com:443 HTTP/1.1" 200 144881 "-" "Dart/2.18 (dart:io)"
[10/Mar/2023:14:03:22 +0000] "CONNECT storage.googleapis.com:443 HTTP/1.1" 200 187563 "-" "Dart/2.18 (dart:io)"
[10/Mar/2023:14:03:22 +0000] "CONNECT storage.googleapis.com:443 HTTP/1.1" 200 248357 "-" "Dart/2.18 (dart:io)"
[10/Mar/2023:14:03:22 +0000] "CONNECT storage.googleapis.com:443 HTTP/1.1" 200 27618 "-" "Dart/2.18 (dart:io)"
[10/Mar/2023:14:03:22 +0000] "CONNECT pub.dartlang.org:443 HTTP/1.1" 200 5160 "-" "Dart/2.18 (dart:io)"
[10/Mar/2023:14:03:22 +0000] "CONNECT pub.dartlang.org:443 HTTP/1.1" 200 5161 "-" "Dart/2.18 (dart:io)"
[10/Mar/2023:14:03:22 +0000] "CONNECT pub.dartlang.org:443 HTTP/1.1" 200 5163 "-" "Dart/2.18 (dart:io)"
[10/Mar/2023:14:03:22 +0000] "CONNECT storage.googleapis.com:443 HTTP/1.1" 200 82544 "-" "Dart/2.18 (dart:io)"
[10/Mar/2023:14:03:22 +0000] "CONNECT pub.dartlang.org:443 HTTP/1.1" 200 5164 "-" "Dart/2.18 (dart:io)"
[10/Mar/2023:14:03:22 +0000] "CONNECT storage.googleapis.com:443 HTTP/1.1" 200 27963 "-" "Dart/2.18 (dart:io)"
[10/Mar/2023:14:03:22 +0000] "CONNECT storage.googleapis.com:443 HTTP/1.1" 200 20904 "-" "Dart/2.18 (dart:io)"
[10/Mar/2023:14:03:22 +0000] "CONNECT storage.googleapis.com:443 HTTP/1.1" 200 28963 "-" "Dart/2.18 (dart:io)"
[10/Mar/2023:14:03:22 +0000] "CONNECT storage.googleapis.com:443 HTTP/1.1" 200 11635 "-" "Dart/2.18 (dart:io)"
[10/Mar/2023:14:03:22 +0000] "CONNECT storage.googleapis.com:443 HTTP/1.1" 200 104294 "-" "Dart/2.18 (dart:io)"
[10/Mar/2023:14:03:22 +0000] "CONNECT storage.googleapis.com:443 HTTP/1.1" 200 38060 "-" "Dart/2.18 (dart:io)"
[10/Mar/2023:14:03:22 +0000] "CONNECT storage.googleapis.com:443 HTTP/1.1" 200 86005 "-" "Dart/2.18 (dart:io)"
[10/Mar/2023:14:03:22 +0000] "CONNECT storage.googleapis.com:443 HTTP/1.1" 200 12823 "-" "Dart/2.18 (dart:io)"
[10/Mar/2023:14:03:22 +0000] "CONNECT storage.googleapis.com:443 HTTP/1.1" 200 10593 "-" "Dart/2.18 (dart:io)"
[10/Mar/2023:14:03:22 +0000] "CONNECT storage.googleapis.com:443 HTTP/1.1" 200 23750 "-" "Dart/2.18 (dart:io)"
[10/Mar/2023:14:03:22 +0000] "CONNECT storage.googleapis.com:443 HTTP/1.1" 200 29486 "-" "Dart/2.18 (dart:io)"
[10/Mar/2023:14:03:22 +0000] "CONNECT storage.googleapis.com:443 HTTP/1.1" 200 28391 "-" "Dart/2.18 (dart:io)"
[10/Mar/2023:14:03:22 +0000] "CONNECT storage.googleapis.com:443 HTTP/1.1" 200 90670 "-" "Dart/2.18 (dart:io)"
[10/Mar/2023:14:03:22 +0000] "CONNECT storage.googleapis.com:443 HTTP/1.1" 200 12088 "-" "Dart/2.18 (dart:io)"
[10/Mar/2023:14:03:22 +0000] "CONNECT storage.googleapis.com:443 HTTP/1.1" 200 36324 "-" "Dart/2.18 (dart:io)"
[10/Mar/2023:14:03:22 +0000] "CONNECT storage.googleapis.com:443 HTTP/1.1" 200 53830 "-" "Dart/2.18 (dart:io)"
[10/Mar/2023:14:03:22 +0000] "CONNECT storage.googleapis.com:443 HTTP/1.1" 200 30771 "-" "Dart/2.18 (dart:io)"
[10/Mar/2023:14:03:22 +0000] "CONNECT storage.googleapis.com:443 HTTP/1.1" 200 105167 "-" "Dart/2.18 (dart:io)"
[10/Mar/2023:14:03:22 +0000] "CONNECT storage.googleapis.com:443 HTTP/1.1" 200 38293 "-" "Dart/2.18 (dart:io)"
[10/Mar/2023:14:03:22 +0000] "CONNECT storage.googleapis.com:443 HTTP/1.1" 200 36232 "-" "Dart/2.18 (dart:io)"
[10/Mar/2023:14:03:22 +0000] "CONNECT storage.googleapis.com:443 HTTP/1.1" 200 1030726 "-" "Dart/2.18 (dart:io)"
[10/Mar/2023:14:03:22 +0000] "CONNECT storage.googleapis.com:443 HTTP/1.1" 200 190758 "-" "Dart/2.18 (dart:io)"
[10/Mar/2023:14:03:22 +0000] "CONNECT storage.googleapis.com:443 HTTP/1.1" 200 530717 "-" "Dart/2.18 (dart:io)"
[10/Mar/2023:14:03:22 +0000] "CONNECT storage.googleapis.com:443 HTTP/1.1" 200 39353 "-" "Dart/2.18 (dart:io)"
[10/Mar/2023:14:03:22 +0000] "CONNECT storage.googleapis.com:443 HTTP/1.1" 200 17298 "-" "Dart/2.18 (dart:io)"
[10/Mar/2023:14:03:22 +0000] "CONNECT storage.googleapis.com:443 HTTP/1.1" 200 51053 "-" "Dart/2.18 (dart:io)"
[10/Mar/2023:14:03:22 +0000] "CONNECT storage.googleapis.com:443 HTTP/1.1" 200 19391 "-" "Dart/2.18 (dart:io)"
[10/Mar/2023:14:03:22 +0000] "CONNECT storage.googleapis.com:443 HTTP/1.1" 200 31719 "-" "Dart/2.18 (dart:io)"
[10/Mar/2023:14:03:22 +0000] "CONNECT storage.googleapis.com:443 HTTP/1.1" 200 2504037 "-" "Dart/2.18 (dart:io)"
[10/Mar/2023:14:03:22 +0000] "CONNECT storage.googleapis.com:443 HTTP/1.1" 200 41660 "-" "Dart/2.18 (dart:io)"
[10/Mar/2023:14:03:22 +0000] "CONNECT storage.googleapis.com:443 HTTP/1.1" 200 22879 "-" "Dart/2.18 (dart:io)"
[10/Mar/2023:14:03:22 +0000] "CONNECT storage.googleapis.com:443 HTTP/1.1" 200 62271 "-" "Dart/2.18 (dart:io)"
[10/Mar/2023:14:03:22 +0000] "CONNECT storage.googleapis.com:443 HTTP/1.1" 200 19706 "-" "Dart/2.18 (dart:io)"
[10/Mar/2023:14:03:22 +0000] "CONNECT storage.googleapis.com:443 HTTP/1.1" 200 16156 "-" "Dart/2.18 (dart:io)"
[10/Mar/2023:14:03:22 +0000] "CONNECT storage.googleapis.com:443 HTTP/1.1" 200 29118 "-" "Dart/2.18 (dart:io)"
[10/Mar/2023:14:03:22 +0000] "CONNECT storage.googleapis.com:443 HTTP/1.1" 200 380223 "-" "Dart/2.18 (dart:io)"
[10/Mar/2023:14:03:41 +0000] "CONNECT pub.dartlang.org:443 HTTP/1.1" 200 6923 "-" "Dart/2.18 (dart:io)"
[10/Mar/2023:14:03:41 +0000] "CONNECT pub.dartlang.org:443 HTTP/1.1" 200 5169 "-" "Dart/2.18 (dart:io)"
[10/Mar/2023:14:03:41 +0000] "CONNECT pub.dartlang.org:443 HTTP/1.1" 200 5159 "-" "Dart/2.18 (dart:io)"
[10/Mar/2023:14:03:41 +0000] "CONNECT pub.dartlang.org:443 HTTP/1.1" 200 5172 "-" "Dart/2.18 (dart:io)"
[10/Mar/2023:14:03:41 +0000] "CONNECT pub.dartlang.org:443 HTTP/1.1" 200 11516 "-" "Dart/2.18 (dart:io)"
[10/Mar/2023:14:03:41 +0000] "CONNECT pub.dartlang.org:443 HTTP/1.1" 200 6068 "-" "Dart/2.18 (dart:io)"
[10/Mar/2023:14:03:41 +0000] "CONNECT pub.dartlang.org:443 HTTP/1.1" 200 9069 "-" "Dart/2.18 (dart:io)"
[10/Mar/2023:14:03:41 +0000] "CONNECT pub.dartlang.org:443 HTTP/1.1" 200 5172 "-" "Dart/2.18 (dart:io)"
[10/Mar/2023:14:03:41 +0000] "CONNECT pub.dartlang.org:443 HTTP/1.1" 200 5177 "-" "Dart/2.18 (dart:io)"
[10/Mar/2023:14:03:41 +0000] "CONNECT pub.dartlang.org:443 HTTP/1.1" 200 6298 "-" "Dart/2.18 (dart:io)"
[10/Mar/2023:14:03:41 +0000] "CONNECT pub.dartlang.org:443 HTTP/1.1" 200 7337 "-" "Dart/2.18 (dart:io)"
[10/Mar/2023:14:03:41 +0000] "CONNECT pub.dartlang.org:443 HTTP/1.1" 200 5158 "-" "Dart/2.18 (dart:io)"
[10/Mar/2023:14:03:41 +0000] "CONNECT pub.dartlang.org:443 HTTP/1.1" 200 9284 "-" "Dart/2.18 (dart:io)"
[10/Mar/2023:14:03:41 +0000] "CONNECT pub.dartlang.org:443 HTTP/1.1" 200 5185 "-" "Dart/2.18 (dart:io)"
[10/Mar/2023:14:03:41 +0000] "CONNECT pub.dartlang.org:443 HTTP/1.1" 200 7245 "-" "Dart/2.18 (dart:io)"
[10/Mar/2023:14:03:41 +0000] "CONNECT pub.dartlang.org:443 HTTP/1.1" 200 6668 "-" "Dart/2.18 (dart:io)"
[10/Mar/2023:14:03:41 +0000] "CONNECT pub.dartlang.org:443 HTTP/1.1" 200 6366 "-" "Dart/2.18 (dart:io)"
[10/Mar/2023:14:03:41 +0000] "CONNECT pub.dartlang.org:443 HTTP/1.1" 200 5174 "-" "Dart/2.18 (dart:io)"
[10/Mar/2023:14:03:41 +0000] "CONNECT pub.dartlang.org:443 HTTP/1.1" 200 8119 "-" "Dart/2.18 (dart:io)"
[10/Mar/2023:14:03:41 +0000] "CONNECT pub.dartlang.org:443 HTTP/1.1" 200 7834 "-" "Dart/2.18 (dart:io)"
[10/Mar/2023:14:03:41 +0000] "CONNECT pub.dartlang.org:443 HTTP/1.1" 200 9662 "-" "Dart/2.18 (dart:io)"
[10/Mar/2023:14:03:41 +0000] "CONNECT pub.dartlang.org:443 HTTP/1.1" 200 7225 "-" "Dart/2.18 (dart:io)"
[10/Mar/2023:14:03:41 +0000] "CONNECT pub.dartlang.org:443 HTTP/1.1" 200 7231 "-" "Dart/2.18 (dart:io)"
[10/Mar/2023:14:03:41 +0000] "CONNECT pub.dartlang.org:443 HTTP/1.1" 200 10184 "-" "Dart/2.18 (dart:io)"
[10/Mar/2023:14:03:41 +0000] "CONNECT pub.dartlang.org:443 HTTP/1.1" 200 5171 "-" "Dart/2.18 (dart:io)"
[10/Mar/2023:14:03:41 +0000] "CONNECT pub.dartlang.org:443 HTTP/1.1" 200 7018 "-" "Dart/2.18 (dart:io)"
[10/Mar/2023:14:03:41 +0000] "CONNECT pub.dartlang.org:443 HTTP/1.1" 200 5156 "-" "Dart/2.18 (dart:io)"
[10/Mar/2023:14:03:41 +0000] "CONNECT pub.dartlang.org:443 HTTP/1.1" 200 14239 "-" "Dart/2.18 (dart:io)"
[10/Mar/2023:14:03:41 +0000] "CONNECT pub.dartlang.org:443 HTTP/1.1" 200 10925 "-" "Dart/2.18 (dart:io)"
[10/Mar/2023:14:03:41 +0000] "CONNECT pub.dartlang.org:443 HTTP/1.1" 200 8621 "-" "Dart/2.18 (dart:io)"
[10/Mar/2023:14:03:41 +0000] "CONNECT pub.dartlang.org:443 HTTP/1.1" 200 8135 "-" "Dart/2.18 (dart:io)"
[10/Mar/2023:14:03:41 +0000] "CONNECT pub.dartlang.org:443 HTTP/1.1" 200 5173 "-" "Dart/2.18 (dart:io)"
[10/Mar/2023:14:03:41 +0000] "CONNECT pub.dartlang.org:443 HTTP/1.1" 200 9550 "-" "Dart/2.18 (dart:io)"
[10/Mar/2023:14:03:41 +0000] "CONNECT pub.dartlang.org:443 HTTP/1.1" 200 5175 "-" "Dart/2.18 (dart:io)"
[10/Mar/2023:14:03:41 +0000] "CONNECT pub.dartlang.org:443 HTTP/1.1" 200 8475 "-" "Dart/2.18 (dart:io)"
[10/Mar/2023:14:03:41 +0000] "CONNECT pub.dartlang.org:443 HTTP/1.1" 200 11585 "-" "Dart/2.18 (dart:io)"
[10/Mar/2023:14:03:41 +0000] "CONNECT pub.dartlang.org:443 HTTP/1.1" 200 5165 "-" "Dart/2.18 (dart:io)"
[10/Mar/2023:14:03:41 +0000] "CONNECT pub.dartlang.org:443 HTTP/1.1" 200 12160 "-" "Dart/2.18 (dart:io)"
[10/Mar/2023:14:03:41 +0000] "CONNECT pub.dartlang.org:443 HTTP/1.1" 200 6930 "-" "Dart/2.18 (dart:io)"
[10/Mar/2023:14:03:41 +0000] "CONNECT pub.dartlang.org:443 HTTP/1.1" 200 6964 "-" "Dart/2.18 (dart:io)"
[10/Mar/2023:14:03:41 +0000] "CONNECT pub.dartlang.org:443 HTTP/1.1" 200 6549 "-" "Dart/2.18 (dart:io)"
[10/Mar/2023:14:03:41 +0000] "CONNECT pub.dartlang.org:443 HTTP/1.1" 200 13935 "-" "Dart/2.18 (dart:io)"
[10/Mar/2023:14:03:41 +0000] "CONNECT pub.dartlang.org:443 HTTP/1.1" 200 11435 "-" "Dart/2.18 (dart:io)"
[10/Mar/2023:14:03:41 +0000] "CONNECT pub.dartlang.org:443 HTTP/1.1" 200 5184 "-" "Dart/2.18 (dart:io)"
[10/Mar/2023:14:03:41 +0000] "CONNECT pub.dartlang.org:443 HTTP/1.1" 200 5156 "-" "Dart/2.18 (dart:io)"
[10/Mar/2023:14:03:41 +0000] "CONNECT pub.dartlang.org:443 HTTP/1.1" 200 5165 "-" "Dart/2.18 (dart:io)"
[10/Mar/2023:14:03:41 +0000] "CONNECT pub.dartlang.org:443 HTTP/1.1" 200 5173 "-" "Dart/2.18 (dart:io)"
[10/Mar/2023:14:03:41 +0000] "CONNECT pub.dartlang.org:443 HTTP/1.1" 200 9783 "-" "Dart/2.18 (dart:io)"
[10/Mar/2023:14:03:41 +0000] "CONNECT pub.dartlang.org:443 HTTP/1.1" 200 9697 "-" "Dart/2.18 (dart:io)"
[10/Mar/2023:14:03:41 +0000] "CONNECT pub.dartlang.org:443 HTTP/1.1" 200 5165 "-" "Dart/2.18 (dart:io)"
[10/Mar/2023:14:03:41 +0000] "CONNECT pub.dartlang.org:443 HTTP/1.1" 200 6448 "-" "Dart/2.18 (dart:io)"
[10/Mar/2023:14:03:41 +0000] "CONNECT pub.dartlang.org:443 HTTP/1.1" 200 6262 "-" "Dart/2.18 (dart:io)"
[10/Mar/2023:14:03:41 +0000] "CONNECT pub.dartlang.org:443 HTTP/1.1" 200 5159 "-" "Dart/2.18 (dart:io)"
[10/Mar/2023:14:03:41 +0000] "CONNECT pub.dartlang.org:443 HTTP/1.1" 200 7070 "-" "Dart/2.18 (dart:io)"
[10/Mar/2023:14:03:41 +0000] "CONNECT pub.dartlang.org:443 HTTP/1.1" 200 5167 "-" "Dart/2.18 (dart:io)"
[10/Mar/2023:14:03:41 +0000] "CONNECT pub.dartlang.org:443 HTTP/1.1" 200 9765 "-" "Dart/2.18 (dart:io)"
[10/Mar/2023:14:03:41 +0000] "CONNECT pub.dartlang.org:443 HTTP/1.1" 200 5160 "-" "Dart/2.18 (dart:io)"
[10/Mar/2023:14:03:41 +0000] "CONNECT pub.dartlang.org:443 HTTP/1.1" 200 5166 "-" "Dart/2.18 (dart:io)"
[10/Mar/2023:14:03:41 +0000] "CONNECT pub.dartlang.org:443 HTTP/1.1" 200 5178 "-" "Dart/2.18 (dart:io)"
[10/Mar/2023:14:03:41 +0000] "CONNECT pub.dartlang.org:443 HTTP/1.1" 200 11351 "-" "Dart/2.18 (dart:io)"
[10/Mar/2023:14:03:41 +0000] "CONNECT pub.dartlang.org:443 HTTP/1.1" 200 6336 "-" "Dart/2.18 (dart:io)"
[10/Mar/2023:14:03:41 +0000] "CONNECT pub.dartlang.org:443 HTTP/1.1" 200 7023 "-" "Dart/2.18 (dart:io)"
[10/Mar/2023:14:03:41 +0000] "CONNECT pub.dartlang.org:443 HTTP/1.1" 200 10174 "-" "Dart/2.18 (dart:io)"
[10/Mar/2023:14:03:41 +0000] "CONNECT pub.dartlang.org:443 HTTP/1.1" 200 6130 "-" "Dart/2.18 (dart:io)"
[10/Mar/2023:14:03:41 +0000] "CONNECT pub.dartlang.org:443 HTTP/1.1" 200 9751 "-" "Dart/2.18 (dart:io)"
[10/Mar/2023:14:03:41 +0000] "CONNECT pub.dartlang.org:443 HTTP/1.1" 200 6322 "-" "Dart/2.18 (dart:io)"
[10/Mar/2023:14:03:41 +0000] "CONNECT pub.dartlang.org:443 HTTP/1.1" 200 7589 "-" "Dart/2.18 (dart:io)"
[10/Mar/2023:14:03:41 +0000] "CONNECT pub.dartlang.org:443 HTTP/1.1" 200 6466 "-" "Dart/2.18 (dart:io)"
[10/Mar/2023:14:03:41 +0000] "CONNECT pub.dartlang.org:443 HTTP/1.1" 200 6650 "-" "Dart/2.18 (dart:io)"
[10/Mar/2023:14:03:41 +0000] "CONNECT pub.dartlang.org:443 HTTP/1.1" 200 9758 "-" "Dart/2.18 (dart:io)"
[10/Mar/2023:14:03:41 +0000] "CONNECT pub.dartlang.org:443 HTTP/1.1" 200 5168 "-" "Dart/2.18 (dart:io)"
[10/Mar/2023:14:03:41 +0000] "CONNECT pub.dartlang.org:443 HTTP/1.1" 200 5168 "-" "Dart/2.18 (dart:io)"
[10/Mar/2023:14:03:41 +0000] "CONNECT pub.dartlang.org:443 HTTP/1.1" 200 15113 "-" "Dart/2.18 (dart:io)"
[10/Mar/2023:14:03:41 +0000] "CONNECT storage.googleapis.com:443 HTTP/1.1" 200 12414 "-" "Dart/2.18 (dart:io)"
[10/Mar/2023:14:03:41 +0000] "CONNECT storage.googleapis.com:443 HTTP/1.1" 200 11425 "-" "Dart/2.18 (dart:io)"
[10/Mar/2023:14:03:41 +0000] "CONNECT storage.googleapis.com:443 HTTP/1.1" 200 12240 "-" "Dart/2.18 (dart:io)"
[10/Mar/2023:14:03:41 +0000] "CONNECT storage.googleapis.com:443 HTTP/1.1" 200 169761 "-" "Dart/2.18 (dart:io)"
[10/Mar/2023:14:03:41 +0000] "CONNECT storage.googleapis.com:443 HTTP/1.1" 200 15873 "-" "Dart/2.18 (dart:io)"
[10/Mar/2023:14:03:41 +0000] "CONNECT storage.googleapis.com:443 HTTP/1.1" 200 1492823 "-" "Dart/2.18 (dart:io)"
[10/Mar/2023:14:03:41 +0000] "CONNECT storage.googleapis.com:443 HTTP/1.1" 200 360843 "-" "Dart/2.18 (dart:io)"
[10/Mar/2023:14:03:41 +0000] "CONNECT storage.googleapis.com:443 HTTP/1.1" 200 20497169 "-" "Dart/2.18 (dart:io)"
[10/Mar/2023:14:03:41 +0000] "CONNECT storage.googleapis.com:443 HTTP/1.1" 200 147311 "-" "Dart/2.18 (dart:io)"
[10/Mar/2023:14:03:41 +0000] "CONNECT storage.googleapis.com:443 HTTP/1.1" 200 17404 "-" "Dart/2.18 (dart:io)"
[10/Mar/2023:14:03:41 +0000] "CONNECT storage.googleapis.com:443 HTTP/1.1" 200 23838 "-" "Dart/2.18 (dart:io)"
[10/Mar/2023:14:03:41 +0000] "CONNECT storage.googleapis.com:443 HTTP/1.1" 200 253657 "-" "Dart/2.18 (dart:io)"
[10/Mar/2023:14:03:41 +0000] "CONNECT storage.googleapis.com:443 HTTP/1.1" 200 1219220 "-" "Dart/2.18 (dart:io)"
[10/Mar/2023:14:03:41 +0000] "CONNECT storage.googleapis.com:443 HTTP/1.1" 200 20102 "-" "Dart/2.18 (dart:io)"
[10/Mar/2023:14:03:41 +0000] "CONNECT storage.googleapis.com:443 HTTP/1.1" 200 24949 "-" "Dart/2.18 (dart:io)"
[10/Mar/2023:14:03:41 +0000] "CONNECT storage.googleapis.com:443 HTTP/1.1" 200 10209 "-" "Dart/2.18 (dart:io)"
[10/Mar/2023:14:03:41 +0000] "CONNECT storage.googleapis.com:443 HTTP/1.1" 200 24499 "-" "Dart/2.18 (dart:io)"
[10/Mar/2023:14:03:41 +0000] "CONNECT storage.googleapis.com:443 HTTP/1.1" 200 42148 "-" "Dart/2.18 (dart:io)"
[10/Mar/2023:14:03:41 +0000] "CONNECT storage.googleapis.com:443 HTTP/1.1" 200 22473 "-" "Dart/2.18 (dart:io)"
[10/Mar/2023:14:03:41 +0000] "CONNECT storage.googleapis.com:443 HTTP/1.1" 200 16115 "-" "Dart/2.18 (dart:io)"
[10/Mar/2023:14:03:41 +0000] "CONNECT storage.googleapis.com:443 HTTP/1.1" 200 1697793 "-" "Dart/2.18 (dart:io)"
[10/Mar/2023:14:03:41 +0000] "CONNECT storage.googleapis.com:443 HTTP/1.1" 200 12348 "-" "Dart/2.18 (dart:io)"
[10/Mar/2023:14:03:41 +0000] "CONNECT storage.googleapis.com:443 HTTP/1.1" 200 2151001 "-" "Dart/2.18 (dart:io)"
[10/Mar/2023:14:03:41 +0000] "CONNECT storage.googleapis.com:443 HTTP/1.1" 200 16151 "-" "Dart/2.18 (dart:io)"
[10/Mar/2023:14:03:41 +0000] "CONNECT storage.googleapis.com:443 HTTP/1.1" 200 147639 "-" "Dart/2.18 (dart:io)"
:: Downloading android-arm-profile/linux-x64 tools...                 420ms
:: Downloading android-arm-release/linux-x64 tools...                 277ms
:: Downloading android-arm64-profile/linux-x64 tools...               253ms
:: Downloading android-arm64-release/linux-x64 tools...               235ms
:: Downloading android-x64-profile/linux-x64 tools...                 218ms
:: Downloading android-x64-release/linux-x64 tools...                 220ms
:: Downloading android-x86 tools...                                   702ms
:: Downloading android-x64 tools...                                   932ms
:: Downloading android-arm tools...                                   670ms
:: Downloading android-arm-profile tools...                           350ms
:: Downloading android-arm-release tools...                           236ms
:: Downloading android-arm64 tools...                                 504ms
:: Downloading android-arm64-profile tools...                         309ms
:: Downloading android-arm64-release tools...                         249ms
:: Downloading android-x64-profile tools...                           748ms
:: Downloading android-x64-release tools...                           271ms
:: Downloading android-x86-jit-release tools...                       355ms
:: Downloading Web SDK...                                           1,439ms
:: Downloading CanvasKit...                                           498ms
:: Downloading linux-x64/linux-x64-flutter-gtk tools...               499ms
:: Downloading linux-x64-profile/linux-x64-flutter-gtk tools...        376ms
:: Downloading linux-x64-release/linux-x64-flutter-gtk tools...        415ms
Executed: build flutter-git
Executing parts lifecycle: skip pull flutter-git (already ran)
Executing action
Executed: skip pull flutter-git (already ran)
Executing parts lifecycle: skip overlay flutter-git (already ran)
Executing action
Executed: skip overlay flutter-git (already ran)
Executing parts lifecycle: skip build flutter-git (already ran)
Executing action
Executed: skip build flutter-git (already ran)
Executing parts lifecycle: stage flutter-git (required to build 'apn')
Executing action
Executed: stage flutter-git (required to build 'apn')
Executing parts lifecycle: build apn
Executing action
:: + set -eux
:: + dart pub get
::    Woah! You appear to be trying to run flutter as root.
::    We strongly recommend running the flutter tool without superuser privileges.
::   /
:: 
:: Resolving dependencies...
::   _fe_analyzer_shared 50.0.0 (55.0.0 available)
::   analyzer 5.2.0 (5.7.1 available)
::   characters 1.2.1 (1.3.0 available)
::   collection 1.16.0 (1.17.1 available)
::   js 0.6.5 (0.6.7 available)
::   material_color_utilities 0.1.5 (0.2.0 available)
::   meta 1.8.0 (1.9.0 available)
::   mqtt_client 9.7.4 (9.8.0 available)
::   node_preamble 2.0.1 (2.0.2 available)
::   vector_math 2.1.2 (2.1.4 available)
::   vm_service 11.0.1 (11.2.0 available)
:: Downloading test 1.23.1...
:: Downloading lints 2.0.1...
:: Downloading uuid 3.0.7...
:: Downloading path 1.8.3...
:: Downloading interpolation 2.1.2...
:: Downloading http 0.13.5...
:: Downloading hive 2.2.3...
:: Downloading test_core 0.4.24...
:: Downloading test_api 0.4.18...
:: Downloading webkit_inspection_protocol 1.2.0...
:: Downloading web_socket_channel 2.3.0...
:: Downloading stream_channel 2.1.1...
:: Downloading stack_trace 1.11.0...
:: Downloading source_span 1.9.1...
:: Downloading shelf_web_socket 1.0.3...
:: Downloading shelf 1.4.0...
:: Downloading js 0.6.5...
:: Downloading io 1.0.4...
:: Downloading coverage 1.6.3...
:: Downloading boolean_selector 2.1.1...
:: Downloading async 2.10.0...
:: Downloading analyzer 5.2.0...
:: Downloading string_scanner 1.2.0...
:: Downloading http_parser 4.0.2...
:: Downloading rxdart 0.27.7...
:: Downloading nested 1.0.0...
:: Downloading mqtt_client 9.7.4...
:: Downloading matcher 0.12.14...
:: Downloading vm_service 11.0.1...
:: Downloading source_maps 0.10.12...
:: Downloading source_map_stack_trace 2.1.1...
:: Downloading glob 2.1.1...
:: Downloading frontend_server_client 3.2.0...
:: Downloading args 2.4.0...
:: Downloading logging 1.1.1...
:: Downloading mime 1.0.4...
:: Downloading convert 3.1.1...
:: Downloading watcher 1.0.2...
:: Downloading pub_semver 2.1.3...
:: Downloading _fe_analyzer_shared 50.0.0...
:: Downloading event_bus 2.0.0...
:: Downloading vector_math 2.1.2...
:: Downloading material_color_utilities 0.1.5...
:: Downloading characters 1.2.1...
:: Downloading file 6.1.4...
:: Got dependencies!
:: + dart compile exe bin/apn.dart -o apn
::    Woah! You appear to be trying to run flutter as root.
::    We strongly recommend running the flutter tool without superuser privileges.
::   /
:: 
:: Info: Compiling with sound null safety
:: Generated: /build/snapcraft-dieklingel-core-6c6f6b04f7583fd50650b0deab434ba4/parts/apn/build/apn
:: + mkdir -p /build/snapcraft-dieklingel-core-6c6f6b04f7583fd50650b0deab434ba4/parts/apn/install/bin/apn
:: + cp apn /build/snapcraft-dieklingel-core-6c6f6b04f7583fd50650b0deab434ba4/parts/apn/install/bin/apn/apn
Executed: build apn
Executing parts lifecycle: build gnome/sdk
Executing action
:: + make -j4
:: make: 'Makefile' is up to date.
:: + make -j4 install DESTDIR=/build/snapcraft-dieklingel-core-6c6f6b04f7583fd50650b0deab434ba4/parts/gnome/sdk/install
:: install -D -m755 "hooks-configure-fonts" "/build/snapcraft-dieklingel-core-6c6f6b04f7583fd50650b0deab434ba4/parts/gnome/sdk/install/snap/command-chain"/"hooks-configure-fonts"
:: install -D -m755 "desktop-launch" "/build/snapcraft-dieklingel-core-6c6f6b04f7583fd50650b0deab434ba4/parts/gnome/sdk/install/snap/command-chain"/"desktop-launch"
:: install -D -m755 "run" "/build/snapcraft-dieklingel-core-6c6f6b04f7583fd50650b0deab434ba4/parts/gnome/sdk/install/snap/command-chain"/"run"
Executed: build gnome/sdk
Executing parts lifecycle: build gui
Executing action
:: + set -eux
:: + flutter pub get
::    Woah! You appear to be trying to run flutter as root.
::    We strongly recommend running the flutter tool without superuser privileges.
::   /
:: 
:: Running "flutter pub get" in build...                               9.9s
:: + flutter build linux --release -v
::    Woah! You appear to be trying to run flutter as root.
::    We strongly recommend running the flutter tool without superuser privileges.
::   /
:: 
:: [  +72 ms] executing: uname -m
:: [  +36 ms] Exit code 0 from: uname -m
:: [        ] x86_64
:: [   +5 ms] executing: [/build/snapcraft-dieklingel-core-6c6f6b04f7583fd50650b0deab434ba4/parts/flutter-git/install/usr/libexec/flutter/] git -c log.showSignature=false log -n 1 --pretty=format:%H
:: [  +14 ms] Exit code 0 from: git -c log.showSignature=false log -n 1 --pretty=format:%H
:: [        ] 135454af32477f815a7525073027a3ff9eff1bfd
:: [        ] executing: [/build/snapcraft-dieklingel-core-6c6f6b04f7583fd50650b0deab434ba4/parts/flutter-git/install/usr/libexec/flutter/] git tag --points-at 135454af32477f815a7525073027a3ff9eff1bfd
:: [  +31 ms] Exit code 0 from: git tag --points-at 135454af32477f815a7525073027a3ff9eff1bfd
:: [        ] 3.3.10
:: [  +74 ms] Unable to locate an Android SDK.
:: [   +3 ms] executing: [/build/snapcraft-dieklingel-core-6c6f6b04f7583fd50650b0deab434ba4/parts/flutter-git/install/usr/libexec/flutter/] git rev-parse --abbrev-ref HEAD
:: [  +15 ms] Exit code 0 from: git rev-parse --abbrev-ref HEAD
:: [   +1 ms] HEAD
:: [        ] executing: [/build/snapcraft-dieklingel-core-6c6f6b04f7583fd50650b0deab434ba4/parts/flutter-git/install/usr/libexec/flutter/] git rev-parse --abbrev-ref --symbolic @{upstream}
:: [  +15 ms] Exit code 128 from: git rev-parse --abbrev-ref --symbolic @{upstream}
:: [        ] fatal: HEAD does not point to a branch
:: [  +50 ms] Artifact Instance of 'AndroidGenSnapshotArtifacts' is not required, skipping update.
:: [        ] Artifact Instance of 'AndroidInternalBuildArtifacts' is not required, skipping update.
:: [        ] Artifact Instance of 'IOSEngineArtifacts' is not required, skipping update.
:: [        ] Artifact Instance of 'FlutterWebSdk' is not required, skipping update.
:: [   +2 ms] Artifact Instance of 'WindowsEngineArtifacts' is not required, skipping update.
:: [        ] Artifact Instance of 'MacOSEngineArtifacts' is not required, skipping update.
:: [        ] Artifact Instance of 'LinuxEngineArtifacts' is not required, skipping update.
:: [        ] Artifact Instance of 'LinuxFuchsiaSDKArtifacts' is not required, skipping update.
:: [        ] Artifact Instance of 'MacOSFuchsiaSDKArtifacts' is not required, skipping update.
:: [        ] Artifact Instance of 'FlutterRunnerSDKArtifacts' is not required, skipping update.
:: [        ] Artifact Instance of 'FlutterRunnerDebugSymbols' is not required, skipping update.
:: [  +42 ms] Artifact Instance of 'MaterialFonts' is not required, skipping update.
:: [        ] Artifact Instance of 'GradleWrapper' is not required, skipping update.
:: [        ] Artifact Instance of 'AndroidGenSnapshotArtifacts' is not required, skipping update.
:: [        ] Artifact Instance of 'AndroidInternalBuildArtifacts' is not required, skipping update.
:: [        ] Artifact Instance of 'IOSEngineArtifacts' is not required, skipping update.
:: [        ] Artifact Instance of 'FlutterWebSdk' is not required, skipping update.
:: [        ] Artifact Instance of 'FlutterSdk' is not required, skipping update.
:: [        ] Artifact Instance of 'WindowsEngineArtifacts' is not required, skipping update.
:: [        ] Artifact Instance of 'MacOSEngineArtifacts' is not required, skipping update.
:: [   +1 ms] Artifact Instance of 'LinuxFuchsiaSDKArtifacts' is not required, skipping update.
:: [        ] Artifact Instance of 'MacOSFuchsiaSDKArtifacts' is not required, skipping update.
:: [        ] Artifact Instance of 'FlutterRunnerSDKArtifacts' is not required, skipping update.
:: [        ] Artifact Instance of 'FlutterRunnerDebugSymbols' is not required, skipping update.
:: [        ] Artifact Instance of 'IosUsbArtifacts' is not required, skipping update.
:: [        ] Artifact Instance of 'IosUsbArtifacts' is not required, skipping update.
:: [        ] Artifact Instance of 'IosUsbArtifacts' is not required, skipping update.
:: [        ] Artifact Instance of 'IosUsbArtifacts' is not required, skipping update.
:: [        ] Artifact Instance of 'IosUsbArtifacts' is not required, skipping update.
:: [        ] Artifact Instance of 'FontSubsetArtifacts' is not required, skipping update.
:: [        ] Artifact Instance of 'PubDependencies' is not required, skipping update.
:: [  +50 ms] Skipping pub get: version match.
:: [  +37 ms] Found plugin audioplayers at /root/.pub-cache/hosted/pub.dartlang.org/audioplayers-3.0.1/
:: [   +4 ms] Found plugin audioplayers_android at /root/.pub-cache/hosted/pub.dartlang.org/audioplayers_android-2.0.0/
:: [   +2 ms] Found plugin audioplayers_darwin at /root/.pub-cache/hosted/pub.dartlang.org/audioplayers_darwin-3.0.1/
:: [   +2 ms] Found plugin audioplayers_linux at /root/.pub-cache/hosted/pub.dartlang.org/audioplayers_linux-1.0.4/
:: [   +4 ms] Found plugin audioplayers_web at /root/.pub-cache/hosted/pub.dartlang.org/audioplayers_web-2.2.0/
:: [   +2 ms] Found plugin audioplayers_windows at /root/.pub-cache/hosted/pub.dartlang.org/audioplayers_windows-1.1.3/
:: [  +25 ms] Found plugin path_provider at /root/.pub-cache/hosted/pub.dartlang.org/path_provider-2.0.12/
:: [   +2 ms] Found plugin path_provider_android at /root/.pub-cache/hosted/pub.dartlang.org/path_provider_android-2.0.22/
:: [   +1 ms] Found plugin path_provider_foundation at /root/.pub-cache/hosted/pub.dartlang.org/path_provider_foundation-2.1.1/
:: [   +1 ms] Found plugin path_provider_linux at /root/.pub-cache/hosted/pub.dartlang.org/path_provider_linux-2.1.8/
:: [   +2 ms] Found plugin path_provider_windows at /root/.pub-cache/hosted/pub.dartlang.org/path_provider_windows-2.1.3/
:: [  +47 ms] Found plugin audioplayers at /root/.pub-cache/hosted/pub.dartlang.org/audioplayers-3.0.1/
:: [   +1 ms] Found plugin audioplayers_android at /root/.pub-cache/hosted/pub.dartlang.org/audioplayers_android-2.0.0/
:: [   +1 ms] Found plugin audioplayers_darwin at /root/.pub-cache/hosted/pub.dartlang.org/audioplayers_darwin-3.0.1/
:: [   +1 ms] Found plugin audioplayers_linux at /root/.pub-cache/hosted/pub.dartlang.org/audioplayers_linux-1.0.4/
:: [   +1 ms] Found plugin audioplayers_web at /root/.pub-cache/hosted/pub.dartlang.org/audioplayers_web-2.2.0/
:: [   +1 ms] Found plugin audioplayers_windows at /root/.pub-cache/hosted/pub.dartlang.org/audioplayers_windows-1.1.3/
:: [  +12 ms] Found plugin path_provider at /root/.pub-cache/hosted/pub.dartlang.org/path_provider-2.0.12/
:: [   +1 ms] Found plugin path_provider_android at /root/.pub-cache/hosted/pub.dartlang.org/path_provider_android-2.0.22/
:: [   +1 ms] Found plugin path_provider_foundation at /root/.pub-cache/hosted/pub.dartlang.org/path_provider_foundation-2.1.1/
:: [        ] Found plugin path_provider_linux at /root/.pub-cache/hosted/pub.dartlang.org/path_provider_linux-2.1.8/
:: [   +1 ms] Found plugin path_provider_windows at /root/.pub-cache/hosted/pub.dartlang.org/path_provider_windows-2.1.3/
:: [  +55 ms]  Building with sound null safety 
:: [  +11 ms] Building Linux application...
:: [  +10 ms] executing: [build/linux/x64/release/] cmake -G Ninja -DCMAKE_BUILD_TYPE=Release -DFLUTTER_TARGET_PLATFORM=linux-x64 /build/snapcraft-dieklingel-core-6c6f6b04f7583fd50650b0deab434ba4/parts/gui/build/linux
:: [ +525 ms] -- The CXX compiler identification is Clang 14.0.0
:: [   +4 ms] -- Detecting CXX compiler ABI info
:: [ +300 ms] -- Detecting CXX compiler ABI info - done
:: [   +5 ms] -- Check for working CXX compiler: /usr/bin/clang++ - skipped
:: [        ] -- Detecting CXX compile features
:: [        ] -- Detecting CXX compile features - done
:: [  +18 ms] -- Found PkgConfig: /snap/gnome-42-2204-sdk/current/usr/bin/pkg-config (found version "0.29.2")
:: [        ] -- Checking for module 'gtk+-3.0'
:: [ +441 ms] --   Found gtk+-3.0, version 3.24.36
:: [+3033 ms] -- Checking for module 'glib-2.0'
:: [  +86 ms] --   Found glib-2.0, version 2.74.6
:: [ +260 ms] -- Checking for module 'gio-2.0'
:: [ +120 ms] --   Found gio-2.0, version 2.74.6
:: [ +574 ms] -- Checking for module 'gstreamer-1.0'
:: [ +139 ms] --   Found gstreamer-1.0, version 1.20.3
:: [ +688 ms] -- Checking for module 'gstreamer-app-1.0'
:: [ +143 ms] --   Found gstreamer-app-1.0, version 1.20.1
:: [ +849 ms] -- Checking for module 'gstreamer-audio-1.0'
:: [ +153 ms] --   Found gstreamer-audio-1.0, version 1.20.1
:: [ +947 ms] -- Configuring done
:: [ +141 ms] -- Generating done
:: [  +38 ms] -- Build files have been written to: /build/snapcraft-dieklingel-core-6c6f6b04f7583fd50650b0deab434ba4/parts/gui/build/build/linux/x64/release
:: [  +10 ms] executing: ninja -C build/linux/x64/release install
:: [  +26 ms] ninja: Entering directory `build/linux/x64/release'
:: [+15354 ms] [1/10] Generating /build/snapcraft-dieklingel-core-6c6f6b04f7583fd50650b0deab434ba4/parts/gui/build/linux/flutter/ephemeral/libflutter_linux_gtk.so, /build/snapcraft-dieklingel-core-6c6f6b04f7583fd50650b0deab434ba4/parts/gui/build/linux/flutter/ephemeral/flutter_linux/fl_basic_message_channel.h, /build/snapcraft-dieklingel-core-6c6f6b04f7583fd50650b0deab434ba4/parts/gui/build/linux/flutter/ephemeral/flutter_linux/fl_binary_codec.h, /build/snapcraft-dieklingel-core-6c6f6b04f7583fd50650b0deab434ba4/parts/gui/build/linux/flutter/ephemeral/flutter_linux/fl_binary_messenger.h, /build/snapcraft-dieklingel-core-6c6f6b04f7583fd50650b0deab434ba4/parts/gui/build/linux/flutter/ephemeral/flutter_linux/fl_dart_project.h, /build/snapcraft-dieklingel-core-6c6f6b04f7583fd50650b0deab434ba4/parts/gui/build/linux/flutter/ephemeral/flutter_linux/fl_engine.h, /build/snapcraft-dieklingel-core-6c6f6b04f7583fd50650b0deab434ba4/parts/gui/build/linux/flutter/ephemeral/flutter_linux/fl_json_message_codec.h, /build/snapcraft-dieklingel-core-6c6f6b04f7583fd50650b0deab434ba4/parts/gui/build/linux/flutter/ephemeral/flutter_linux/fl_json_method_codec.h, /build/snapcraft-dieklingel-core-6c6f6b04f7583fd50650b0deab434ba4/parts/gui/build/linux/flutter/ephemeral/flutter_linux/fl_message_codec.h, /build/snapcraft-dieklingel-core-6c6f6b04f7583fd50650b0deab434ba4/parts/gui/build/linux/flutter/ephemeral/flutter_linux/fl_method_call.h, /build/snapcraft-dieklingel-core-6c6f6b04f7583fd50650b0deab434ba4/parts/gui/build/linux/flutter/ephemeral/flutter_linux/fl_method_channel.h, /build/snapcraft-dieklingel-core-6c6f6b04f7583fd50650b0deab434ba4/parts/gui/build/linux/flutter/ephemeral/flutter_linux/fl_method_codec.h, /build/snapcraft-dieklingel-core-6c6f6b04f7583fd50650b0deab434ba4/parts/gui/build/linux/flutter/ephemeral/flutter_linux/fl_method_response.h, /build/snapcraft-dieklingel-core-6c6f6b04f7583fd50650b0deab434ba4/parts/gui/build/linux/flutter/ephemeral/flutter_linux/fl_plugin_registrar.h, /build/snapcraft-dieklingel-core-6c6f6b04f7583fd50650b0deab434ba4/parts/gui/build/linux/flutter/ephemeral/flutter_linux/fl_plugin_registry.h, /build/snapcraft-dieklingel-core-6c6f6b04f7583fd50650b0deab434ba4/parts/gui/build/linux/flutter/ephemeral/flutter_linux/fl_standard_message_codec.h, /build/snapcraft-dieklingel-core-6c6f6b04f7583fd50650b0deab434ba4/parts/gui/build/linux/flutter/ephemeral/flutter_linux/fl_standard_method_codec.h, /build/snapcraft-dieklingel-core-6c6f6b04f7583fd50650b0deab434ba4/parts/gui/build/linux/flutter/ephemeral/flutter_linux/fl_string_codec.h, /build/snapcraft-dieklingel-core-6c6f6b04f7583fd50650b0deab434ba4/parts/gui/build/linux/flutter/ephemeral/flutter_linux/fl_value.h, /build/snapcraft-dieklingel-core-6c6f6b04f7583fd50650b0deab434ba4/parts/gui/build/linux/flutter/ephemeral/flutter_linux/fl_view.h, /build/snapcraft-dieklingel-core-6c6f6b04f7583fd50650b0deab434ba4/parts/gui/build/linux/flutter/ephemeral/flutter_linux/flutter_linux.h, _phony_
:: [  +12 ms] FAILED: /build/snapcraft-dieklingel-core-6c6f6b04f7583fd50650b0deab434ba4/parts/gui/build/linux/flutter/ephemeral/libflutter_linux_gtk.so /build/snapcraft-dieklingel-core-6c6f6b04f7583fd50650b0deab434ba4/parts/gui/build/linux/flutter/ephemeral/flutter_linux/fl_basic_message_channel.h /build/snapcraft-dieklingel-core-6c6f6b04f7583fd50650b0deab434ba4/parts/gui/build/linux/flutter/ephemeral/flutter_linux/fl_binary_codec.h /build/snapcraft-dieklingel-core-6c6f6b04f7583fd50650b0deab434ba4/parts/gui/build/linux/flutter/ephemeral/flutter_linux/fl_binary_messenger.h /build/snapcraft-dieklingel-core-6c6f6b04f7583fd50650b0deab434ba4/parts/gui/build/linux/flutter/ephemeral/flutter_linux/fl_dart_project.h /build/snapcraft-dieklingel-core-6c6f6b04f7583fd50650b0deab434ba4/parts/gui/build/linux/flutter/ephemeral/flutter_linux/fl_engine.h /build/snapcraft-dieklingel-core-6c6f6b04f7583fd50650b0deab434ba4/parts/gui/build/linux/flutter/ephemeral/flutter_linux/fl_json_message_codec.h /build/snapcraft-dieklingel-core-6c6f6b04f7583fd50650b0deab434ba4/parts/gui/build/linux/flutter/ephemeral/flutter_linux/fl_json_method_codec.h /build/snapcraft-dieklingel-core-6c6f6b04f7583fd50650b0deab434ba4/parts/gui/build/linux/flutter/ephemeral/flutter_linux/fl_message_codec.h /build/snapcraft-dieklingel-core-6c6f6b04f7583fd50650b0deab434ba4/parts/gui/build/linux/flutter/ephemeral/flutter_linux/fl_method_call.h /build/snapcraft-dieklingel-core-6c6f6b04f7583fd50650b0deab434ba4/parts/gui/build/linux/flutter/ephemeral/flutter_linux/fl_method_channel.h /build/snapcraft-dieklingel-core-6c6f6b04f7583fd50650b0deab434ba4/parts/gui/build/linux/flutter/ephemeral/flutter_linux/fl_method_codec.h /build/snapcraft-dieklingel-core-6c6f6b04f7583fd50650b0deab434ba4/parts/gui/build/linux/flutter/ephemeral/flutter_linux/fl_method_response.h /build/snapcraft-dieklingel-core-6c6f6b04f7583fd50650b0deab434ba4/parts/gui/build/linux/flutter/ephemeral/flutter_linux/fl_plugin_registrar.h /build/snapcraft-dieklingel-core-6c6f6b04f7583fd50650b0deab434ba4/parts/gui/build/linux/flutter/ephemeral/flutter_linux/fl_plugin_registry.h /build/snapcraft-dieklingel-core-6c6f6b04f7583fd50650b0deab434ba4/parts/gui/build/linux/flutter/ephemeral/flutter_linux/fl_standard_message_codec.h /build/snapcraft-dieklingel-core-6c6f6b04f7583fd50650b0deab434ba4/parts/gui/build/linux/flutter/ephemeral/flutter_linux/fl_standard_method_codec.h /build/snapcraft-dieklingel-core-6c6f6b04f7583fd50650b0deab434ba4/parts/gui/build/linux/flutter/ephemeral/flutter_linux/fl_string_codec.h /build/snapcraft-dieklingel-core-6c6f6b04f7583fd50650b0deab434ba4/parts/gui/build/linux/flutter/ephemeral/flutter_linux/fl_value.h /build/snapcraft-dieklingel-core-6c6f6b04f7583fd50650b0deab434ba4/parts/gui/build/linux/flutter/ephemeral/flutter_linux/fl_view.h /build/snapcraft-dieklingel-core-6c6f6b04f7583fd50650b0deab434ba4/parts/gui/build/linux/flutter/ephemeral/flutter_linux/flutter_linux.h flutter/_phony_ /build/snapcraft-dieklingel-core-6c6f6b04f7583fd50650b0deab434ba4/parts/gui/build/build/linux/x64/release/flutter/_phony_
:: [   +3 ms] cd /build/snapcraft-dieklingel-core-6c6f6b04f7583fd50650b0deab434ba4/parts/gui/build/build/linux/x64/release/flutter && /usr/bin/cmake -E env FLUTTER_ROOT=/build/snapcraft-dieklingel-core-6c6f6b04f7583fd50650b0deab434ba4/parts/flutter-git/install/usr/libexec/flutter PROJECT_DIR=/build/snapcraft-dieklingel-core-6c6f6b04f7583fd50650b0deab434ba4/parts/gui/build DART_OBFUSCATION=false TRACK_WIDGET_CREATION=true TREE_SHAKE_ICONS=true PACKAGE_CONFIG=/build/snapcraft-dieklingel-core-6c6f6b04f7583fd50650b0deab434ba4/parts/gui/build/.dart_tool/package_config.json FLUTTER_TARGET=lib/main.dart /build/snapcraft-dieklingel-core-6c6f6b04f7583fd50650b0deab434ba4/parts/flutter-git/install/usr/libexec/flutter/packages/flutter_tools/bin/tool_backend.sh linux-x64 Release
:: [        ]    Woah! You appear to be trying to run flutter as root.
:: [        ]    We strongly recommend running the flutter tool without superuser privileges.
:: [        ]   /
:: [   +2 ms] 
:: [        ] [  +61 ms] executing: uname -m
:: [        ] [  +38 ms] Exit code 0 from: uname -m
:: [        ] [        ] x86_64
:: [        ] [   +4 ms] executing: [/build/snapcraft-dieklingel-core-6c6f6b04f7583fd50650b0deab434ba4/parts/flutter-git/install/usr/libexec/flutter/] git -c log.showSignature=false log -n 1 --pretty=format:%H
:: [        ] [  +15 ms] Exit code 0 from: git -c log.showSignature=false log -n 1 --pretty=format:%H
:: [        ] [        ] 135454af32477f815a7525073027a3ff9eff1bfd
:: [        ] [        ] executing: [/build/snapcraft-dieklingel-core-6c6f6b04f7583fd50650b0deab434ba4/parts/flutter-git/install/usr/libexec/flutter/] git tag --points-at 135454af32477f815a7525073027a3ff9eff1bfd
:: [        ] [  +24 ms] Exit code 0 from: git tag --points-at 135454af32477f815a7525073027a3ff9eff1bfd
:: [        ] [   +1 ms] 3.3.10
:: [        ] [  +73 ms] Unable to locate an Android SDK.
:: [        ] [   +3 ms] executing: [/build/snapcraft-dieklingel-core-6c6f6b04f7583fd50650b0deab434ba4/parts/flutter-git/install/usr/libexec/flutter/] git rev-parse --abbrev-ref HEAD
:: [        ] [  +14 ms] Exit code 0 from: git rev-parse --abbrev-ref HEAD
:: [        ] [        ] HEAD
:: [        ] [        ] executing: [/build/snapcraft-dieklingel-core-6c6f6b04f7583fd50650b0deab434ba4/parts/flutter-git/install/usr/libexec/flutter/] git rev-parse --abbrev-ref --symbolic @{upstream}
:: [        ] [  +13 ms] Exit code 128 from: git rev-parse --abbrev-ref --symbolic @{upstream}
:: [        ] [        ] fatal: HEAD does not point to a branch
:: [        ] [  +47 ms] Artifact Instance of 'AndroidGenSnapshotArtifacts' is not required, skipping update.
:: [        ] [        ] Artifact Instance of 'AndroidInternalBuildArtifacts' is not required, skipping update.
:: [        ] [        ] Artifact Instance of 'IOSEngineArtifacts' is not required, skipping update.
:: [        ] [        ] Artifact Instance of 'FlutterWebSdk' is not required, skipping update.
:: [        ] [   +3 ms] Artifact Instance of 'WindowsEngineArtifacts' is not required, skipping update.
:: [        ] [        ] Artifact Instance of 'MacOSEngineArtifacts' is not required, skipping update.
:: [        ] [        ] Artifact Instance of 'LinuxEngineArtifacts' is not required, skipping update.
:: [        ] [        ] Artifact Instance of 'LinuxFuchsiaSDKArtifacts' is not required, skipping update.
:: [   +2 ms] [        ] Artifact Instance of 'MacOSFuchsiaSDKArtifacts' is not required, skipping update.
:: [        ] [        ] Artifact Instance of 'FlutterRunnerSDKArtifacts' is not required, skipping update.
:: [        ] [        ] Artifact Instance of 'FlutterRunnerDebugSymbols' is not required, skipping update.
:: [        ] [  +84 ms] Artifact Instance of 'MaterialFonts' is not required, skipping update.
:: [        ] [        ] Artifact Instance of 'GradleWrapper' is not required, skipping update.
:: [        ] [        ] Artifact Instance of 'AndroidGenSnapshotArtifacts' is not required, skipping update.
:: [        ] [        ] Artifact Instance of 'AndroidInternalBuildArtifacts' is not required, skipping update.
:: [        ] [        ] Artifact Instance of 'IOSEngineArtifacts' is not required, skipping update.
:: [        ] [        ] Artifact Instance of 'FlutterWebSdk' is not required, skipping update.
:: [        ] [        ] Artifact Instance of 'FlutterSdk' is not required, skipping update.
:: [        ] [        ] Artifact Instance of 'WindowsEngineArtifacts' is not required, skipping update.
:: [        ] [        ] Artifact Instance of 'MacOSEngineArtifacts' is not required, skipping update.
:: [        ] [   +1 ms] Artifact Instance of 'LinuxFuchsiaSDKArtifacts' is not required, skipping update.
:: [        ] [        ] Artifact Instance of 'MacOSFuchsiaSDKArtifacts' is not required, skipping update.
:: [        ] [        ] Artifact Instance of 'FlutterRunnerSDKArtifacts' is not required, skipping update.
:: [        ] [        ] Artifact Instance of 'FlutterRunnerDebugSymbols' is not required, skipping update.
:: [        ] [        ] Artifact Instance of 'IosUsbArtifacts' is not required, skipping update.
:: [        ] [        ] Artifact Instance of 'IosUsbArtifacts' is not required, skipping update.
:: [        ] [        ] Artifact Instance of 'IosUsbArtifacts' is not required, skipping update.
:: [        ] [        ] Artifact Instance of 'IosUsbArtifacts' is not required, skipping update.
:: [        ] [        ] Artifact Instance of 'IosUsbArtifacts' is not required, skipping update.
:: [        ] [        ] Artifact Instance of 'FontSubsetArtifacts' is not required, skipping update.
:: [        ] [        ] Artifact Instance of 'PubDependencies' is not required, skipping update.
:: [        ] [  +18 ms] Initializing file store
:: [        ] [  +14 ms] Skipping target: gen_localizations
:: [        ] [  +13 ms] gen_dart_plugin_registrant: Starting due to {InvalidatedReasonKind.inputChanged: The following inputs have updated contents: /build/snapcraft-dieklingel-core-6c6f6b04f7583fd50650b0deab434ba4/parts/gui/build/.dart_tool/package_config_subset}
:: [        ] [   +3 ms] unpack_linux: Starting due to {}
:: [        ] [  +40 ms] unpack_linux: Complete
:: [        ] [ +217 ms] Found plugin audioplayers at /root/.pub-cache/hosted/pub.dartlang.org/audioplayers-3.0.1/
:: [        ] [   +4 ms] Found plugin audioplayers_android at /root/.pub-cache/hosted/pub.dartlang.org/audioplayers_android-2.0.0/
:: [        ] [   +1 ms] Found plugin audioplayers_darwin at /root/.pub-cache/hosted/pub.dartlang.org/audioplayers_darwin-3.0.1/
:: [        ] [   +1 ms] Found plugin audioplayers_linux at /root/.pub-cache/hosted/pub.dartlang.org/audioplayers_linux-1.0.4/
:: [        ] [   +2 ms] Found plugin audioplayers_web at /root/.pub-cache/hosted/pub.dartlang.org/audioplayers_web-2.2.0/
:: [        ] [   +1 ms] Found plugin audioplayers_windows at /root/.pub-cache/hosted/pub.dartlang.org/audioplayers_windows-1.1.3/
:: [        ] [  +23 ms] Found plugin path_provider at /root/.pub-cache/hosted/pub.dartlang.org/path_provider-2.0.12/
:: [        ] [   +1 ms] Found plugin path_provider_android at /root/.pub-cache/hosted/pub.dartlang.org/path_provider_android-2.0.22/
:: [        ] [   +1 ms] Found plugin path_provider_foundation at /root/.pub-cache/hosted/pub.dartlang.org/path_provider_foundation-2.1.1/
:: [        ] [   +1 ms] Found plugin path_provider_linux at /root/.pub-cache/hosted/pub.dartlang.org/path_provider_linux-2.1.8/
:: [        ] [   +3 ms] Found plugin path_provider_windows at /root/.pub-cache/hosted/pub.dartlang.org/path_provider_windows-2.1.3/
:: [        ] [  +35 ms] gen_dart_plugin_registrant: Complete
:: [        ] [   +1 ms] kernel_snapshot: Starting due to {}
:: [   +2 ms] [   +9 ms] /build/snapcraft-dieklingel-core-6c6f6b04f7583fd50650b0deab434ba4/parts/flutter-git/install/usr/libexec/flutter/bin/cache/dart-sdk/bin/dart --disable-dart-dev /build/snapcraft-dieklingel-core-6c6f6b04f7583fd50650b0deab434ba4/parts/flutter-git/install/usr/libexec/flutter/bin/cache/dart-sdk/bin/snapshots/frontend_server.dart.snapshot --sdk-root /build/snapcraft-dieklingel-core-6c6f6b04f7583fd50650b0deab434ba4/parts/flutter-git/install/usr/libexec/flutter/bin/cache/artifacts/engine/common/flutter_patched_sdk_product/ --target=flutter --no-print-incremental-dependencies -Ddart.vm.profile=false -Ddart.vm.product=true --compact-async --aot --tfa --packages /build/snapcraft-dieklingel-core-6c6f6b04f7583fd50650b0deab434ba4/parts/gui/build/.dart_tool/package_config.json --output-dill /build/snapcraft-dieklingel-core-6c6f6b04f7583fd50650b0deab434ba4/parts/gui/build/.dart_tool/flutter_build/caed50c78b398f944e98fa5c71651815/app.dill --depfile /build/snapcraft-dieklingel-core-6c6f6b04f7583fd50650b0deab434ba4/parts/gui/build/.dart_tool/flutter_build/caed50c78b398f944e98fa5c71651815/kernel_snapshot.d --source /build/snapcraft-dieklingel-core-6c6f6b04f7583fd50650b0deab434ba4/parts/gui/build/.dart_tool/flutter_build/dart_plugin_registrant.dart --source package:flutter/src/dart_plugin_registrant.dart -Dflutter.dart_plugin_registrant=file:///build/snapcraft-dieklingel-core-6c6f6b04f7583fd50650b0deab434ba4/parts/gui/build/.dart_tool/flutter_build/dart_plugin_registrant.dart --verbosity=error package:gui/main.dart
:: [        ] [+4063 ms] lib/config.dart:60:12: Error: A non-null value must be returned since the return type 'T' doesn't allow null.
:: [   +1 ms] [   +1 ms]   static T getProperty<T>(String propertie, {T? defaultValue}) {
:: [        ] [        ]            ^
:: [        ] [+9702 ms] Persisting file store
:: [        ] [   +2 ms] Done persisting file store
:: [        ] [   +2 ms] Target kernel_snapshot failed: Exception
:: [        ]            #0      KernelSnapshot.build (package:flutter_tools/src/build_system/targets/common.dart:244:7)
:: [        ]            <asynchronous suspension>
:: [        ]            #1      _BuildInstance._invokeInternal (package:flutter_tools/src/build_system/build_system.dart:839:9)
:: [        ]            <asynchronous suspension>
:: [        ]            #2      Future.wait.<anonymous closure> (dart:async/future.dart:522:21)
:: [        ]            <asynchronous suspension>
:: [        ]            #3      _BuildInstance.invokeTarget (package:flutter_tools/src/build_system/build_system.dart:777:32)
:: [        ]            <asynchronous suspension>
:: [        ]            #4      Future.wait.<anonymous closure> (dart:async/future.dart:522:21)
:: [        ]            <asynchronous suspension>
:: [        ]            #5      _BuildInstance.invokeTarget (package:flutter_tools/src/build_system/build_system.dart:777:32)
:: [        ]            <asynchronous suspension>
:: [        ]            #6      Future.wait.<anonymous closure> (dart:async/future.dart:522:21)
:: [        ]            <asynchronous suspension>
:: [        ]            #7      _BuildInstance.invokeTarget (package:flutter_tools/src/build_system/build_system.dart:777:32)
:: [        ]            <asynchronous suspension>
:: [        ]            #8      FlutterBuildSystem.build (package:flutter_tools/src/build_system/build_system.dart:606:16)
:: [        ]            <asynchronous suspension>
:: [        ]            #9      AssembleCommand.runCommand (package:flutter_tools/src/commands/assemble.dart:316:32)
:: [        ]            <asynchronous suspension>
:: [        ]            #10     FlutterCommand.run.<anonymous closure> (package:flutter_tools/src/runner/flutter_command.dart:1209:27)
:: [        ]            <asynchronous suspension>
:: [        ]            #11     AppContext.run.<anonymous closure> (package:flutter_tools/src/base/context.dart:150:19)
:: [        ]            <asynchronous suspension>
:: [        ]            #12     CommandRunner.runCommand (package:args/command_runner.dart:209:13)
:: [        ]            <asynchronous suspension>
:: [        ]            #13     FlutterCommandRunner.runCommand.<anonymous closure> (package:flutter_tools/src/runner/flutter_command_runner.dart:281:9)
:: [        ]            <asynchronous suspension>
:: [        ]            #14     AppContext.run.<anonymous closure> (package:flutter_tools/src/base/context.dart:150:19)
:: [        ]            <asynchronous suspension>
:: [        ]            #15     FlutterCommandRunner.runCommand (package:flutter_tools/src/runner/flutter_command_runner.dart:229:5)
:: [        ]            <asynchronous suspension>
:: [        ]            #16     run.<anonymous closure>.<anonymous closure> (package:flutter_tools/runner.dart:62:9)
:: [        ]            <asynchronous suspension>
:: [        ]            #17     AppContext.run.<anonymous closure> (package:flutter_tools/src/base/context.dart:150:19)
:: [        ]            <asynchronous suspension>
:: [        ]            #18     main (package:flutter_tools/executable.dart:91:3)
:: [        ]            <asynchronous suspension>
:: [        ] [   +8 ms] "flutter assemble" took 14,283ms.
:: [        ] [   +3 ms]
:: [        ]            #0      throwToolExit (package:flutter_tools/src/base/common.dart:10:3)
:: [        ]            #1      AssembleCommand.runCommand (package:flutter_tools/src/commands/assemble.dart:333:7)
:: [        ]            <asynchronous suspension>
:: [        ]            #2      FlutterCommand.run.<anonymous closure> (package:flutter_tools/src/runner/flutter_command.dart:1209:27)
:: [        ]            <asynchronous suspension>
:: [        ]            #3      AppContext.run.<anonymous closure> (package:flutter_tools/src/base/context.dart:150:19)
:: [        ]            <asynchronous suspension>
:: [        ]            #4      CommandRunner.runCommand (package:args/command_runner.dart:209:13)
:: [        ]            <asynchronous suspension>
:: [        ]            #5      FlutterCommandRunner.runCommand.<anonymous closure> (package:flutter_tools/src/runner/flutter_command_runner.dart:281:9)
:: [        ]            <asynchronous suspension>
:: [        ]            #6      AppContext.run.<anonymous closure> (package:flutter_tools/src/base/context.dart:150:19)
:: [        ]            <asynchronous suspension>
:: [        ]            #7      FlutterCommandRunner.runCommand (package:flutter_tools/src/runner/flutter_command_runner.dart:229:5)
:: [        ]            <asynchronous suspension>
:: [        ]            #8      run.<anonymous closure>.<anonymous closure> (package:flutter_tools/runner.dart:62:9)
:: [        ]            <asynchronous suspension>
:: [        ]            #9      AppContext.run.<anonymous closure> (package:flutter_tools/src/base/context.dart:150:19)
:: [        ]            <asynchronous suspension>
:: [        ]            #10     main (package:flutter_tools/executable.dart:91:3)
:: [        ]            <asynchronous suspension>
:: [        ] [   +1 ms] ensureAnalyticsSent: 0ms
:: [        ] [        ] Running shutdown hooks
:: [        ] [        ] Shutdown hooks complete
:: [        ] [        ] exiting with code 1
:: [        ] ninja: build stopped: subcommand failed.
:: [  +14 ms] Building Linux application... (completed in 23.9s)
:: [   +1 ms] "flutter linux" took 24,277ms.
:: [   +3 ms] Build process failed
:: [        ]
::            #0      throwToolExit (package:flutter_tools/src/base/common.dart:10:3)
::            #1      _runBuild (package:flutter_tools/src/linux/build_linux.dart:185:5)
::            <asynchronous suspension>
::            #2      buildLinux (package:flutter_tools/src/linux/build_linux.dart:78:5)
::            <asynchronous suspension>
::            #3      BuildLinuxCommand.runCommand (package:flutter_tools/src/commands/build_linux.dart:85:5)
::            <asynchronous suspension>
::            #4      FlutterCommand.run.<anonymous closure> (package:flutter_tools/src/runner/flutter_command.dart:1209:27)
::            <asynchronous suspension>
::            #5      AppContext.run.<anonymous closure> (package:flutter_tools/src/base/context.dart:150:19)
::            <asynchronous suspension>
::            #6      CommandRunner.runCommand (package:args/command_runner.dart:209:13)
::            <asynchronous suspension>
::            #7      FlutterCommandRunner.runCommand.<anonymous closure> (package:flutter_tools/src/runner/flutter_command_runner.dart:281:9)
::            <asynchronous suspension>
::            #8      AppContext.run.<anonymous closure> (package:flutter_tools/src/base/context.dart:150:19)
::            <asynchronous suspension>
::            #9      FlutterCommandRunner.runCommand (package:flutter_tools/src/runner/flutter_command_runner.dart:229:5)
::            <asynchronous suspension>
::            #10     run.<anonymous closure>.<anonymous closure> (package:flutter_tools/runner.dart:62:9)
::            <asynchronous suspension>
::            #11     AppContext.run.<anonymous closure> (package:flutter_tools/src/base/context.dart:150:19)
::            <asynchronous suspension>
::            #12     main (package:flutter_tools/executable.dart:91:3)
::            <asynchronous suspension>
::
::
:: [   +4 ms] ensureAnalyticsSent: 0ms
:: [        ] Running shutdown hooks
:: [        ] Shutdown hooks complete
:: [        ] exiting with code 1
'override-build' in part 'gui' failed with code 1.
Review the scriptlet and make sure it's correct.
Full execution log: '/root/.local/state/snapcraft/log/snapcraft-20230310-140204.802301.log'
Build failed
Traceback (most recent call last):
  File "/usr/lib/python3/dist-packages/lpbuildd/target/build_snap.py", line 269, in run
    self.build()
  File "/usr/lib/python3/dist-packages/lpbuildd/target/build_snap.py", line 253, in build
    self.run_build_command(["snapcraft"], cwd=output_path, env=env)
  File "/usr/lib/python3/dist-packages/lpbuildd/target/operation.py", line 62, in run_build_command
    return self.backend.run(args, cwd=cwd, env=full_env, **kwargs)
  File "/usr/lib/python3/dist-packages/lpbuildd/target/lxd.py", line 730, in run
    subprocess.check_call(cmd, **kwargs)
  File "/usr/lib/python3.8/subprocess.py", line 364, in check_call
    raise CalledProcessError(retcode, cmd)
subprocess.CalledProcessError: Command '['lxc', 'exec', 'lp-jammy-amd64', '--env', 'LANG=C.UTF-8', '--env', 'SHELL=/bin/sh', '--env', 'http_proxy=http://10.10.10.1:8222/', '--env', 'https_proxy=http://10.10.10.1:8222/', '--env', 'GIT_PROXY_COMMAND=/usr/local/bin/lpbuildd-git-proxy', '--env', 'SNAPPY_STORE_NO_CDN=1', '--env', 'SNAPCRAFT_BUILD_INFO=1', '--env', 'SNAPCRAFT_IMAGE_INFO={"build-request-id": "lp-77999218", "build-request-timestamp": "2023-03-10T13:58:30Z", "build_url": "https://launchpad.net/~koifresh/+snap/snapcraft-dieklingel-core-6c6f6b04f7583fd50650b0deab434ba4/+build/2046795"}', '--env', 'SNAPCRAFT_BUILD_ENVIRONMENT=host', '--env', 'SNAPCRAFT_BUILD_FOR=amd64', '--', '/bin/sh', '-c', 'cd /build/snapcraft-dieklingel-core-6c6f6b04f7583fd50650b0deab434ba4 && linux64 snapcraft']' returned non-zero exit status 1.
Revoking proxy token...
RUN: /usr/share/launchpad-buildd/bin/in-target scan-for-processes --backend=lxd --series=jammy --arch=amd64 SNAPBUILD-2046795
Scanning for processes to kill in build SNAPBUILD-2046795
